------------------------------------------------------------------------------------------------------------------------

[2022-12-22 21:05:14 #1 store] 
Database 'C:\Users\rasob\git\Acceso_a_Datos\Acceso_a_datos1112\db\socios.odb' is opened by 5384@DESKTOP-VBGA2K2

[2022-12-22 21:05:14 #2 store] 
Configuration path: ?

[2022-12-22 21:05:14 #3 type] 
Type ud5_sesion4.Socio is not enhanced.

[2022-12-22 21:05:15 #4 store] 
Database 'C:\Users\rasob\git\Acceso_a_Datos\Acceso_a_datos1112\db\socios.odb' is closed by 5384@DESKTOP-VBGA2K2

[2022-12-22 21:05:16 #5 store] 
Database 'C:\Users\rasob\git\Acceso_a_Datos\Acceso_a_datos1112\db\socios.odb' is opened by 5384@DESKTOP-VBGA2K2

[2022-12-22 21:05:16 #6 store] 
Configuration path: ?

[2022-12-22 21:05:16 #7 store] 
Database 'C:\Users\rasob\git\Acceso_a_Datos\Acceso_a_datos1112\db\socios.odb' is closed by 5384@DESKTOP-VBGA2K2

[2022-12-22 21:05:18 #8 store] 
Database 'C:\Users\rasob\git\Acceso_a_Datos\Acceso_a_datos1112\db\socios.odb' is opened by 5384@DESKTOP-VBGA2K2

[2022-12-22 21:05:18 #9 store] 
Configuration path: ?

[2022-12-22 21:05:18 #10 store] 
Database 'C:\Users\rasob\git\Acceso_a_Datos\Acceso_a_datos1112\db\socios.odb' is closed by 5384@DESKTOP-VBGA2K2

[2022-12-22 21:05:18 #11 store] 
Database 'C:\Users\rasob\git\Acceso_a_Datos\Acceso_a_datos1112\db\socios.odb' is opened by 5384@DESKTOP-VBGA2K2

[2022-12-22 21:05:18 #12 store] 
Configuration path: ?

[2022-12-22 21:05:18 #13 store] 
Database 'C:\Users\rasob\git\Acceso_a_Datos\Acceso_a_datos1112\db\socios.odb' is closed by 5384@DESKTOP-VBGA2K2

[2022-12-22 21:05:21 #14 store] 
Database 'C:\Users\rasob\git\Acceso_a_Datos\Acceso_a_datos1112\db\socios.odb' is opened by 5384@DESKTOP-VBGA2K2

[2022-12-22 21:05:21 #15 store] 
Configuration path: ?

[2022-12-22 21:05:21 #16 store] 
Database 'C:\Users\rasob\git\Acceso_a_Datos\Acceso_a_datos1112\db\socios.odb' is closed by 5384@DESKTOP-VBGA2K2

[2022-12-22 21:05:23 #17 store] 
Database 'C:\Users\rasob\git\Acceso_a_Datos\Acceso_a_datos1112\db\socios.odb' is opened by 5384@DESKTOP-VBGA2K2

[2022-12-22 21:05:23 #18 store] 
Configuration path: ?

[2022-12-22 21:05:24 #19 store] 
Database 'C:\Users\rasob\git\Acceso_a_Datos\Acceso_a_datos1112\db\socios.odb' is closed by 5384@DESKTOP-VBGA2K2

[2022-12-22 21:05:29 #20 store] 
Database 'C:\Users\rasob\git\Acceso_a_Datos\Acceso_a_datos1112\db\socios.odb' is opened by 5384@DESKTOP-VBGA2K2

[2022-12-22 21:05:29 #21 store] 
Configuration path: ?

------------------------------------------------------------------------------------------------------------------------

[2022-12-22 21:06:10 #1 store] 
Database 'C:\Users\rasob\git\Acceso_a_Datos\Acceso_a_datos1112\db\socios.odb' is opened by 20036@DESKTOP-VBGA2K2

[2022-12-22 21:06:10 #2 store] 
Configuration path: ?

[2022-12-22 21:06:10 #3 type] 
Type ud5_sesion4.Socio is not enhanced.

[2022-12-22 21:06:10 #4 store] 
Database 'C:\Users\rasob\git\Acceso_a_Datos\Acceso_a_datos1112\db\socios.odb' is closed by 20036@DESKTOP-VBGA2K2

[2022-12-22 21:06:16 #5 store] 
Database 'C:\Users\rasob\git\Acceso_a_Datos\Acceso_a_datos1112\db\socios.odb' is opened by 20036@DESKTOP-VBGA2K2

[2022-12-22 21:06:16 #6 store] 
Configuration path: ?

[2022-12-22 21:06:16 #7 store] 
Database 'C:\Users\rasob\git\Acceso_a_Datos\Acceso_a_datos1112\db\socios.odb' is closed by 20036@DESKTOP-VBGA2K2

[2022-12-22 21:06:17 #8 store] 
Database 'C:\Users\rasob\git\Acceso_a_Datos\Acceso_a_datos1112\db\socios.odb' is opened by 20036@DESKTOP-VBGA2K2

[2022-12-22 21:06:17 #9 store] 
Configuration path: ?

[2022-12-22 21:06:17 #10 store] 
Database 'C:\Users\rasob\git\Acceso_a_Datos\Acceso_a_datos1112\db\socios.odb' is closed by 20036@DESKTOP-VBGA2K2

[2022-12-22 21:06:17 #11 store] 
Database 'C:\Users\rasob\git\Acceso_a_Datos\Acceso_a_datos1112\db\socios.odb' is opened by 20036@DESKTOP-VBGA2K2

[2022-12-22 21:06:17 #12 store] 
Configuration path: ?

[2022-12-22 21:06:17 #13 store] 
Database 'C:\Users\rasob\git\Acceso_a_Datos\Acceso_a_datos1112\db\socios.odb' is closed by 20036@DESKTOP-VBGA2K2

[2022-12-22 21:06:18 #14 store] 
Database 'C:\Users\rasob\git\Acceso_a_Datos\Acceso_a_datos1112\db\socios.odb' is opened by 20036@DESKTOP-VBGA2K2

[2022-12-22 21:06:18 #15 store] 
Configuration path: ?

[2022-12-22 21:06:18 #16 store] 
Database 'C:\Users\rasob\git\Acceso_a_Datos\Acceso_a_datos1112\db\socios.odb' is closed by 20036@DESKTOP-VBGA2K2

[2022-12-22 21:06:18 #17 store] 
Database 'C:\Users\rasob\git\Acceso_a_Datos\Acceso_a_datos1112\db\socios.odb' is opened by 20036@DESKTOP-VBGA2K2

[2022-12-22 21:06:18 #18 store] 
Configuration path: ?

[2022-12-22 21:06:18 #19 store] 
Database 'C:\Users\rasob\git\Acceso_a_Datos\Acceso_a_datos1112\db\socios.odb' is closed by 20036@DESKTOP-VBGA2K2

------------------------------------------------------------------------------------------------------------------------

[2022-12-22 22:12:34 #1 store] 
Database 'C:\Users\rasob\git\Acceso_a_Datos\Acceso_a_datos1112\db\socios.odb' is opened by 10416@DESKTOP-VBGA2K2

[2022-12-22 22:12:34 #2 store] 
Configuration path: ?

[2022-12-22 22:12:34 #3 type] 
Type ud5_sesion4.Socio is not enhanced.

[2022-12-22 22:12:35 #4 store] 
Database 'C:\Users\rasob\git\Acceso_a_Datos\Acceso_a_datos1112\db\socios.odb' is closed by 10416@DESKTOP-VBGA2K2

[2022-12-22 22:12:40 #5 store] 
Database 'C:\Users\rasob\git\Acceso_a_Datos\Acceso_a_datos1112\db\socios.odb' is opened by 10416@DESKTOP-VBGA2K2

[2022-12-22 22:12:40 #6 store] 
Configuration path: ?

[2022-12-22 22:12:41 #7 store] 
Database 'C:\Users\rasob\git\Acceso_a_Datos\Acceso_a_datos1112\db\socios.odb' is closed by 10416@DESKTOP-VBGA2K2

[2022-12-22 22:12:44 #8 store] 
Database 'C:\Users\rasob\git\Acceso_a_Datos\Acceso_a_datos1112\db\socios.odb' is opened by 10416@DESKTOP-VBGA2K2

[2022-12-22 22:12:44 #9 store] 
Configuration path: ?

[2022-12-22 22:12:44 #10 store] 
Database 'C:\Users\rasob\git\Acceso_a_Datos\Acceso_a_datos1112\db\socios.odb' is closed by 10416@DESKTOP-VBGA2K2

[2022-12-22 22:12:44 #11 store] 
Database 'C:\Users\rasob\git\Acceso_a_Datos\Acceso_a_datos1112\db\socios.odb' is opened by 10416@DESKTOP-VBGA2K2

[2022-12-22 22:12:44 #12 store] 
Configuration path: ?

[2022-12-22 22:12:44 #13 store] 
Database 'C:\Users\rasob\git\Acceso_a_Datos\Acceso_a_datos1112\db\socios.odb' is closed by 10416@DESKTOP-VBGA2K2

[2022-12-22 22:12:44 #14 store] 
Database 'C:\Users\rasob\git\Acceso_a_Datos\Acceso_a_datos1112\db\socios.odb' is opened by 10416@DESKTOP-VBGA2K2

[2022-12-22 22:12:44 #15 store] 
Configuration path: ?

[2022-12-22 22:12:44 #16 store] 
Database 'C:\Users\rasob\git\Acceso_a_Datos\Acceso_a_datos1112\db\socios.odb' is closed by 10416@DESKTOP-VBGA2K2

[2022-12-22 22:12:44 #17 store] 
Database 'C:\Users\rasob\git\Acceso_a_Datos\Acceso_a_datos1112\db\socios.odb' is opened by 10416@DESKTOP-VBGA2K2

[2022-12-22 22:12:44 #18 store] 
Configuration path: ?

[2022-12-22 22:12:44 #19 store] 
Database 'C:\Users\rasob\git\Acceso_a_Datos\Acceso_a_datos1112\db\socios.odb' is closed by 10416@DESKTOP-VBGA2K2

[2022-12-22 22:12:44 #20 store] 
Database 'C:\Users\rasob\git\Acceso_a_Datos\Acceso_a_datos1112\db\socios.odb' is opened by 10416@DESKTOP-VBGA2K2

[2022-12-22 22:12:44 #21 store] 
Configuration path: ?

[2022-12-22 22:12:44 #22 store] 
Database 'C:\Users\rasob\git\Acceso_a_Datos\Acceso_a_datos1112\db\socios.odb' is closed by 10416@DESKTOP-VBGA2K2

[2022-12-22 22:12:44 #23 store] 
Database 'C:\Users\rasob\git\Acceso_a_Datos\Acceso_a_datos1112\db\socios.odb' is opened by 10416@DESKTOP-VBGA2K2

[2022-12-22 22:12:44 #24 store] 
Configuration path: ?

[2022-12-22 22:12:44 #25 store] 
Database 'C:\Users\rasob\git\Acceso_a_Datos\Acceso_a_datos1112\db\socios.odb' is closed by 10416@DESKTOP-VBGA2K2

[2022-12-22 22:12:44 #26 store] 
Database 'C:\Users\rasob\git\Acceso_a_Datos\Acceso_a_datos1112\db\socios.odb' is opened by 10416@DESKTOP-VBGA2K2

[2022-12-22 22:12:44 #27 store] 
Configuration path: ?

[2022-12-22 22:12:44 #28 store] 
Database 'C:\Users\rasob\git\Acceso_a_Datos\Acceso_a_datos1112\db\socios.odb' is closed by 10416@DESKTOP-VBGA2K2

[2022-12-22 22:12:45 #29 store] 
Database 'C:\Users\rasob\git\Acceso_a_Datos\Acceso_a_datos1112\db\socios.odb' is opened by 10416@DESKTOP-VBGA2K2

[2022-12-22 22:12:45 #30 store] 
Configuration path: ?

[2022-12-22 22:12:45 #31 store] 
Database 'C:\Users\rasob\git\Acceso_a_Datos\Acceso_a_datos1112\db\socios.odb' is closed by 10416@DESKTOP-VBGA2K2

[2022-12-22 22:13:01 #32 store] 
Database 'C:\Users\rasob\git\Acceso_a_Datos\Acceso_a_datos1112\db\socios.odb' is opened by 10416@DESKTOP-VBGA2K2

[2022-12-22 22:13:01 #33 store] 
Configuration path: ?

[2022-12-22 22:13:01 #34 store] 
Database 'C:\Users\rasob\git\Acceso_a_Datos\Acceso_a_datos1112\db\socios.odb' is closed by 10416@DESKTOP-VBGA2K2

[2022-12-22 22:13:10 #35 store] 
Database 'C:\Users\rasob\git\Acceso_a_Datos\Acceso_a_datos1112\db\socios.odb' is opened by 10416@DESKTOP-VBGA2K2

[2022-12-22 22:13:10 #36 store] 
Configuration path: ?

[2022-12-22 22:13:10 #37 store] 
Database 'C:\Users\rasob\git\Acceso_a_Datos\Acceso_a_datos1112\db\socios.odb' is closed by 10416@DESKTOP-VBGA2K2

[2022-12-22 22:13:11 #38 store] 
Database 'C:\Users\rasob\git\Acceso_a_Datos\Acceso_a_datos1112\db\socios.odb' is opened by 10416@DESKTOP-VBGA2K2

[2022-12-22 22:13:11 #39 store] 
Configuration path: ?

[2022-12-22 22:13:11 #40 store] 
Database 'C:\Users\rasob\git\Acceso_a_Datos\Acceso_a_datos1112\db\socios.odb' is closed by 10416@DESKTOP-VBGA2K2

[2022-12-22 22:13:11 #41 store] 
Database 'C:\Users\rasob\git\Acceso_a_Datos\Acceso_a_datos1112\db\socios.odb' is opened by 10416@DESKTOP-VBGA2K2

[2022-12-22 22:13:11 #42 store] 
Configuration path: ?

[2022-12-22 22:13:11 #43 store] 
Database 'C:\Users\rasob\git\Acceso_a_Datos\Acceso_a_datos1112\db\socios.odb' is closed by 10416@DESKTOP-VBGA2K2

[2022-12-22 22:13:11 #44 store] 
Database 'C:\Users\rasob\git\Acceso_a_Datos\Acceso_a_datos1112\db\socios.odb' is opened by 10416@DESKTOP-VBGA2K2

[2022-12-22 22:13:11 #45 store] 
Configuration path: ?

[2022-12-22 22:13:11 #46 store] 
Database 'C:\Users\rasob\git\Acceso_a_Datos\Acceso_a_datos1112\db\socios.odb' is closed by 10416@DESKTOP-VBGA2K2

[2022-12-22 22:13:11 #47 store] 
Database 'C:\Users\rasob\git\Acceso_a_Datos\Acceso_a_datos1112\db\socios.odb' is opened by 10416@DESKTOP-VBGA2K2

[2022-12-22 22:13:11 #48 store] 
Configuration path: ?

[2022-12-22 22:13:11 #49 store] 
Database 'C:\Users\rasob\git\Acceso_a_Datos\Acceso_a_datos1112\db\socios.odb' is closed by 10416@DESKTOP-VBGA2K2

[2022-12-22 22:13:11 #50 store] 
Database 'C:\Users\rasob\git\Acceso_a_Datos\Acceso_a_datos1112\db\socios.odb' is opened by 10416@DESKTOP-VBGA2K2

[2022-12-22 22:13:11 #51 store] 
Configuration path: ?

[2022-12-22 22:13:11 #52 store] 
Database 'C:\Users\rasob\git\Acceso_a_Datos\Acceso_a_datos1112\db\socios.odb' is closed by 10416@DESKTOP-VBGA2K2

[2022-12-22 22:13:12 #53 store] 
Database 'C:\Users\rasob\git\Acceso_a_Datos\Acceso_a_datos1112\db\socios.odb' is opened by 10416@DESKTOP-VBGA2K2

[2022-12-22 22:13:12 #54 store] 
Configuration path: ?

[2022-12-22 22:13:12 #55 store] 
Database 'C:\Users\rasob\git\Acceso_a_Datos\Acceso_a_datos1112\db\socios.odb' is closed by 10416@DESKTOP-VBGA2K2

[2022-12-22 22:13:12 #56 store] 
Database 'C:\Users\rasob\git\Acceso_a_Datos\Acceso_a_datos1112\db\socios.odb' is opened by 10416@DESKTOP-VBGA2K2

[2022-12-22 22:13:12 #57 store] 
Configuration path: ?

[2022-12-22 22:13:12 #58 store] 
Database 'C:\Users\rasob\git\Acceso_a_Datos\Acceso_a_datos1112\db\socios.odb' is closed by 10416@DESKTOP-VBGA2K2

------------------------------------------------------------------------------------------------------------------------

[2022-12-22 22:15:43 #1 store] 
Database 'C:\Users\rasob\git\Acceso_a_Datos\Acceso_a_datos1112\db\socios.odb' is opened by 6796@DESKTOP-VBGA2K2

[2022-12-22 22:15:43 #2 store] 
Configuration path: ?

[2022-12-22 22:15:43 #3 type] 
Type ud5_sesion4.Socio is not enhanced.

[2022-12-22 22:15:43 #4 store] 
Database 'C:\Users\rasob\git\Acceso_a_Datos\Acceso_a_datos1112\db\socios.odb' is closed by 6796@DESKTOP-VBGA2K2

------------------------------------------------------------------------------------------------------------------------

[2022-12-22 22:16:27 #1 store] 
Database 'C:\Users\rasob\git\Acceso_a_Datos\Acceso_a_datos1112\db\socios.odb' is opened by 18936@DESKTOP-VBGA2K2

[2022-12-22 22:16:27 #2 store] 
Configuration path: ?

[2022-12-22 22:16:27 #3 type] 
Type ud5_sesion4.Socio is not enhanced.

[2022-12-22 22:16:27 #4 store] 
Database 'C:\Users\rasob\git\Acceso_a_Datos\Acceso_a_datos1112\db\socios.odb' is closed by 18936@DESKTOP-VBGA2K2

[2022-12-22 22:16:29 #5 store] 
Database 'C:\Users\rasob\git\Acceso_a_Datos\Acceso_a_datos1112\db\socios.odb' is opened by 18936@DESKTOP-VBGA2K2

[2022-12-22 22:16:29 #6 store] 
Configuration path: ?

[2022-12-22 22:16:29 #7 store] 
Database 'C:\Users\rasob\git\Acceso_a_Datos\Acceso_a_datos1112\db\socios.odb' is closed by 18936@DESKTOP-VBGA2K2

[2022-12-22 22:16:38 #8 store] 
Database 'C:\Users\rasob\git\Acceso_a_Datos\Acceso_a_datos1112\db\socios.odb' is opened by 18936@DESKTOP-VBGA2K2

[2022-12-22 22:16:38 #9 store] 
Configuration path: ?

[2022-12-22 22:16:38 #10 store] 
Database 'C:\Users\rasob\git\Acceso_a_Datos\Acceso_a_datos1112\db\socios.odb' is closed by 18936@DESKTOP-VBGA2K2

[2022-12-22 22:16:38 #11 store] 
Database 'C:\Users\rasob\git\Acceso_a_Datos\Acceso_a_datos1112\db\socios.odb' is opened by 18936@DESKTOP-VBGA2K2

[2022-12-22 22:16:38 #12 store] 
Configuration path: ?

[2022-12-22 22:16:38 #13 store] 
Database 'C:\Users\rasob\git\Acceso_a_Datos\Acceso_a_datos1112\db\socios.odb' is closed by 18936@DESKTOP-VBGA2K2

[2022-12-22 22:16:38 #14 store] 
Database 'C:\Users\rasob\git\Acceso_a_Datos\Acceso_a_datos1112\db\socios.odb' is opened by 18936@DESKTOP-VBGA2K2

[2022-12-22 22:16:38 #15 store] 
Configuration path: ?

[2022-12-22 22:16:38 #16 store] 
Database 'C:\Users\rasob\git\Acceso_a_Datos\Acceso_a_datos1112\db\socios.odb' is closed by 18936@DESKTOP-VBGA2K2

[2022-12-22 22:16:38 #17 store] 
Database 'C:\Users\rasob\git\Acceso_a_Datos\Acceso_a_datos1112\db\socios.odb' is opened by 18936@DESKTOP-VBGA2K2

[2022-12-22 22:16:38 #18 store] 
Configuration path: ?

[2022-12-22 22:16:38 #19 store] 
Database 'C:\Users\rasob\git\Acceso_a_Datos\Acceso_a_datos1112\db\socios.odb' is closed by 18936@DESKTOP-VBGA2K2

[2022-12-22 22:16:38 #20 store] 
Database 'C:\Users\rasob\git\Acceso_a_Datos\Acceso_a_datos1112\db\socios.odb' is opened by 18936@DESKTOP-VBGA2K2

[2022-12-22 22:16:38 #21 store] 
Configuration path: ?

[2022-12-22 22:16:38 #22 store] 
Database 'C:\Users\rasob\git\Acceso_a_Datos\Acceso_a_datos1112\db\socios.odb' is closed by 18936@DESKTOP-VBGA2K2

[2022-12-22 22:16:38 #23 store] 
Database 'C:\Users\rasob\git\Acceso_a_Datos\Acceso_a_datos1112\db\socios.odb' is opened by 18936@DESKTOP-VBGA2K2

[2022-12-22 22:16:38 #24 store] 
Configuration path: ?

[2022-12-22 22:16:38 #25 store] 
Database 'C:\Users\rasob\git\Acceso_a_Datos\Acceso_a_datos1112\db\socios.odb' is closed by 18936@DESKTOP-VBGA2K2

[2022-12-22 22:16:39 #26 store] 
Database 'C:\Users\rasob\git\Acceso_a_Datos\Acceso_a_datos1112\db\socios.odb' is opened by 18936@DESKTOP-VBGA2K2

[2022-12-22 22:16:39 #27 store] 
Configuration path: ?

[2022-12-22 22:16:39 #28 store] 
Database 'C:\Users\rasob\git\Acceso_a_Datos\Acceso_a_datos1112\db\socios.odb' is closed by 18936@DESKTOP-VBGA2K2

[2022-12-22 22:16:39 #29 store] 
Database 'C:\Users\rasob\git\Acceso_a_Datos\Acceso_a_datos1112\db\socios.odb' is opened by 18936@DESKTOP-VBGA2K2

[2022-12-22 22:16:39 #30 store] 
Configuration path: ?

[2022-12-22 22:16:39 #31 store] 
Database 'C:\Users\rasob\git\Acceso_a_Datos\Acceso_a_datos1112\db\socios.odb' is closed by 18936@DESKTOP-VBGA2K2

[2022-12-22 22:16:39 #32 store] 
Database 'C:\Users\rasob\git\Acceso_a_Datos\Acceso_a_datos1112\db\socios.odb' is opened by 18936@DESKTOP-VBGA2K2

[2022-12-22 22:16:39 #33 store] 
Configuration path: ?

[2022-12-22 22:16:39 #34 store] 
Database 'C:\Users\rasob\git\Acceso_a_Datos\Acceso_a_datos1112\db\socios.odb' is closed by 18936@DESKTOP-VBGA2K2

[2022-12-22 22:16:40 #35 store] 
Database 'C:\Users\rasob\git\Acceso_a_Datos\Acceso_a_datos1112\db\socios.odb' is opened by 18936@DESKTOP-VBGA2K2

[2022-12-22 22:16:40 #36 store] 
Configuration path: ?

[2022-12-22 22:16:41 #37 store] 
Database 'C:\Users\rasob\git\Acceso_a_Datos\Acceso_a_datos1112\db\socios.odb' is closed by 18936@DESKTOP-VBGA2K2

[2022-12-22 22:16:47 #38 store] 
Database 'C:\Users\rasob\git\Acceso_a_Datos\Acceso_a_datos1112\db\socios.odb' is opened by 18936@DESKTOP-VBGA2K2

[2022-12-22 22:16:47 #39 store] 
Configuration path: ?

[2022-12-22 22:16:47 #40 store] 
Database 'C:\Users\rasob\git\Acceso_a_Datos\Acceso_a_datos1112\db\socios.odb' is closed by 18936@DESKTOP-VBGA2K2

[2022-12-22 22:16:50 #41 store] 
Database 'C:\Users\rasob\git\Acceso_a_Datos\Acceso_a_datos1112\db\socios.odb' is opened by 18936@DESKTOP-VBGA2K2

[2022-12-22 22:16:50 #42 store] 
Configuration path: ?

[2022-12-22 22:16:50 #43 store] 
Database 'C:\Users\rasob\git\Acceso_a_Datos\Acceso_a_datos1112\db\socios.odb' is closed by 18936@DESKTOP-VBGA2K2

------------------------------------------------------------------------------------------------------------------------

[2022-12-22 22:19:28 #1 store] 
Database 'C:\Users\rasob\git\Acceso_a_Datos\Acceso_a_datos1112\db\socios.odb' is opened by 20404@DESKTOP-VBGA2K2

[2022-12-22 22:19:28 #2 store] 
Configuration path: ?

[2022-12-22 22:19:29 #3 type] 
Type ud5_sesion4.Socio is not enhanced.

[2022-12-22 22:19:29 #4 store] 
Database 'C:\Users\rasob\git\Acceso_a_Datos\Acceso_a_datos1112\db\socios.odb' is closed by 20404@DESKTOP-VBGA2K2

------------------------------------------------------------------------------------------------------------------------

[2022-12-22 22:20:04 #1 store] 
Database 'C:\Users\rasob\git\Acceso_a_Datos\Acceso_a_datos1112\db\socios.odb' is opened by 8312@DESKTOP-VBGA2K2

[2022-12-22 22:20:04 #2 store] 
Configuration path: ?

[2022-12-22 22:20:04 #3 type] 
Type ud5_sesion4.Socio is not enhanced.

[2022-12-22 22:20:05 #4 store] 
Database 'C:\Users\rasob\git\Acceso_a_Datos\Acceso_a_datos1112\db\socios.odb' is closed by 8312@DESKTOP-VBGA2K2

[2022-12-22 22:20:07 #5 store] 
Database 'C:\Users\rasob\git\Acceso_a_Datos\Acceso_a_datos1112\db\socios.odb' is opened by 8312@DESKTOP-VBGA2K2

[2022-12-22 22:20:07 #6 store] 
Configuration path: ?

[2022-12-22 22:20:07 #7 store] 
Database 'C:\Users\rasob\git\Acceso_a_Datos\Acceso_a_datos1112\db\socios.odb' is closed by 8312@DESKTOP-VBGA2K2

[2022-12-22 22:20:10 #8 store] 
Database 'C:\Users\rasob\git\Acceso_a_Datos\Acceso_a_datos1112\db\socios.odb' is opened by 8312@DESKTOP-VBGA2K2

[2022-12-22 22:20:10 #9 store] 
Configuration path: ?

[2022-12-22 22:20:10 #10 store] 
Database 'C:\Users\rasob\git\Acceso_a_Datos\Acceso_a_datos1112\db\socios.odb' is closed by 8312@DESKTOP-VBGA2K2

[2022-12-22 22:20:10 #11 store] 
Database 'C:\Users\rasob\git\Acceso_a_Datos\Acceso_a_datos1112\db\socios.odb' is opened by 8312@DESKTOP-VBGA2K2

[2022-12-22 22:20:10 #12 store] 
Configuration path: ?

[2022-12-22 22:20:10 #13 store] 
Database 'C:\Users\rasob\git\Acceso_a_Datos\Acceso_a_datos1112\db\socios.odb' is closed by 8312@DESKTOP-VBGA2K2

[2022-12-22 22:20:11 #14 store] 
Database 'C:\Users\rasob\git\Acceso_a_Datos\Acceso_a_datos1112\db\socios.odb' is opened by 8312@DESKTOP-VBGA2K2

[2022-12-22 22:20:11 #15 store] 
Configuration path: ?

[2022-12-22 22:20:11 #16 store] 
Database 'C:\Users\rasob\git\Acceso_a_Datos\Acceso_a_datos1112\db\socios.odb' is closed by 8312@DESKTOP-VBGA2K2

[2022-12-22 22:20:11 #17 store] 
Database 'C:\Users\rasob\git\Acceso_a_Datos\Acceso_a_datos1112\db\socios.odb' is opened by 8312@DESKTOP-VBGA2K2

[2022-12-22 22:20:11 #18 store] 
Configuration path: ?

[2022-12-22 22:20:11 #19 store] 
Database 'C:\Users\rasob\git\Acceso_a_Datos\Acceso_a_datos1112\db\socios.odb' is closed by 8312@DESKTOP-VBGA2K2

[2022-12-22 22:20:12 #20 store] 
Database 'C:\Users\rasob\git\Acceso_a_Datos\Acceso_a_datos1112\db\socios.odb' is opened by 8312@DESKTOP-VBGA2K2

[2022-12-22 22:20:12 #21 store] 
Configuration path: ?

[2022-12-22 22:20:12 #22 store] 
Database 'C:\Users\rasob\git\Acceso_a_Datos\Acceso_a_datos1112\db\socios.odb' is closed by 8312@DESKTOP-VBGA2K2

[2022-12-22 22:20:13 #23 store] 
Database 'C:\Users\rasob\git\Acceso_a_Datos\Acceso_a_datos1112\db\socios.odb' is opened by 8312@DESKTOP-VBGA2K2

[2022-12-22 22:20:13 #24 store] 
Configuration path: ?

[2022-12-22 22:20:13 #25 store] 
Database 'C:\Users\rasob\git\Acceso_a_Datos\Acceso_a_datos1112\db\socios.odb' is closed by 8312@DESKTOP-VBGA2K2

[2022-12-22 22:20:21 #26 store] 
Database 'C:\Users\rasob\git\Acceso_a_Datos\Acceso_a_datos1112\db\socios.odb' is opened by 8312@DESKTOP-VBGA2K2

[2022-12-22 22:20:21 #27 store] 
Configuration path: ?

[2022-12-22 22:20:21 #28 store] 
Database 'C:\Users\rasob\git\Acceso_a_Datos\Acceso_a_datos1112\db\socios.odb' is closed by 8312@DESKTOP-VBGA2K2

[2022-12-22 22:20:25 #29 store] 
Database 'C:\Users\rasob\git\Acceso_a_Datos\Acceso_a_datos1112\db\socios.odb' is opened by 8312@DESKTOP-VBGA2K2

[2022-12-22 22:20:25 #30 store] 
Configuration path: ?

[2022-12-22 22:20:25 #31 store] 
Database 'C:\Users\rasob\git\Acceso_a_Datos\Acceso_a_datos1112\db\socios.odb' is closed by 8312@DESKTOP-VBGA2K2

------------------------------------------------------------------------------------------------------------------------

[2022-12-22 22:22:15 #1 store] 
Database 'C:\Users\rasob\git\Acceso_a_Datos\Acceso_a_datos1112\db\socios.odb' is opened by 2024@DESKTOP-VBGA2K2

[2022-12-22 22:22:15 #2 store] 
Configuration path: ?

[2022-12-22 22:22:15 #3 type] 
Type ud5_sesion4.Socio is not enhanced.

[2022-12-22 22:22:15 #4 store] 
Database 'C:\Users\rasob\git\Acceso_a_Datos\Acceso_a_datos1112\db\socios.odb' is closed by 2024@DESKTOP-VBGA2K2

[2022-12-22 22:22:15 #5 store] 
Database 'C:\Users\rasob\git\Acceso_a_Datos\Acceso_a_datos1112\db\socios.odb' is opened by 2024@DESKTOP-VBGA2K2

[2022-12-22 22:22:15 #6 store] 
Configuration path: ?

[2022-12-22 22:22:15 #7 store] 
Database 'C:\Users\rasob\git\Acceso_a_Datos\Acceso_a_datos1112\db\socios.odb' is closed by 2024@DESKTOP-VBGA2K2

[2022-12-22 22:22:16 #8 store] 
Database 'C:\Users\rasob\git\Acceso_a_Datos\Acceso_a_datos1112\db\socios.odb' is opened by 2024@DESKTOP-VBGA2K2

[2022-12-22 22:22:16 #9 store] 
Configuration path: ?

[2022-12-22 22:22:16 #10 store] 
Database 'C:\Users\rasob\git\Acceso_a_Datos\Acceso_a_datos1112\db\socios.odb' is closed by 2024@DESKTOP-VBGA2K2

------------------------------------------------------------------------------------------------------------------------

[2022-12-22 22:24:22 #1 store] 
Database 'C:\Users\rasob\git\Acceso_a_Datos\Acceso_a_datos1112\db\socios.odb' is opened by 17776@DESKTOP-VBGA2K2

[2022-12-22 22:24:22 #2 store] 
Configuration path: ?

[2022-12-22 22:24:22 #3 type] 
Type ud5_sesion4.Socio is not enhanced.

[2022-12-22 22:24:22 #4 store] 
Database 'C:\Users\rasob\git\Acceso_a_Datos\Acceso_a_datos1112\db\socios.odb' is closed by 17776@DESKTOP-VBGA2K2

[2022-12-22 22:24:24 #5 store] 
Database 'C:\Users\rasob\git\Acceso_a_Datos\Acceso_a_datos1112\db\socios.odb' is opened by 17776@DESKTOP-VBGA2K2

[2022-12-22 22:24:24 #6 store] 
Configuration path: ?

[2022-12-22 22:24:24 #7 store] 
Database 'C:\Users\rasob\git\Acceso_a_Datos\Acceso_a_datos1112\db\socios.odb' is closed by 17776@DESKTOP-VBGA2K2

------------------------------------------------------------------------------------------------------------------------

[2022-12-22 22:24:57 #1 store] 
Database 'C:\Users\rasob\git\Acceso_a_Datos\Acceso_a_datos1112\db\socios.odb' is opened by 15388@DESKTOP-VBGA2K2

[2022-12-22 22:24:57 #2 store] 
Configuration path: ?

[2022-12-22 22:24:57 #3 type] 
Type ud5_sesion4.Socio is not enhanced.

[2022-12-22 22:24:57 #4 store] 
Database 'C:\Users\rasob\git\Acceso_a_Datos\Acceso_a_datos1112\db\socios.odb' is closed by 15388@DESKTOP-VBGA2K2

[2022-12-22 22:24:58 #5 store] 
Database 'C:\Users\rasob\git\Acceso_a_Datos\Acceso_a_datos1112\db\socios.odb' is opened by 15388@DESKTOP-VBGA2K2

[2022-12-22 22:24:58 #6 store] 
Configuration path: ?

[2022-12-22 22:24:58 #7 store] 
Database 'C:\Users\rasob\git\Acceso_a_Datos\Acceso_a_datos1112\db\socios.odb' is closed by 15388@DESKTOP-VBGA2K2

[2022-12-22 22:25:01 #8 store] 
Database 'C:\Users\rasob\git\Acceso_a_Datos\Acceso_a_datos1112\db\socios.odb' is opened by 15388@DESKTOP-VBGA2K2

[2022-12-22 22:25:01 #9 store] 
Configuration path: ?

[2022-12-22 22:25:02 #10 store] 
Database 'C:\Users\rasob\git\Acceso_a_Datos\Acceso_a_datos1112\db\socios.odb' is closed by 15388@DESKTOP-VBGA2K2

[2022-12-22 22:25:03 #11 store] 
Database 'C:\Users\rasob\git\Acceso_a_Datos\Acceso_a_datos1112\db\socios.odb' is opened by 15388@DESKTOP-VBGA2K2

[2022-12-22 22:25:03 #12 store] 
Configuration path: ?

[2022-12-22 22:25:05 #13 store] 
Database 'C:\Users\rasob\git\Acceso_a_Datos\Acceso_a_datos1112\db\socios.odb' is closed by 15388@DESKTOP-VBGA2K2

[2022-12-22 22:25:09 #14 store] 
Database 'C:\Users\rasob\git\Acceso_a_Datos\Acceso_a_datos1112\db\socios.odb' is opened by 15388@DESKTOP-VBGA2K2

[2022-12-22 22:25:09 #15 store] 
Configuration path: ?

[2022-12-22 22:25:09 #16 store] 
Database 'C:\Users\rasob\git\Acceso_a_Datos\Acceso_a_datos1112\db\socios.odb' is closed by 15388@DESKTOP-VBGA2K2

------------------------------------------------------------------------------------------------------------------------

[2022-12-22 22:25:33 #1 store] 
Database 'C:\Users\rasob\git\Acceso_a_Datos\Acceso_a_datos1112\db\socios.odb' is opened by 19616@DESKTOP-VBGA2K2

[2022-12-22 22:25:33 #2 store] 
Configuration path: ?

[2022-12-22 22:25:33 #3 type] 
Type ud5_sesion4.Socio is not enhanced.

[2022-12-22 22:25:34 #4 store] 
Database 'C:\Users\rasob\git\Acceso_a_Datos\Acceso_a_datos1112\db\socios.odb' is closed by 19616@DESKTOP-VBGA2K2

[2022-12-22 22:25:37 #5 store] 
Database 'C:\Users\rasob\git\Acceso_a_Datos\Acceso_a_datos1112\db\socios.odb' is opened by 19616@DESKTOP-VBGA2K2

[2022-12-22 22:25:37 #6 store] 
Configuration path: ?

[2022-12-22 22:25:37 #7 store] 
Database 'C:\Users\rasob\git\Acceso_a_Datos\Acceso_a_datos1112\db\socios.odb' is closed by 19616@DESKTOP-VBGA2K2

[2022-12-22 22:25:39 #8 store] 
Database 'C:\Users\rasob\git\Acceso_a_Datos\Acceso_a_datos1112\db\socios.odb' is opened by 19616@DESKTOP-VBGA2K2

[2022-12-22 22:25:39 #9 store] 
Configuration path: ?

[2022-12-22 22:25:39 #10 store] 
Database 'C:\Users\rasob\git\Acceso_a_Datos\Acceso_a_datos1112\db\socios.odb' is closed by 19616@DESKTOP-VBGA2K2

[2022-12-22 22:25:42 #11 store] 
Database 'C:\Users\rasob\git\Acceso_a_Datos\Acceso_a_datos1112\db\socios.odb' is opened by 19616@DESKTOP-VBGA2K2

[2022-12-22 22:25:42 #12 store] 
Configuration path: ?

[2022-12-22 22:25:43 #13 store] 
Database 'C:\Users\rasob\git\Acceso_a_Datos\Acceso_a_datos1112\db\socios.odb' is closed by 19616@DESKTOP-VBGA2K2

[2022-12-22 22:25:44 #14 store] 
Database 'C:\Users\rasob\git\Acceso_a_Datos\Acceso_a_datos1112\db\socios.odb' is opened by 19616@DESKTOP-VBGA2K2

[2022-12-22 22:25:44 #15 store] 
Configuration path: ?

[2022-12-22 22:25:44 #16 store] 
Database 'C:\Users\rasob\git\Acceso_a_Datos\Acceso_a_datos1112\db\socios.odb' is closed by 19616@DESKTOP-VBGA2K2

------------------------------------------------------------------------------------------------------------------------

[2022-12-22 22:37:01 #1 store] 
Database 'C:\Users\rasob\git\Acceso_a_Datos\Acceso_a_datos1112\db\socios.odb' is opened by 19156@DESKTOP-VBGA2K2

[2022-12-22 22:37:01 #2 store] 
Configuration path: ?

[2022-12-22 22:37:01 #3 type] 
Type ud5_sesion4.Socio is not enhanced.

[2022-12-22 22:37:02 #4 store] 
Database 'C:\Users\rasob\git\Acceso_a_Datos\Acceso_a_datos1112\db\socios.odb' is closed by 19156@DESKTOP-VBGA2K2

[2022-12-22 22:37:12 #5 store] 
Database 'C:\Users\rasob\git\Acceso_a_Datos\Acceso_a_datos1112\db\socios.odb' is opened by 19156@DESKTOP-VBGA2K2

[2022-12-22 22:37:12 #6 store] 
Configuration path: ?

[2022-12-22 22:37:12 #7 store] 
Database 'C:\Users\rasob\git\Acceso_a_Datos\Acceso_a_datos1112\db\socios.odb' is closed by 19156@DESKTOP-VBGA2K2

[2022-12-22 22:37:15 #8 store] 
Database 'C:\Users\rasob\git\Acceso_a_Datos\Acceso_a_datos1112\db\socios.odb' is opened by 19156@DESKTOP-VBGA2K2

[2022-12-22 22:37:15 #9 store] 
Configuration path: ?

[2022-12-22 22:37:15 #10 store] 
Database 'C:\Users\rasob\git\Acceso_a_Datos\Acceso_a_datos1112\db\socios.odb' is closed by 19156@DESKTOP-VBGA2K2

[2022-12-22 22:37:20 #11 store] 
Database 'C:\Users\rasob\git\Acceso_a_Datos\Acceso_a_datos1112\db\socios.odb' is opened by 19156@DESKTOP-VBGA2K2

[2022-12-22 22:37:20 #12 store] 
Configuration path: ?

[2022-12-22 22:37:21 #13 store] 
Database 'C:\Users\rasob\git\Acceso_a_Datos\Acceso_a_datos1112\db\socios.odb' is closed by 19156@DESKTOP-VBGA2K2

[2022-12-22 22:37:25 #14 store] 
Database 'C:\Users\rasob\git\Acceso_a_Datos\Acceso_a_datos1112\db\socios.odb' is opened by 19156@DESKTOP-VBGA2K2

[2022-12-22 22:37:25 #15 store] 
Configuration path: ?

[2022-12-22 22:37:25 #16 store] 
Database 'C:\Users\rasob\git\Acceso_a_Datos\Acceso_a_datos1112\db\socios.odb' is closed by 19156@DESKTOP-VBGA2K2

[2022-12-22 22:37:37 #17 store] 
Database 'C:\Users\rasob\git\Acceso_a_Datos\Acceso_a_datos1112\db\socios.odb' is opened by 19156@DESKTOP-VBGA2K2

[2022-12-22 22:37:37 #18 store] 
Configuration path: ?

[2022-12-22 22:37:38 #19 store] 
Database 'C:\Users\rasob\git\Acceso_a_Datos\Acceso_a_datos1112\db\socios.odb' is closed by 19156@DESKTOP-VBGA2K2

[2022-12-22 22:37:39 #20 store] 
Database 'C:\Users\rasob\git\Acceso_a_Datos\Acceso_a_datos1112\db\socios.odb' is opened by 19156@DESKTOP-VBGA2K2

[2022-12-22 22:37:39 #21 store] 
Configuration path: ?

[2022-12-22 22:37:39 #22 store] 
Database 'C:\Users\rasob\git\Acceso_a_Datos\Acceso_a_datos1112\db\socios.odb' is closed by 19156@DESKTOP-VBGA2K2

[2022-12-22 22:37:40 #23 store] 
Database 'C:\Users\rasob\git\Acceso_a_Datos\Acceso_a_datos1112\db\socios.odb' is opened by 19156@DESKTOP-VBGA2K2

[2022-12-22 22:37:40 #24 store] 
Configuration path: ?

[2022-12-22 22:37:41 #25 store] 
Database 'C:\Users\rasob\git\Acceso_a_Datos\Acceso_a_datos1112\db\socios.odb' is closed by 19156@DESKTOP-VBGA2K2

[2022-12-22 22:37:41 #26 store] 
Database 'C:\Users\rasob\git\Acceso_a_Datos\Acceso_a_datos1112\db\socios.odb' is opened by 19156@DESKTOP-VBGA2K2

[2022-12-22 22:37:41 #27 store] 
Configuration path: ?

[2022-12-22 22:37:42 #28 store] 
Database 'C:\Users\rasob\git\Acceso_a_Datos\Acceso_a_datos1112\db\socios.odb' is closed by 19156@DESKTOP-VBGA2K2

[2022-12-22 22:37:42 #29 store] 
Database 'C:\Users\rasob\git\Acceso_a_Datos\Acceso_a_datos1112\db\socios.odb' is opened by 19156@DESKTOP-VBGA2K2

[2022-12-22 22:37:42 #30 store] 
Configuration path: ?

[2022-12-22 22:37:43 #31 store] 
Database 'C:\Users\rasob\git\Acceso_a_Datos\Acceso_a_datos1112\db\socios.odb' is closed by 19156@DESKTOP-VBGA2K2

