------------------------------------------------------------------------------------------------------------------------

[2022-12-14 10:39:47 #1 store] 
Database 'C:\Users\dam2alu13\git\Acceso_a_Datos\Acceso_a_datos1112\db\empleados.odb' is opened by 11020@B01-PC05

[2022-12-14 10:39:47 #2 store] 
Configuration path: ?

[2022-12-14 10:39:47 #3 type] 
Type ud5_sesion3.DepartamentoEntity is not enhanced.

[2022-12-14 10:39:47 #4 type] 
Type ud5_sesion3.EmpleadoEntity is not enhanced.

[2022-12-14 10:39:47 #5 store] 
Database 'C:\Users\dam2alu13\git\Acceso_a_Datos\Acceso_a_datos1112\db\empleados.odb' is closed by 11020@B01-PC05

------------------------------------------------------------------------------------------------------------------------

[2022-12-14 10:41:28 #1 store] 
Database 'C:\Users\dam2alu13\git\Acceso_a_Datos\Acceso_a_datos1112\db\empleados.odb' is opened by 8604@B01-PC05

[2022-12-14 10:41:28 #2 store] 
Configuration path: ?

[2022-12-14 10:41:28 #3 type] 
Type ud5_sesion3.DepartamentoEntity is not enhanced.

[2022-12-14 10:41:28 #4 type] 
Type ud5_sesion3.EmpleadoEntity is not enhanced.

[2022-12-14 10:41:28 #5 store] 
Database 'C:\Users\dam2alu13\git\Acceso_a_Datos\Acceso_a_datos1112\db\empleados.odb' is closed by 8604@B01-PC05

------------------------------------------------------------------------------------------------------------------------

[2022-12-14 10:41:32 #1 store] 
Database 'C:\Users\dam2alu13\git\Acceso_a_Datos\Acceso_a_datos1112\db\empleados.odb' is opened by 2856@B01-PC05

[2022-12-14 10:41:32 #2 store] 
Configuration path: ?

[2022-12-14 10:41:32 #3 type] 
Type ud5_sesion3.DepartamentoEntity is not enhanced.

[2022-12-14 10:41:32 #4 type] 
Type ud5_sesion3.EmpleadoEntity is not enhanced.

------------------------------------------------------------------------------------------------------------------------

[2022-12-14 10:41:40 #1 store] 
Database 'C:\Users\dam2alu13\git\Acceso_a_Datos\Acceso_a_datos1112\db\empleados.odb' is opened by 2448@B01-PC05

[2022-12-14 10:41:40 #2 store] 
Configuration path: ?

[2022-12-14 10:41:40 #3 type] 
Type ud5_sesion3.DepartamentoEntity is not enhanced.

[2022-12-14 10:41:40 #4 type] 
Type ud5_sesion3.EmpleadoEntity is not enhanced.

[2022-12-14 10:41:40 #5 store] 
Database 'C:\Users\dam2alu13\git\Acceso_a_Datos\Acceso_a_datos1112\db\empleados.odb' is closed by 2448@B01-PC05

------------------------------------------------------------------------------------------------------------------------

[2022-12-14 10:42:34 #1 store] 
Database 'C:\Users\dam2alu13\git\Acceso_a_Datos\Acceso_a_datos1112\db\empleados.odb' is opened by 13292@B01-PC05

[2022-12-14 10:42:34 #2 store] 
Configuration path: ?

[2022-12-14 10:42:34 #3 type] 
Type ud5_sesion3.DepartamentoEntity is not enhanced.

[2022-12-14 10:42:34 #4 type] 
Type ud5_sesion3.EmpleadoEntity is not enhanced.

[2022-12-14 10:42:34 #5 store] 
Database 'C:\Users\dam2alu13\git\Acceso_a_Datos\Acceso_a_datos1112\db\empleados.odb' is closed by 13292@B01-PC05

------------------------------------------------------------------------------------------------------------------------

[2022-12-14 10:44:18 #1 store] 
Database 'C:\Users\dam2alu13\git\Acceso_a_Datos\Acceso_a_datos1112\db\empleados.odb' is opened by 12452@B01-PC05

[2022-12-14 10:44:18 #2 store] 
Configuration path: ?

[2022-12-14 10:44:18 #3 type] 
Type ud5_sesion3.DepartamentoEntity is not enhanced.

[2022-12-14 10:44:18 #4 type] 
Type ud5_sesion3.EmpleadoEntity is not enhanced.

[2022-12-14 10:44:18 #5 store] 
Database 'C:\Users\dam2alu13\git\Acceso_a_Datos\Acceso_a_datos1112\db\empleados.odb' is closed by 12452@B01-PC05

------------------------------------------------------------------------------------------------------------------------

[2022-12-14 10:44:33 #1 store] 
Database 'C:\Users\dam2alu13\git\Acceso_a_Datos\Acceso_a_datos1112\db\empleados.odb' is opened by 4532@B01-PC05

[2022-12-14 10:44:33 #2 store] 
Configuration path: ?

[2022-12-14 10:44:33 #3 type] 
Type ud5_sesion3.DepartamentoEntity is not enhanced.

[2022-12-14 10:44:33 #4 type] 
Type ud5_sesion3.EmpleadoEntity is not enhanced.

------------------------------------------------------------------------------------------------------------------------

[2022-12-14 10:44:39 #1 store] 
Database 'C:\Users\dam2alu13\git\Acceso_a_Datos\Acceso_a_datos1112\db\empleados.odb' is opened by 4728@B01-PC05

[2022-12-14 10:44:39 #2 store] 
Configuration path: ?

[2022-12-14 10:44:39 #3 type] 
Type ud5_sesion3.DepartamentoEntity is not enhanced.

[2022-12-14 10:44:39 #4 type] 
Type ud5_sesion3.EmpleadoEntity is not enhanced.

[2022-12-14 10:44:39 #5 store] 
Database 'C:\Users\dam2alu13\git\Acceso_a_Datos\Acceso_a_datos1112\db\empleados.odb' is closed by 4728@B01-PC05

------------------------------------------------------------------------------------------------------------------------

[2022-12-14 10:44:45 #1 store] 
Database 'C:\Users\dam2alu13\git\Acceso_a_Datos\Acceso_a_datos1112\db\empleados.odb' is opened by 10932@B01-PC05

[2022-12-14 10:44:45 #2 store] 
Configuration path: ?

[2022-12-14 10:44:45 #3 type] 
Type ud5_sesion3.DepartamentoEntity is not enhanced.

[2022-12-14 10:44:45 #4 type] 
Type ud5_sesion3.EmpleadoEntity is not enhanced.

[2022-12-14 10:44:45 #5 store] 
Database 'C:\Users\dam2alu13\git\Acceso_a_Datos\Acceso_a_datos1112\db\empleados.odb' is closed by 10932@B01-PC05

------------------------------------------------------------------------------------------------------------------------

[2022-12-14 10:44:51 #1 store] 
Database 'C:\Users\dam2alu13\git\Acceso_a_Datos\Acceso_a_datos1112\db\empleados.odb' is opened by 13220@B01-PC05

[2022-12-14 10:44:51 #2 store] 
Configuration path: ?

[2022-12-14 10:44:51 #3 type] 
Type ud5_sesion3.DepartamentoEntity is not enhanced.

[2022-12-14 10:44:51 #4 type] 
Type ud5_sesion3.EmpleadoEntity is not enhanced.

[2022-12-14 10:44:51 #5 store] 
Database 'C:\Users\dam2alu13\git\Acceso_a_Datos\Acceso_a_datos1112\db\empleados.odb' is closed by 13220@B01-PC05

------------------------------------------------------------------------------------------------------------------------

[2022-12-14 10:45:49 #1 store] 
Database 'C:\Users\dam2alu13\git\Acceso_a_Datos\Acceso_a_datos1112\db\empleados.odb' is opened by 7484@B01-PC05

[2022-12-14 10:45:49 #2 store] 
Configuration path: ?

------------------------------------------------------------------------------------------------------------------------

[2022-12-14 10:45:57 #1 store] 
Database 'C:\Users\dam2alu13\git\Acceso_a_Datos\Acceso_a_datos1112\db\empleados.odb' has been recovered (tr. 1-2)

[2022-12-14 10:45:57 #2 store] 
Database 'C:\Users\dam2alu13\git\Acceso_a_Datos\Acceso_a_datos1112\db\empleados.odb' is opened by 4884@B01-PC05

[2022-12-14 10:45:57 #3 store] 
Configuration path: ?

[2022-12-14 10:45:57 #4 type] 
Type ud5_sesion3.DepartamentoEntity is not enhanced.

[2022-12-14 10:45:57 #5 type] 
Type ud5_sesion3.EmpleadoEntity is not enhanced.

[2022-12-14 10:45:57 #6 store] 
Database 'C:\Users\dam2alu13\git\Acceso_a_Datos\Acceso_a_datos1112\db\empleados.odb' is closed by 4884@B01-PC05

------------------------------------------------------------------------------------------------------------------------

[2022-12-14 10:46:04 #1 store] 
Database 'C:\Users\dam2alu13\git\Acceso_a_Datos\Acceso_a_datos1112\db\empleados.odb' is opened by 5928@B01-PC05

[2022-12-14 10:46:04 #2 store] 
Configuration path: ?

[2022-12-14 10:46:04 #3 type] 
Type ud5_sesion3.DepartamentoEntity is not enhanced.

[2022-12-14 10:46:04 #4 type] 
Type ud5_sesion3.EmpleadoEntity is not enhanced.

[2022-12-14 10:46:04 #5 store] 
Database 'C:\Users\dam2alu13\git\Acceso_a_Datos\Acceso_a_datos1112\db\empleados.odb' is closed by 5928@B01-PC05

------------------------------------------------------------------------------------------------------------------------

[2022-12-14 10:51:57 #1 store] 
Database 'C:\Users\dam2alu13\git\Acceso_a_Datos\Acceso_a_datos1112\db\empleados.odb' is opened by 8540@B01-PC05

[2022-12-14 10:51:57 #2 store] 
Configuration path: ?

[2022-12-14 10:51:57 #3 type] 
Type ud5_sesion3.DepartamentoEntity is not enhanced.

[2022-12-14 10:51:57 #4 type] 
Type ud5_sesion3.EmpleadoEntity is not enhanced.

[2022-12-14 10:51:57 #5 store] 
Database 'C:\Users\dam2alu13\git\Acceso_a_Datos\Acceso_a_datos1112\db\empleados.odb' is closed by 8540@B01-PC05

------------------------------------------------------------------------------------------------------------------------

[2022-12-14 10:52:54 #1 store] 
Database 'C:\Users\dam2alu13\git\Acceso_a_Datos\Acceso_a_datos1112\db\empleados.odb' is opened by 2676@B01-PC05

[2022-12-14 10:52:54 #2 store] 
Configuration path: ?

[2022-12-14 10:52:54 #3 type] 
Type ud5_sesion3.DepartamentoEntity is not enhanced.

[2022-12-14 10:52:54 #4 type] 
Type ud5_sesion3.EmpleadoEntity is not enhanced.

------------------------------------------------------------------------------------------------------------------------

[2022-12-14 10:53:07 #1 store] 
Database 'C:\Users\dam2alu13\git\Acceso_a_Datos\Acceso_a_datos1112\db\empleados.odb' is opened by 9936@B01-PC05

[2022-12-14 10:53:07 #2 store] 
Configuration path: ?

[2022-12-14 10:53:07 #3 type] 
Type ud5_sesion3.DepartamentoEntity is not enhanced.

[2022-12-14 10:53:07 #4 type] 
Type ud5_sesion3.EmpleadoEntity is not enhanced.

[2022-12-14 10:53:07 #5 store] 
Database 'C:\Users\dam2alu13\git\Acceso_a_Datos\Acceso_a_datos1112\db\empleados.odb' is closed by 9936@B01-PC05

------------------------------------------------------------------------------------------------------------------------

[2022-12-14 10:53:22 #1 store] 
Database 'C:\Users\dam2alu13\git\Acceso_a_Datos\Acceso_a_datos1112\db\empleados.odb' is opened by 9260@B01-PC05

[2022-12-14 10:53:22 #2 store] 
Configuration path: ?

[2022-12-14 10:53:22 #3 type] 
Type ud5_sesion3.DepartamentoEntity is not enhanced.

[2022-12-14 10:53:22 #4 type] 
Type ud5_sesion3.EmpleadoEntity is not enhanced.

[2022-12-14 10:53:22 #5 store] 
Database 'C:\Users\dam2alu13\git\Acceso_a_Datos\Acceso_a_datos1112\db\empleados.odb' is closed by 9260@B01-PC05

------------------------------------------------------------------------------------------------------------------------

[2022-12-14 10:53:49 #1 store] 
Database 'C:\Users\dam2alu13\git\Acceso_a_Datos\Acceso_a_datos1112\db\empleados.odb' is opened by 3404@B01-PC05

[2022-12-14 10:53:49 #2 store] 
Configuration path: ?

[2022-12-14 10:53:49 #3 type] 
Type ud5_sesion3.DepartamentoEntity is not enhanced.

[2022-12-14 10:53:49 #4 type] 
Type ud5_sesion3.EmpleadoEntity is not enhanced.

[2022-12-14 10:53:49 #5 store] 
Database 'C:\Users\dam2alu13\git\Acceso_a_Datos\Acceso_a_datos1112\db\empleados.odb' is closed by 3404@B01-PC05

------------------------------------------------------------------------------------------------------------------------

[2022-12-14 10:53:54 #1 store] 
Database 'C:\Users\dam2alu13\git\Acceso_a_Datos\Acceso_a_datos1112\db\empleados.odb' is opened by 3208@B01-PC05

[2022-12-14 10:53:54 #2 store] 
Configuration path: ?

[2022-12-14 10:53:54 #3 type] 
Type ud5_sesion3.DepartamentoEntity is not enhanced.

[2022-12-14 10:53:54 #4 type] 
Type ud5_sesion3.EmpleadoEntity is not enhanced.

[2022-12-14 10:53:54 #5 store] 
Database 'C:\Users\dam2alu13\git\Acceso_a_Datos\Acceso_a_datos1112\db\empleados.odb' is closed by 3208@B01-PC05

------------------------------------------------------------------------------------------------------------------------

[2022-12-14 10:54:06 #1 store] 
Database 'C:\Users\dam2alu13\git\Acceso_a_Datos\Acceso_a_datos1112\db\empleados.odb' is opened by 11672@B01-PC05

[2022-12-14 10:54:06 #2 store] 
Configuration path: ?

[2022-12-14 10:54:06 #3 type] 
Type ud5_sesion3.DepartamentoEntity is not enhanced.

[2022-12-14 10:54:06 #4 type] 
Type ud5_sesion3.EmpleadoEntity is not enhanced.

[2022-12-14 10:54:06 #5 store] 
Database 'C:\Users\dam2alu13\git\Acceso_a_Datos\Acceso_a_datos1112\db\empleados.odb' is closed by 11672@B01-PC05

------------------------------------------------------------------------------------------------------------------------

[2022-12-14 10:57:11 #1 store] 
Database 'C:\Users\dam2alu13\git\Acceso_a_Datos\Acceso_a_datos1112\db\empleados.odb' is opened by 10000@B01-PC05

[2022-12-14 10:57:11 #2 store] 
Configuration path: ?

[2022-12-14 10:57:11 #3 type] 
Type ud5_sesion3.DepartamentoEntity is not enhanced.

[2022-12-14 10:57:11 #4 type] 
Type ud5_sesion3.EmpleadoEntity is not enhanced.

------------------------------------------------------------------------------------------------------------------------

[2022-12-14 10:57:35 #1 store] 
Database 'C:\Users\dam2alu13\git\Acceso_a_Datos\Acceso_a_datos1112\db\empleados.odb' is opened by 6112@B01-PC05

[2022-12-14 10:57:35 #2 store] 
Configuration path: ?

[2022-12-14 10:57:35 #3 type] 
Type ud5_sesion3.DepartamentoEntity is not enhanced.

[2022-12-14 10:57:35 #4 type] 
Type ud5_sesion3.EmpleadoEntity is not enhanced.

------------------------------------------------------------------------------------------------------------------------

[2022-12-14 10:58:54 #1 store] 
Database 'C:\Users\dam2alu13\git\Acceso_a_Datos\Acceso_a_datos1112\db\empleados.odb' is opened by 13208@B01-PC05

[2022-12-14 10:58:54 #2 store] 
Configuration path: ?

[2022-12-14 10:58:54 #3 type] 
Type ud5_sesion3.DepartamentoEntity is not enhanced.

[2022-12-14 10:58:54 #4 type] 
Type ud5_sesion3.EmpleadoEntity is not enhanced.

------------------------------------------------------------------------------------------------------------------------

[2022-12-14 10:59:00 #1 store] 
Database 'C:\Users\dam2alu13\git\Acceso_a_Datos\Acceso_a_datos1112\db\empleados.odb' is opened by 12716@B01-PC05

[2022-12-14 10:59:00 #2 store] 
Configuration path: ?

[2022-12-14 10:59:00 #3 type] 
Type ud5_sesion3.DepartamentoEntity is not enhanced.

[2022-12-14 10:59:00 #4 type] 
Type ud5_sesion3.EmpleadoEntity is not enhanced.

[2022-12-14 10:59:01 #5 store] 
Database 'C:\Users\dam2alu13\git\Acceso_a_Datos\Acceso_a_datos1112\db\empleados.odb' is closed by 12716@B01-PC05

------------------------------------------------------------------------------------------------------------------------

[2022-12-14 11:01:01 #1 store] 
Database 'C:\Users\dam2alu13\git\Acceso_a_Datos\Acceso_a_datos1112\db\empleados.odb' is opened by 2204@B01-PC05

[2022-12-14 11:01:01 #2 store] 
Configuration path: ?

[2022-12-14 11:01:01 #3 type] 
Type ud5_sesion3.DepartamentoEntity is not enhanced.

[2022-12-14 11:01:01 #4 type] 
Type ud5_sesion3.EmpleadoEntity is not enhanced.

------------------------------------------------------------------------------------------------------------------------

[2022-12-14 11:01:06 #1 store] 
Database 'C:\Users\dam2alu13\git\Acceso_a_Datos\Acceso_a_datos1112\db\empleados.odb' is opened by 12732@B01-PC05

[2022-12-14 11:01:06 #2 store] 
Configuration path: ?

[2022-12-14 11:01:06 #3 type] 
Type ud5_sesion3.DepartamentoEntity is not enhanced.

[2022-12-14 11:01:06 #4 type] 
Type ud5_sesion3.EmpleadoEntity is not enhanced.

[2022-12-14 11:01:06 #5 store] 
Database 'C:\Users\dam2alu13\git\Acceso_a_Datos\Acceso_a_datos1112\db\empleados.odb' is closed by 12732@B01-PC05

------------------------------------------------------------------------------------------------------------------------

[2022-12-14 11:02:34 #1 store] 
Database 'C:\Users\dam2alu13\git\Acceso_a_Datos\Acceso_a_datos1112\db\empleados.odb' is opened by 6292@B01-PC05

[2022-12-14 11:02:34 #2 store] 
Configuration path: ?

[2022-12-14 11:02:34 #3 type] 
Type ud5_sesion3.DepartamentoEntity is not enhanced.

[2022-12-14 11:02:34 #4 type] 
Type ud5_sesion3.EmpleadoEntity is not enhanced.

[2022-12-14 11:02:34 #5 store] 
Database 'C:\Users\dam2alu13\git\Acceso_a_Datos\Acceso_a_datos1112\db\empleados.odb' is closed by 6292@B01-PC05

------------------------------------------------------------------------------------------------------------------------

[2022-12-14 11:03:32 #1 store] 
Database 'C:\Users\dam2alu13\git\Acceso_a_Datos\Acceso_a_datos1112\db\empleados.odb' is opened by 420@B01-PC05

[2022-12-14 11:03:32 #2 store] 
Configuration path: ?

[2022-12-14 11:03:32 #3 type] 
Type ud5_sesion3.DepartamentoEntity is not enhanced.

[2022-12-14 11:03:32 #4 type] 
Type ud5_sesion3.EmpleadoEntity is not enhanced.

------------------------------------------------------------------------------------------------------------------------

[2022-12-14 11:04:01 #1 store] 
Database 'C:\Users\dam2alu13\git\Acceso_a_Datos\Acceso_a_datos1112\db\empleados.odb' is opened by 7672@B01-PC05

[2022-12-14 11:04:01 #2 store] 
Configuration path: ?

[2022-12-14 11:04:01 #3 type] 
Type ud5_sesion3.DepartamentoEntity is not enhanced.

[2022-12-14 11:04:01 #4 type] 
Type ud5_sesion3.EmpleadoEntity is not enhanced.

------------------------------------------------------------------------------------------------------------------------

[2022-12-14 11:04:58 #1 store] 
Database 'C:\Users\dam2alu13\git\Acceso_a_Datos\Acceso_a_datos1112\db\empleados.odb' is opened by 8776@B01-PC05

[2022-12-14 11:04:58 #2 store] 
Configuration path: ?

[2022-12-14 11:04:58 #3 type] 
Type ud5_sesion3.DepartamentoEntity is not enhanced.

[2022-12-14 11:04:58 #4 type] 
Type ud5_sesion3.EmpleadoEntity is not enhanced.

------------------------------------------------------------------------------------------------------------------------

[2022-12-14 11:05:37 #1 store] 
Database 'C:\Users\dam2alu13\git\Acceso_a_Datos\Acceso_a_datos1112\db\empleados.odb' is opened by 4000@B01-PC05

[2022-12-14 11:05:37 #2 store] 
Configuration path: ?

[2022-12-14 11:05:37 #3 type] 
Type ud5_sesion3.DepartamentoEntity is not enhanced.

[2022-12-14 11:05:37 #4 type] 
Type ud5_sesion3.EmpleadoEntity is not enhanced.

------------------------------------------------------------------------------------------------------------------------

[2022-12-14 11:05:53 #1 store] 
Database 'C:\Users\dam2alu13\git\Acceso_a_Datos\Acceso_a_datos1112\db\empleados.odb' is opened by 13232@B01-PC05

[2022-12-14 11:05:53 #2 store] 
Configuration path: ?

[2022-12-14 11:05:53 #3 type] 
Type ud5_sesion3.DepartamentoEntity is not enhanced.

[2022-12-14 11:05:53 #4 type] 
Type ud5_sesion3.EmpleadoEntity is not enhanced.

------------------------------------------------------------------------------------------------------------------------

[2022-12-14 11:06:06 #1 store] 
Database 'C:\Users\dam2alu13\git\Acceso_a_Datos\Acceso_a_datos1112\db\empleados.odb' is opened by 4980@B01-PC05

[2022-12-14 11:06:06 #2 store] 
Configuration path: ?

[2022-12-14 11:06:06 #3 type] 
Type ud5_sesion3.DepartamentoEntity is not enhanced.

[2022-12-14 11:06:06 #4 type] 
Type ud5_sesion3.EmpleadoEntity is not enhanced.

[2022-12-14 11:06:06 #5 store] 
Database 'C:\Users\dam2alu13\git\Acceso_a_Datos\Acceso_a_datos1112\db\empleados.odb' is closed by 4980@B01-PC05

------------------------------------------------------------------------------------------------------------------------

[2022-12-14 11:07:26 #1 store] 
Database 'C:\Users\dam2alu13\git\Acceso_a_Datos\Acceso_a_datos1112\db\empleados.odb' is opened by 3708@B01-PC05

[2022-12-14 11:07:26 #2 store] 
Configuration path: ?

[2022-12-14 11:07:27 #3 type] 
Type ud5_sesion3.DepartamentoEntity is not enhanced.

[2022-12-14 11:07:27 #4 type] 
Type ud5_sesion3.EmpleadoEntity is not enhanced.

------------------------------------------------------------------------------------------------------------------------

[2022-12-14 11:08:10 #1 store] 
Database 'C:\Users\dam2alu13\git\Acceso_a_Datos\Acceso_a_datos1112\db\empleados.odb' is opened by 10900@B01-PC05

[2022-12-14 11:08:10 #2 store] 
Configuration path: ?

[2022-12-14 11:08:10 #3 type] 
Type ud5_sesion3.DepartamentoEntity is not enhanced.

[2022-12-14 11:08:10 #4 type] 
Type ud5_sesion3.EmpleadoEntity is not enhanced.

------------------------------------------------------------------------------------------------------------------------

[2022-12-14 11:43:48 #1 store] 
Database 'C:\Users\dam2alu13\git\Acceso_a_Datos\Acceso_a_datos1112\db\empleados.odb' is opened by 2472@B01-PC05

[2022-12-14 11:43:48 #2 store] 
Configuration path: ?

[2022-12-14 11:43:48 #3 type] 
Type ud5_sesion3.DepartamentoEntity is not enhanced.

[2022-12-14 11:43:48 #4 type] 
Type ud5_sesion3.EmpleadoEntity is not enhanced.

------------------------------------------------------------------------------------------------------------------------

[2022-12-14 11:44:28 #1 store] 
Database 'C:\Users\dam2alu13\git\Acceso_a_Datos\Acceso_a_datos1112\db\empleados.odb' is opened by 9872@B01-PC05

[2022-12-14 11:44:28 #2 store] 
Configuration path: ?

[2022-12-14 11:44:28 #3 type] 
Type ud5_sesion3.DepartamentoEntity is not enhanced.

[2022-12-14 11:44:28 #4 type] 
Type ud5_sesion3.EmpleadoEntity is not enhanced.

------------------------------------------------------------------------------------------------------------------------

[2022-12-14 11:44:57 #1 store] 
Database 'C:\Users\dam2alu13\git\Acceso_a_Datos\Acceso_a_datos1112\db\empleados.odb' is opened by 8176@B01-PC05

[2022-12-14 11:44:57 #2 store] 
Configuration path: ?

[2022-12-14 11:44:57 #3 type] 
Type ud5_sesion3.DepartamentoEntity is not enhanced.

[2022-12-14 11:44:57 #4 type] 
Type ud5_sesion3.EmpleadoEntity is not enhanced.

[2022-12-14 11:44:57 #5 store] 
Database 'C:\Users\dam2alu13\git\Acceso_a_Datos\Acceso_a_datos1112\db\empleados.odb' is closed by 8176@B01-PC05

------------------------------------------------------------------------------------------------------------------------

[2022-12-14 11:46:18 #1 store] 
Database 'C:\Users\dam2alu13\git\Acceso_a_Datos\Acceso_a_datos1112\db\empleados.odb' is opened by 5788@B01-PC05

[2022-12-14 11:46:18 #2 store] 
Configuration path: ?

[2022-12-14 11:46:18 #3 type] 
Type ud5_sesion3.DepartamentoEntity is not enhanced.

[2022-12-14 11:46:18 #4 type] 
Type ud5_sesion3.EmpleadoEntity is not enhanced.

[2022-12-14 11:46:18 #5 store] 
Database 'C:\Users\dam2alu13\git\Acceso_a_Datos\Acceso_a_datos1112\db\empleados.odb' is closed by 5788@B01-PC05

------------------------------------------------------------------------------------------------------------------------

[2022-12-14 11:46:22 #1 store] 
Database 'C:\Users\dam2alu13\git\Acceso_a_Datos\Acceso_a_datos1112\db\empleados.odb' is opened by 10660@B01-PC05

[2022-12-14 11:46:22 #2 store] 
Configuration path: ?

[2022-12-14 11:46:22 #3 type] 
Type ud5_sesion3.DepartamentoEntity is not enhanced.

[2022-12-14 11:46:22 #4 type] 
Type ud5_sesion3.EmpleadoEntity is not enhanced.

[2022-12-14 11:46:22 #5 store] 
Database 'C:\Users\dam2alu13\git\Acceso_a_Datos\Acceso_a_datos1112\db\empleados.odb' is closed by 10660@B01-PC05

------------------------------------------------------------------------------------------------------------------------

[2022-12-14 11:46:32 #1 store] 
Database 'C:\Users\dam2alu13\git\Acceso_a_Datos\Acceso_a_datos1112\db\empleados.odb' is opened by 272@B01-PC05

[2022-12-14 11:46:32 #2 store] 
Configuration path: ?

[2022-12-14 11:46:32 #3 type] 
Type ud5_sesion3.DepartamentoEntity is not enhanced.

[2022-12-14 11:46:32 #4 type] 
Type ud5_sesion3.EmpleadoEntity is not enhanced.

[2022-12-14 11:46:32 #5 store] 
Database 'C:\Users\dam2alu13\git\Acceso_a_Datos\Acceso_a_datos1112\db\empleados.odb' is closed by 272@B01-PC05

------------------------------------------------------------------------------------------------------------------------

[2022-12-14 11:46:52 #1 store] 
Database 'C:\Users\dam2alu13\git\Acceso_a_Datos\Acceso_a_datos1112\db\empleados.odb' is opened by 7440@B01-PC05

[2022-12-14 11:46:52 #2 store] 
Configuration path: ?

[2022-12-14 11:46:52 #3 type] 
Type ud5_sesion3.DepartamentoEntity is not enhanced.

[2022-12-14 11:46:52 #4 type] 
Type ud5_sesion3.EmpleadoEntity is not enhanced.

[2022-12-14 11:46:52 #5 store] 
Database 'C:\Users\dam2alu13\git\Acceso_a_Datos\Acceso_a_datos1112\db\empleados.odb' is closed by 7440@B01-PC05

------------------------------------------------------------------------------------------------------------------------

[2022-12-14 11:49:18 #1 store] 
Database 'C:\Users\dam2alu13\git\Acceso_a_Datos\Acceso_a_datos1112\db\empleados.odb' is opened by 2284@B01-PC05

[2022-12-14 11:49:18 #2 store] 
Configuration path: ?

[2022-12-14 11:49:18 #3 type] 
Type ud5_sesion3.DepartamentoEntity is not enhanced.

[2022-12-14 11:49:18 #4 type] 
Type ud5_sesion3.EmpleadoEntity is not enhanced.

[2022-12-14 11:49:19 #5 store] 
Database 'C:\Users\dam2alu13\git\Acceso_a_Datos\Acceso_a_datos1112\db\empleados.odb' is closed by 2284@B01-PC05

------------------------------------------------------------------------------------------------------------------------

[2022-12-14 11:49:23 #1 store] 
Database 'C:\Users\dam2alu13\git\Acceso_a_Datos\Acceso_a_datos1112\db\empleados.odb' is opened by 9504@B01-PC05

[2022-12-14 11:49:23 #2 store] 
Configuration path: ?

[2022-12-14 11:49:23 #3 type] 
Type ud5_sesion3.DepartamentoEntity is not enhanced.

[2022-12-14 11:49:23 #4 type] 
Type ud5_sesion3.EmpleadoEntity is not enhanced.

[2022-12-14 11:49:23 #5 store] 
Database 'C:\Users\dam2alu13\git\Acceso_a_Datos\Acceso_a_datos1112\db\empleados.odb' is closed by 9504@B01-PC05

------------------------------------------------------------------------------------------------------------------------

[2022-12-14 11:49:51 #1 store] 
Database 'C:\Users\dam2alu13\git\Acceso_a_Datos\Acceso_a_datos1112\db\empleados.odb' is opened by 5748@B01-PC05

[2022-12-14 11:49:51 #2 store] 
Configuration path: ?

[2022-12-14 11:49:51 #3 type] 
Type ud5_sesion3.DepartamentoEntity is not enhanced.

[2022-12-14 11:49:51 #4 type] 
Type ud5_sesion3.EmpleadoEntity is not enhanced.

[2022-12-14 11:49:51 #5 store] 
Database 'C:\Users\dam2alu13\git\Acceso_a_Datos\Acceso_a_datos1112\db\empleados.odb' is closed by 5748@B01-PC05

------------------------------------------------------------------------------------------------------------------------

[2022-12-14 11:49:54 #1 store] 
Database 'C:\Users\dam2alu13\git\Acceso_a_Datos\Acceso_a_datos1112\db\empleados.odb' is opened by 5552@B01-PC05

[2022-12-14 11:49:54 #2 store] 
Configuration path: ?

[2022-12-14 11:49:54 #3 type] 
Type ud5_sesion3.DepartamentoEntity is not enhanced.

[2022-12-14 11:49:54 #4 type] 
Type ud5_sesion3.EmpleadoEntity is not enhanced.

[2022-12-14 11:49:54 #5 store] 
Database 'C:\Users\dam2alu13\git\Acceso_a_Datos\Acceso_a_datos1112\db\empleados.odb' is closed by 5552@B01-PC05

------------------------------------------------------------------------------------------------------------------------

[2022-12-14 11:50:03 #1 store] 
Database 'C:\Users\dam2alu13\git\Acceso_a_Datos\Acceso_a_datos1112\db\empleados.odb' is opened by 3124@B01-PC05

[2022-12-14 11:50:03 #2 store] 
Configuration path: ?

[2022-12-14 11:50:03 #3 type] 
Type ud5_sesion3.DepartamentoEntity is not enhanced.

[2022-12-14 11:50:03 #4 type] 
Type ud5_sesion3.EmpleadoEntity is not enhanced.

[2022-12-14 11:50:03 #5 store] 
Database 'C:\Users\dam2alu13\git\Acceso_a_Datos\Acceso_a_datos1112\db\empleados.odb' is closed by 3124@B01-PC05

------------------------------------------------------------------------------------------------------------------------

[2022-12-14 11:51:18 #1 store] 
Database 'C:\Users\dam2alu13\git\Acceso_a_Datos\Acceso_a_datos1112\db\empleados.odb' is opened by 11060@B01-PC05

[2022-12-14 11:51:18 #2 store] 
Configuration path: ?

[2022-12-14 11:51:18 #3 type] 
Type ud5_sesion3.DepartamentoEntity is not enhanced.

[2022-12-14 11:51:18 #4 type] 
Type ud5_sesion3.EmpleadoEntity is not enhanced.

[2022-12-14 11:51:18 #5 store] 
Database 'C:\Users\dam2alu13\git\Acceso_a_Datos\Acceso_a_datos1112\db\empleados.odb' is closed by 11060@B01-PC05

------------------------------------------------------------------------------------------------------------------------

[2022-12-14 11:51:40 #1 store] 
Database 'C:\Users\dam2alu13\git\Acceso_a_Datos\Acceso_a_datos1112\db\empleados.odb' is opened by 2084@B01-PC05

[2022-12-14 11:51:40 #2 store] 
Configuration path: ?

[2022-12-14 11:51:40 #3 type] 
Type ud5_sesion3.DepartamentoEntity is not enhanced.

[2022-12-14 11:51:40 #4 type] 
Type ud5_sesion3.EmpleadoEntity is not enhanced.

[2022-12-14 11:51:40 #5 store] 
Database 'C:\Users\dam2alu13\git\Acceso_a_Datos\Acceso_a_datos1112\db\empleados.odb' is closed by 2084@B01-PC05

------------------------------------------------------------------------------------------------------------------------

[2022-12-14 11:54:09 #1 store] 
Database 'C:\Users\dam2alu13\git\Acceso_a_Datos\Acceso_a_datos1112\db\empleados.odb' is opened by 1344@B01-PC05

[2022-12-14 11:54:09 #2 store] 
Configuration path: ?

[2022-12-14 11:54:09 #3 type] 
Type ud5_sesion3.DepartamentoEntity is not enhanced.

[2022-12-14 11:54:09 #4 type] 
Type ud5_sesion3.EmpleadoEntity is not enhanced.

[2022-12-14 11:54:10 #5 store] 
Database 'C:\Users\dam2alu13\git\Acceso_a_Datos\Acceso_a_datos1112\db\empleados.odb' is closed by 1344@B01-PC05

------------------------------------------------------------------------------------------------------------------------

[2022-12-14 11:56:53 #1 store] 
Database 'C:\Users\dam2alu13\git\Acceso_a_Datos\Acceso_a_datos1112\db\empleados.odb' is opened by 5788@B01-PC05

[2022-12-14 11:56:53 #2 store] 
Configuration path: ?

[2022-12-14 11:56:53 #3 type] 
Type ud5_sesion3.DepartamentoEntity is not enhanced.

[2022-12-14 11:56:53 #4 type] 
Type ud5_sesion3.EmpleadoEntity is not enhanced.

------------------------------------------------------------------------------------------------------------------------

[2022-12-14 12:02:31 #1 store] 
Database 'C:\Users\dam2alu13\git\Acceso_a_Datos\Acceso_a_datos1112\db\empleados.odb' is opened by 13300@B01-PC05

[2022-12-14 12:02:31 #2 store] 
Configuration path: ?

[2022-12-14 12:02:31 #3 type] 
Type ud5_sesion3.DepartamentoEntity is not enhanced.

[2022-12-14 12:02:31 #4 type] 
Type ud5_sesion3.EmpleadoEntity is not enhanced.

[2022-12-14 12:02:31 #5 store] 
Database 'C:\Users\dam2alu13\git\Acceso_a_Datos\Acceso_a_datos1112\db\empleados.odb' is closed by 13300@B01-PC05

------------------------------------------------------------------------------------------------------------------------

[2022-12-14 12:02:47 #1 store] 
Database 'C:\Users\dam2alu13\git\Acceso_a_Datos\Acceso_a_datos1112\db\empleados.odb' is opened by 3984@B01-PC05

[2022-12-14 12:02:47 #2 store] 
Configuration path: ?

[2022-12-14 12:02:47 #3 type] 
Type ud5_sesion3.DepartamentoEntity is not enhanced.

[2022-12-14 12:02:47 #4 type] 
Type ud5_sesion3.EmpleadoEntity is not enhanced.

[2022-12-14 12:02:47 #5 store] 
Database 'C:\Users\dam2alu13\git\Acceso_a_Datos\Acceso_a_datos1112\db\empleados.odb' is closed by 3984@B01-PC05

------------------------------------------------------------------------------------------------------------------------

[2022-12-14 12:03:17 #1 store] 
Database 'C:\Users\dam2alu13\git\Acceso_a_Datos\Acceso_a_datos1112\db\empleados.odb' is opened by 6284@B01-PC05

[2022-12-14 12:03:17 #2 store] 
Configuration path: ?

[2022-12-14 12:03:17 #3 type] 
Type ud5_sesion3.DepartamentoEntity is not enhanced.

[2022-12-14 12:03:17 #4 type] 
Type ud5_sesion3.EmpleadoEntity is not enhanced.

[2022-12-14 12:03:17 #5 store] 
Database 'C:\Users\dam2alu13\git\Acceso_a_Datos\Acceso_a_datos1112\db\empleados.odb' is closed by 6284@B01-PC05

------------------------------------------------------------------------------------------------------------------------

[2022-12-14 12:04:55 #1 store] 
Database 'C:\Users\dam2alu13\git\Acceso_a_Datos\Acceso_a_datos1112\db\empleados.odb' is opened by 6428@B01-PC05

[2022-12-14 12:04:55 #2 store] 
Configuration path: ?

[2022-12-14 12:04:55 #3 type] 
Type ud5_sesion3.DepartamentoEntity is not enhanced.

[2022-12-14 12:04:55 #4 type] 
Type ud5_sesion3.EmpleadoEntity is not enhanced.

[2022-12-14 12:04:55 #5 store] 
Database 'C:\Users\dam2alu13\git\Acceso_a_Datos\Acceso_a_datos1112\db\empleados.odb' is closed by 6428@B01-PC05

------------------------------------------------------------------------------------------------------------------------

[2022-12-14 12:06:03 #1 store] 
Database 'C:\Users\dam2alu13\git\Acceso_a_Datos\Acceso_a_datos1112\db\empleados.odb' is opened by 5372@B01-PC05

[2022-12-14 12:06:03 #2 store] 
Configuration path: ?

[2022-12-14 12:06:03 #3 type] 
Type ud5_sesion3.DepartamentoEntity is not enhanced.

[2022-12-14 12:06:03 #4 type] 
Type ud5_sesion3.EmpleadoEntity is not enhanced.

[2022-12-14 12:06:03 #5 store] 
Database 'C:\Users\dam2alu13\git\Acceso_a_Datos\Acceso_a_datos1112\db\empleados.odb' is closed by 5372@B01-PC05

------------------------------------------------------------------------------------------------------------------------

[2022-12-14 12:06:55 #1 store] 
Database 'C:\Users\dam2alu13\git\Acceso_a_Datos\Acceso_a_datos1112\db\empleados.odb' is opened by 2936@B01-PC05

[2022-12-14 12:06:55 #2 store] 
Configuration path: ?

[2022-12-14 12:06:55 #3 type] 
Type ud5_sesion3.DepartamentoEntity is not enhanced.

[2022-12-14 12:06:55 #4 type] 
Type ud5_sesion3.EmpleadoEntity is not enhanced.

[2022-12-14 12:06:55 #5 query] 
Error during query execution: update EmpleadoEntity set salario = salario + :salario where departamento.dptoId = :numDepartamento({numDepartamento->10,salario->100})

[2022-12-14 12:06:55 #6 *] 
[ObjectDB 2.8.6] Unexpected exception (Error 990)
  Generated by Java HotSpot(TM) Client VM 1.8.0_341 (on Windows 10 10.0).
Please report this error on http://www.objectdb.com/issue/new
com.objectdb.o.InternalException: null
com.objectdb.o.InternalException
	at com.objectdb.o.InternalException.f(InternalException.java:235)
	at com.objectdb.o.QRC.i(QRC.java:294)
	at com.objectdb.o.QRC.j(QRC.java:197)
	at com.objectdb.o.QRM.Zq(QRM.java:273)
	at com.objectdb.o.MST.Zq(MST.java:1019)
	at com.objectdb.o.WRA.Zq(WRA.java:313)
	at com.objectdb.o.WSM.Zq(WSM.java:117)
	at com.objectdb.o.QRR.k(QRR.java:260)
	at com.objectdb.o.QRR.i(QRR.java:154)
	at com.objectdb.jpa.JpaQuery.executeUpdate(JpaQuery.java:791)
	at ud5_sesion3.AccesoBdatos.incrementarSalarioDepartamento(AccesoBdatos.java:259)
	at ud5_sesion3.Main2.main(Main2.java:38)

------------------------------------------------------------------------------------------------------------------------

[2022-12-14 12:10:08 #1 store] 
Database 'C:\Users\dam2alu13\git\Acceso_a_Datos\Acceso_a_datos1112\db\empleados.odb' is opened by 5372@B01-PC05

[2022-12-14 12:10:08 #2 store] 
Configuration path: ?

[2022-12-14 12:10:08 #3 type] 
Type ud5_sesion3.DepartamentoEntity is not enhanced.

[2022-12-14 12:10:08 #4 type] 
Type ud5_sesion3.EmpleadoEntity is not enhanced.

------------------------------------------------------------------------------------------------------------------------

[2022-12-14 12:10:19 #1 store] 
Database 'C:\Users\dam2alu13\git\Acceso_a_Datos\Acceso_a_datos1112\db\empleados.odb' is opened by 1744@B01-PC05

[2022-12-14 12:10:19 #2 store] 
Configuration path: ?

[2022-12-14 12:10:19 #3 type] 
Type ud5_sesion3.DepartamentoEntity is not enhanced.

[2022-12-14 12:10:19 #4 type] 
Type ud5_sesion3.EmpleadoEntity is not enhanced.

[2022-12-14 12:10:19 #5 store] 
Database 'C:\Users\dam2alu13\git\Acceso_a_Datos\Acceso_a_datos1112\db\empleados.odb' is closed by 1744@B01-PC05

------------------------------------------------------------------------------------------------------------------------

[2022-12-14 12:10:42 #1 store] 
Database 'C:\Users\dam2alu13\git\Acceso_a_Datos\Acceso_a_datos1112\db\empleados.odb' is opened by 3260@B01-PC05

[2022-12-14 12:10:42 #2 store] 
Configuration path: ?

[2022-12-14 12:10:42 #3 type] 
Type ud5_sesion3.DepartamentoEntity is not enhanced.

[2022-12-14 12:10:42 #4 type] 
Type ud5_sesion3.EmpleadoEntity is not enhanced.

[2022-12-14 12:10:42 #5 store] 
Database 'C:\Users\dam2alu13\git\Acceso_a_Datos\Acceso_a_datos1112\db\empleados.odb' is closed by 3260@B01-PC05

------------------------------------------------------------------------------------------------------------------------

[2022-12-14 12:10:50 #1 store] 
Database 'C:\Users\dam2alu13\git\Acceso_a_Datos\Acceso_a_datos1112\db\empleados.odb' is opened by 3940@B01-PC05

[2022-12-14 12:10:50 #2 store] 
Configuration path: ?

[2022-12-14 12:10:50 #3 type] 
Type ud5_sesion3.DepartamentoEntity is not enhanced.

[2022-12-14 12:10:50 #4 type] 
Type ud5_sesion3.EmpleadoEntity is not enhanced.

[2022-12-14 12:10:51 #5 store] 
Database 'C:\Users\dam2alu13\git\Acceso_a_Datos\Acceso_a_datos1112\db\empleados.odb' is closed by 3940@B01-PC05

------------------------------------------------------------------------------------------------------------------------

[2022-12-14 12:11:57 #1 store] 
Database 'C:\Users\dam2alu13\git\Acceso_a_Datos\Acceso_a_datos1112\db\empleados.odb' is opened by 12024@B01-PC05

[2022-12-14 12:11:57 #2 store] 
Configuration path: ?

[2022-12-14 12:11:57 #3 type] 
Type ud5_sesion3.DepartamentoEntity is not enhanced.

[2022-12-14 12:11:57 #4 type] 
Type ud5_sesion3.EmpleadoEntity is not enhanced.

[2022-12-14 12:11:57 #5 query] 
Error during query execution: update EmpleadoEntity e set e.salario = e.salario + :salario where e.departamento.dptoId = :numDepartamento({numDepartamento->30,salario->100})

[2022-12-14 12:11:57 #6 *] 
[ObjectDB 2.8.6] Unexpected exception (Error 990)
  Generated by Java HotSpot(TM) Client VM 1.8.0_341 (on Windows 10 10.0).
Please report this error on http://www.objectdb.com/issue/new
com.objectdb.o.InternalException: null
com.objectdb.o.InternalException
	at com.objectdb.o.InternalException.f(InternalException.java:235)
	at com.objectdb.o.QRC.i(QRC.java:294)
	at com.objectdb.o.QRC.j(QRC.java:197)
	at com.objectdb.o.QRM.Zq(QRM.java:273)
	at com.objectdb.o.MST.Zq(MST.java:1019)
	at com.objectdb.o.WRA.Zq(WRA.java:313)
	at com.objectdb.o.WSM.Zq(WSM.java:117)
	at com.objectdb.o.QRR.k(QRR.java:260)
	at com.objectdb.o.QRR.i(QRR.java:154)
	at com.objectdb.jpa.JpaQuery.executeUpdate(JpaQuery.java:791)
	at ud5_sesion3.AccesoBdatos.incrementarSalarioDepartamento(AccesoBdatos.java:259)
	at ud5_sesion3.Main2.main(Main2.java:38)

------------------------------------------------------------------------------------------------------------------------

[2022-12-14 12:12:07 #1 store] 
Database 'C:\Users\dam2alu13\git\Acceso_a_Datos\Acceso_a_datos1112\db\empleados.odb' is opened by 10796@B01-PC05

[2022-12-14 12:12:07 #2 store] 
Configuration path: ?

[2022-12-14 12:12:07 #3 type] 
Type ud5_sesion3.DepartamentoEntity is not enhanced.

[2022-12-14 12:12:07 #4 type] 
Type ud5_sesion3.EmpleadoEntity is not enhanced.

[2022-12-14 12:12:08 #5 store] 
Database 'C:\Users\dam2alu13\git\Acceso_a_Datos\Acceso_a_datos1112\db\empleados.odb' is closed by 10796@B01-PC05

------------------------------------------------------------------------------------------------------------------------

[2022-12-14 12:14:23 #1 store] 
Database 'C:\Users\dam2alu13\git\Acceso_a_Datos\Acceso_a_datos1112\db\empleados.odb' is opened by 6964@B01-PC05

[2022-12-14 12:14:23 #2 store] 
Configuration path: ?

[2022-12-14 12:14:23 #3 type] 
Type ud5_sesion3.DepartamentoEntity is not enhanced.

[2022-12-14 12:14:23 #4 type] 
Type ud5_sesion3.EmpleadoEntity is not enhanced.

[2022-12-14 12:14:23 #5 query] 
Error during query execution: update EmpleadoEntity e set e.salario = e.salario + :salario where e.departamento.dptoId = :numDepartamento({numDepartamento->30,salario->100})

[2022-12-14 12:14:23 #6 *] 
[ObjectDB 2.8.6] Unexpected exception (Error 990)
  Generated by Java HotSpot(TM) Client VM 1.8.0_341 (on Windows 10 10.0).
Please report this error on http://www.objectdb.com/issue/new
com.objectdb.o.InternalException: null
com.objectdb.o.InternalException
	at com.objectdb.o.InternalException.f(InternalException.java:235)
	at com.objectdb.o.QRC.i(QRC.java:294)
	at com.objectdb.o.QRC.j(QRC.java:197)
	at com.objectdb.o.QRM.Zq(QRM.java:273)
	at com.objectdb.o.MST.Zq(MST.java:1019)
	at com.objectdb.o.WRA.Zq(WRA.java:313)
	at com.objectdb.o.WSM.Zq(WSM.java:117)
	at com.objectdb.o.QRR.k(QRR.java:260)
	at com.objectdb.o.QRR.i(QRR.java:154)
	at com.objectdb.jpa.JpaQuery.executeUpdate(JpaQuery.java:791)
	at ud5_sesion3.AccesoBdatos.incrementarSalarioDepartamento(AccesoBdatos.java:259)
	at ud5_sesion3.Main2.main(Main2.java:38)

------------------------------------------------------------------------------------------------------------------------

[2022-12-14 12:17:42 #1 store] 
Database 'C:\Users\dam2alu13\git\Acceso_a_Datos\Acceso_a_datos1112\db\empleados.odb' is opened by 10120@B01-PC05

[2022-12-14 12:17:42 #2 store] 
Configuration path: ?

[2022-12-14 12:17:42 #3 type] 
Type ud5_sesion3.DepartamentoEntity is not enhanced.

[2022-12-14 12:17:42 #4 type] 
Type ud5_sesion3.EmpleadoEntity is not enhanced.

[2022-12-14 12:17:42 #5 store] 
Database 'C:\Users\dam2alu13\git\Acceso_a_Datos\Acceso_a_datos1112\db\empleados.odb' is closed by 10120@B01-PC05

------------------------------------------------------------------------------------------------------------------------

[2022-12-14 12:18:17 #1 store] 
Database 'C:\Users\dam2alu13\git\Acceso_a_Datos\Acceso_a_datos1112\db\empleados.odb' is opened by 9048@B01-PC05

[2022-12-14 12:18:17 #2 store] 
Configuration path: ?

[2022-12-14 12:18:17 #3 type] 
Type ud5_sesion3.DepartamentoEntity is not enhanced.

[2022-12-14 12:18:17 #4 type] 
Type ud5_sesion3.EmpleadoEntity is not enhanced.

[2022-12-14 12:18:17 #5 store] 
Database 'C:\Users\dam2alu13\git\Acceso_a_Datos\Acceso_a_datos1112\db\empleados.odb' is closed by 9048@B01-PC05

------------------------------------------------------------------------------------------------------------------------

[2022-12-14 12:18:19 #1 store] 
Database 'C:\Users\dam2alu13\git\Acceso_a_Datos\Acceso_a_datos1112\db\empleados.odb' is opened by 5600@B01-PC05

[2022-12-14 12:18:19 #2 store] 
Configuration path: ?

[2022-12-14 12:18:19 #3 type] 
Type ud5_sesion3.DepartamentoEntity is not enhanced.

[2022-12-14 12:18:19 #4 type] 
Type ud5_sesion3.EmpleadoEntity is not enhanced.

[2022-12-14 12:18:19 #5 store] 
Database 'C:\Users\dam2alu13\git\Acceso_a_Datos\Acceso_a_datos1112\db\empleados.odb' is closed by 5600@B01-PC05

------------------------------------------------------------------------------------------------------------------------

[2022-12-14 12:19:00 #1 store] 
Database 'C:\Users\dam2alu13\git\Acceso_a_Datos\Acceso_a_datos1112\db\empleados.odb' is opened by 8572@B01-PC05

[2022-12-14 12:19:00 #2 store] 
Configuration path: ?

[2022-12-14 12:19:00 #3 type] 
Type ud5_sesion3.DepartamentoEntity is not enhanced.

[2022-12-14 12:19:00 #4 type] 
Type ud5_sesion3.EmpleadoEntity is not enhanced.

[2022-12-14 12:19:00 #5 store] 
Database 'C:\Users\dam2alu13\git\Acceso_a_Datos\Acceso_a_datos1112\db\empleados.odb' is closed by 8572@B01-PC05

------------------------------------------------------------------------------------------------------------------------

[2022-12-14 12:19:01 #1 store] 
Database 'C:\Users\dam2alu13\git\Acceso_a_Datos\Acceso_a_datos1112\db\empleados.odb' is opened by 11060@B01-PC05

[2022-12-14 12:19:01 #2 store] 
Configuration path: ?

[2022-12-14 12:19:01 #3 type] 
Type ud5_sesion3.DepartamentoEntity is not enhanced.

[2022-12-14 12:19:01 #4 type] 
Type ud5_sesion3.EmpleadoEntity is not enhanced.

[2022-12-14 12:19:02 #5 store] 
Database 'C:\Users\dam2alu13\git\Acceso_a_Datos\Acceso_a_datos1112\db\empleados.odb' is closed by 11060@B01-PC05

------------------------------------------------------------------------------------------------------------------------

[2022-12-14 12:22:20 #1 store] 
Database 'C:\Users\dam2alu13\git\Acceso_a_Datos\Acceso_a_datos1112\db\empleados.odb' is opened by 2156@B01-PC05

[2022-12-14 12:22:20 #2 store] 
Configuration path: ?

[2022-12-14 12:22:20 #3 type] 
Type ud5_sesion3.DepartamentoEntity is not enhanced.

[2022-12-14 12:22:20 #4 type] 
Type ud5_sesion3.EmpleadoEntity is not enhanced.

------------------------------------------------------------------------------------------------------------------------

[2022-12-14 12:22:57 #1 store] 
Database 'C:\Users\dam2alu13\git\Acceso_a_Datos\Acceso_a_datos1112\db\empleados.odb' is opened by 1544@B01-PC05

[2022-12-14 12:22:57 #2 store] 
Configuration path: ?

[2022-12-14 12:22:57 #3 type] 
Type ud5_sesion3.DepartamentoEntity is not enhanced.

[2022-12-14 12:22:57 #4 type] 
Type ud5_sesion3.EmpleadoEntity is not enhanced.

[2022-12-14 12:22:57 #5 store] 
Database 'C:\Users\dam2alu13\git\Acceso_a_Datos\Acceso_a_datos1112\db\empleados.odb' is closed by 1544@B01-PC05

------------------------------------------------------------------------------------------------------------------------

[2022-12-14 12:23:38 #1 store] 
Database 'C:\Users\dam2alu13\git\Acceso_a_Datos\Acceso_a_datos1112\db\empleados.odb' is opened by 8320@B01-PC05

[2022-12-14 12:23:38 #2 store] 
Configuration path: ?

[2022-12-14 12:23:38 #3 type] 
Type ud5_sesion3.DepartamentoEntity is not enhanced.

[2022-12-14 12:23:38 #4 type] 
Type ud5_sesion3.EmpleadoEntity is not enhanced.

[2022-12-14 12:23:38 #5 store] 
Database 'C:\Users\dam2alu13\git\Acceso_a_Datos\Acceso_a_datos1112\db\empleados.odb' is closed by 8320@B01-PC05

------------------------------------------------------------------------------------------------------------------------

[2022-12-14 12:26:20 #1 store] 
Database 'C:\Users\dam2alu13\git\Acceso_a_Datos\Acceso_a_datos1112\db\empleados.odb' is opened by 1176@B01-PC05

[2022-12-14 12:26:20 #2 store] 
Configuration path: ?

[2022-12-14 12:26:20 #3 type] 
Type ud5_sesion3.DepartamentoEntity is not enhanced.

[2022-12-14 12:26:20 #4 type] 
Type ud5_sesion3.EmpleadoEntity is not enhanced.

[2022-12-14 12:26:20 #5 store] 
Database 'C:\Users\dam2alu13\git\Acceso_a_Datos\Acceso_a_datos1112\db\empleados.odb' is closed by 1176@B01-PC05

------------------------------------------------------------------------------------------------------------------------

[2022-12-14 12:26:22 #1 store] 
Database 'C:\Users\dam2alu13\git\Acceso_a_Datos\Acceso_a_datos1112\db\empleados.odb' is opened by 12764@B01-PC05

[2022-12-14 12:26:22 #2 store] 
Configuration path: ?

[2022-12-14 12:26:22 #3 type] 
Type ud5_sesion3.DepartamentoEntity is not enhanced.

[2022-12-14 12:26:22 #4 type] 
Type ud5_sesion3.EmpleadoEntity is not enhanced.

[2022-12-14 12:26:22 #5 store] 
Database 'C:\Users\dam2alu13\git\Acceso_a_Datos\Acceso_a_datos1112\db\empleados.odb' is closed by 12764@B01-PC05

