------------------------------------------------------------------------------------------------------------------------

[2022-12-12 09:03:12 #1 store] 
Database 'C:\Users\dam2alu13\git\Acceso_a_Datos\Acceso_a_datos1112\db\empleados.odb' is opened by 3292@B01-PC05

[2022-12-12 09:03:12 #2 store] 
Configuration path: ?

[2022-12-12 09:03:12 #3 type] 
Type ud5_sesion3.DepartamentoEntity is not enhanced.

[2022-12-12 09:03:12 #4 type] 
Type ud5_sesion3.EmpleadoEntity is not enhanced.

[2022-12-12 09:03:12 #5 store] 
Database 'C:\Users\dam2alu13\git\Acceso_a_Datos\Acceso_a_datos1112\db\empleados.odb' is closed by 3292@B01-PC05

------------------------------------------------------------------------------------------------------------------------

[2022-12-12 09:03:37 #1 store] 
Database 'C:\Users\dam2alu13\git\Acceso_a_Datos\Acceso_a_datos1112\db\empleados.odb' is opened by 9688@B01-PC05

[2022-12-12 09:03:37 #2 store] 
Configuration path: ?

[2022-12-12 09:03:37 #3 type] 
Type ud5_sesion3.DepartamentoEntity is not enhanced.

[2022-12-12 09:03:37 #4 type] 
Type ud5_sesion3.EmpleadoEntity is not enhanced.

------------------------------------------------------------------------------------------------------------------------

[2022-12-12 09:03:48 #1 store] 
Database 'C:\Users\dam2alu13\git\Acceso_a_Datos\Acceso_a_datos1112\db\empleados.odb' is opened by 9288@B01-PC05

[2022-12-12 09:03:48 #2 store] 
Configuration path: ?

[2022-12-12 09:03:48 #3 type] 
Type ud5_sesion3.DepartamentoEntity is not enhanced.

[2022-12-12 09:03:48 #4 type] 
Type ud5_sesion3.EmpleadoEntity is not enhanced.

------------------------------------------------------------------------------------------------------------------------

[2022-12-12 09:04:14 #1 store] 
Database 'C:\Users\dam2alu13\git\Acceso_a_Datos\Acceso_a_datos1112\db\empleados.odb' is opened by 2688@B01-PC05

[2022-12-12 09:04:14 #2 store] 
Configuration path: ?

[2022-12-12 09:04:14 #3 type] 
Type ud5_sesion3.DepartamentoEntity is not enhanced.

[2022-12-12 09:04:14 #4 type] 
Type ud5_sesion3.EmpleadoEntity is not enhanced.

------------------------------------------------------------------------------------------------------------------------

[2022-12-12 09:04:19 #1 store] 
Database 'C:\Users\dam2alu13\git\Acceso_a_Datos\Acceso_a_datos1112\db\empleados.odb' is opened by 9352@B01-PC05

[2022-12-12 09:04:19 #2 store] 
Configuration path: ?

[2022-12-12 09:04:19 #3 type] 
Type ud5_sesion3.DepartamentoEntity is not enhanced.

[2022-12-12 09:04:19 #4 type] 
Type ud5_sesion3.EmpleadoEntity is not enhanced.

[2022-12-12 09:04:19 #5 store] 
Database 'C:\Users\dam2alu13\git\Acceso_a_Datos\Acceso_a_datos1112\db\empleados.odb' is closed by 9352@B01-PC05

------------------------------------------------------------------------------------------------------------------------

[2022-12-12 09:04:50 #1 store] 
Database 'C:\Users\dam2alu13\git\Acceso_a_Datos\Acceso_a_datos1112\db\empleados.odb' is opened by 1684@B01-PC05

[2022-12-12 09:04:50 #2 store] 
Configuration path: ?

[2022-12-12 09:04:50 #3 type] 
Type ud5_sesion3.DepartamentoEntity is not enhanced.

[2022-12-12 09:04:50 #4 type] 
Type ud5_sesion3.EmpleadoEntity is not enhanced.

------------------------------------------------------------------------------------------------------------------------

[2022-12-12 09:05:11 #1 store] 
Database 'C:\Users\dam2alu13\git\Acceso_a_Datos\Acceso_a_datos1112\db\empleados.odb' is opened by 2528@B01-PC05

[2022-12-12 09:05:11 #2 store] 
Configuration path: ?

[2022-12-12 09:05:11 #3 type] 
Type ud5_sesion3.DepartamentoEntity is not enhanced.

[2022-12-12 09:05:11 #4 type] 
Type ud5_sesion3.EmpleadoEntity is not enhanced.

------------------------------------------------------------------------------------------------------------------------

[2022-12-12 09:06:04 #1 store] 
Database 'C:\Users\dam2alu13\git\Acceso_a_Datos\Acceso_a_datos1112\db\empleados.odb' is opened by 8704@B01-PC05

[2022-12-12 09:06:04 #2 store] 
Configuration path: ?

[2022-12-12 09:06:04 #3 type] 
Type ud5_sesion3.DepartamentoEntity is not enhanced.

[2022-12-12 09:06:04 #4 type] 
Type ud5_sesion3.EmpleadoEntity is not enhanced.

------------------------------------------------------------------------------------------------------------------------

[2022-12-12 09:06:31 #1 store] 
Database 'C:\Users\dam2alu13\git\Acceso_a_Datos\Acceso_a_datos1112\db\empleados.odb' is opened by 7416@B01-PC05

[2022-12-12 09:06:31 #2 store] 
Configuration path: ?

[2022-12-12 09:06:31 #3 type] 
Type ud5_sesion3.DepartamentoEntity is not enhanced.

[2022-12-12 09:06:31 #4 type] 
Type ud5_sesion3.EmpleadoEntity is not enhanced.

------------------------------------------------------------------------------------------------------------------------

[2022-12-12 09:07:35 #1 store] 
Database 'C:\Users\dam2alu13\git\Acceso_a_Datos\Acceso_a_datos1112\db\empleados.odb' is opened by 1968@B01-PC05

[2022-12-12 09:07:35 #2 store] 
Configuration path: ?

[2022-12-12 09:07:35 #3 type] 
Type ud5_sesion3.DepartamentoEntity is not enhanced.

[2022-12-12 09:07:35 #4 type] 
Type ud5_sesion3.EmpleadoEntity is not enhanced.

------------------------------------------------------------------------------------------------------------------------

[2022-12-12 09:08:36 #1 store] 
Database 'C:\Users\dam2alu13\git\Acceso_a_Datos\Acceso_a_datos1112\db\empleados.odb' is opened by 1976@B01-PC05

[2022-12-12 09:08:36 #2 store] 
Configuration path: ?

[2022-12-12 09:08:36 #3 type] 
Type ud5_sesion3.DepartamentoEntity is not enhanced.

[2022-12-12 09:08:36 #4 type] 
Type ud5_sesion3.EmpleadoEntity is not enhanced.

[2022-12-12 09:08:36 #5 store] 
Database 'C:\Users\dam2alu13\git\Acceso_a_Datos\Acceso_a_datos1112\db\empleados.odb' is closed by 1976@B01-PC05

------------------------------------------------------------------------------------------------------------------------

[2022-12-12 09:09:24 #1 store] 
Database 'C:\Users\dam2alu13\git\Acceso_a_Datos\Acceso_a_datos1112\db\empleados.odb' is opened by 8200@B01-PC05

[2022-12-12 09:09:24 #2 store] 
Configuration path: ?

[2022-12-12 09:09:24 #3 type] 
Type ud5_sesion3.DepartamentoEntity is not enhanced.

[2022-12-12 09:09:24 #4 type] 
Type ud5_sesion3.EmpleadoEntity is not enhanced.

[2022-12-12 09:09:24 #5 store] 
Database 'C:\Users\dam2alu13\git\Acceso_a_Datos\Acceso_a_datos1112\db\empleados.odb' is closed by 8200@B01-PC05

------------------------------------------------------------------------------------------------------------------------

[2022-12-12 09:10:09 #1 store] 
Database 'C:\Users\dam2alu13\git\Acceso_a_Datos\Acceso_a_datos1112\db\empleados.odb' is opened by 7116@B01-PC05

[2022-12-12 09:10:09 #2 store] 
Configuration path: ?

[2022-12-12 09:10:09 #3 type] 
Type ud5_sesion3.DepartamentoEntity is not enhanced.

[2022-12-12 09:10:09 #4 type] 
Type ud5_sesion3.EmpleadoEntity is not enhanced.

------------------------------------------------------------------------------------------------------------------------

[2022-12-12 09:10:37 #1 store] 
Database 'C:\Users\dam2alu13\git\Acceso_a_Datos\Acceso_a_datos1112\db\empleados.odb' is opened by 9268@B01-PC05

[2022-12-12 09:10:37 #2 store] 
Configuration path: ?

[2022-12-12 09:10:37 #3 type] 
Type ud5_sesion3.DepartamentoEntity is not enhanced.

[2022-12-12 09:10:37 #4 type] 
Type ud5_sesion3.EmpleadoEntity is not enhanced.

[2022-12-12 09:10:37 #5 store] 
Database 'C:\Users\dam2alu13\git\Acceso_a_Datos\Acceso_a_datos1112\db\empleados.odb' is closed by 9268@B01-PC05

------------------------------------------------------------------------------------------------------------------------

[2022-12-12 09:10:53 #1 store] 
Database 'C:\Users\dam2alu13\git\Acceso_a_Datos\Acceso_a_datos1112\db\empleados.odb' is opened by 5464@B01-PC05

[2022-12-12 09:10:53 #2 store] 
Configuration path: ?

[2022-12-12 09:10:53 #3 type] 
Type ud5_sesion3.DepartamentoEntity is not enhanced.

[2022-12-12 09:10:53 #4 type] 
Type ud5_sesion3.EmpleadoEntity is not enhanced.

[2022-12-12 09:10:53 #5 store] 
Database 'C:\Users\dam2alu13\git\Acceso_a_Datos\Acceso_a_datos1112\db\empleados.odb' is closed by 5464@B01-PC05

------------------------------------------------------------------------------------------------------------------------

[2022-12-12 09:11:27 #1 store] 
Database 'C:\Users\dam2alu13\git\Acceso_a_Datos\Acceso_a_datos1112\db\empleados.odb' is opened by 7120@B01-PC05

[2022-12-12 09:11:27 #2 store] 
Configuration path: ?

[2022-12-12 09:11:27 #3 type] 
Type ud5_sesion3.DepartamentoEntity is not enhanced.

[2022-12-12 09:11:27 #4 type] 
Type ud5_sesion3.EmpleadoEntity is not enhanced.

------------------------------------------------------------------------------------------------------------------------

[2022-12-12 09:11:50 #1 store] 
Database 'C:\Users\dam2alu13\git\Acceso_a_Datos\Acceso_a_datos1112\db\empleados.odb' is opened by 11660@B01-PC05

[2022-12-12 09:11:50 #2 store] 
Configuration path: ?

[2022-12-12 09:11:50 #3 type] 
Type ud5_sesion3.DepartamentoEntity is not enhanced.

[2022-12-12 09:11:50 #4 type] 
Type ud5_sesion3.EmpleadoEntity is not enhanced.

------------------------------------------------------------------------------------------------------------------------

[2022-12-12 09:12:37 #1 store] 
Database 'C:\Users\dam2alu13\git\Acceso_a_Datos\Acceso_a_datos1112\db\empleados.odb' is opened by 1824@B01-PC05

[2022-12-12 09:12:37 #2 store] 
Configuration path: ?

[2022-12-12 09:12:37 #3 type] 
Type ud5_sesion3.DepartamentoEntity is not enhanced.

[2022-12-12 09:12:37 #4 type] 
Type ud5_sesion3.EmpleadoEntity is not enhanced.

------------------------------------------------------------------------------------------------------------------------

[2022-12-12 09:12:44 #1 store] 
Database 'C:\Users\dam2alu13\git\Acceso_a_Datos\Acceso_a_datos1112\db\empleados.odb' is opened by 11484@B01-PC05

[2022-12-12 09:12:44 #2 store] 
Configuration path: ?

[2022-12-12 09:12:44 #3 type] 
Type ud5_sesion3.DepartamentoEntity is not enhanced.

[2022-12-12 09:12:44 #4 type] 
Type ud5_sesion3.EmpleadoEntity is not enhanced.

------------------------------------------------------------------------------------------------------------------------

[2022-12-12 09:13:00 #1 store] 
Database 'C:\Users\dam2alu13\git\Acceso_a_Datos\Acceso_a_datos1112\db\empleados.odb' is opened by 5460@B01-PC05

[2022-12-12 09:13:00 #2 store] 
Configuration path: ?

[2022-12-12 09:13:00 #3 type] 
Type ud5_sesion3.DepartamentoEntity is not enhanced.

[2022-12-12 09:13:00 #4 type] 
Type ud5_sesion3.EmpleadoEntity is not enhanced.

------------------------------------------------------------------------------------------------------------------------

[2022-12-12 09:13:08 #1 store] 
Database 'C:\Users\dam2alu13\git\Acceso_a_Datos\Acceso_a_datos1112\db\empleados.odb' is opened by 9384@B01-PC05

[2022-12-12 09:13:08 #2 store] 
Configuration path: ?

[2022-12-12 09:13:08 #3 type] 
Type ud5_sesion3.DepartamentoEntity is not enhanced.

[2022-12-12 09:13:08 #4 type] 
Type ud5_sesion3.EmpleadoEntity is not enhanced.

------------------------------------------------------------------------------------------------------------------------

[2022-12-12 09:13:32 #1 store] 
Database 'C:\Users\dam2alu13\git\Acceso_a_Datos\Acceso_a_datos1112\db\empleados.odb' is opened by 12000@B01-PC05

[2022-12-12 09:13:32 #2 store] 
Configuration path: ?

[2022-12-12 09:13:32 #3 type] 
Type ud5_sesion3.DepartamentoEntity is not enhanced.

[2022-12-12 09:13:32 #4 type] 
Type ud5_sesion3.EmpleadoEntity is not enhanced.

[2022-12-12 09:13:32 #5 store] 
Database 'C:\Users\dam2alu13\git\Acceso_a_Datos\Acceso_a_datos1112\db\empleados.odb' is closed by 12000@B01-PC05

------------------------------------------------------------------------------------------------------------------------

[2022-12-12 09:14:27 #1 store] 
Database 'C:\Users\dam2alu13\git\Acceso_a_Datos\Acceso_a_datos1112\db\empleados.odb' is opened by 5452@B01-PC05

[2022-12-12 09:14:27 #2 store] 
Configuration path: ?

[2022-12-12 09:14:27 #3 type] 
Type ud5_sesion3.DepartamentoEntity is not enhanced.

[2022-12-12 09:14:27 #4 type] 
Type ud5_sesion3.EmpleadoEntity is not enhanced.

[2022-12-12 09:14:27 #5 store] 
Database 'C:\Users\dam2alu13\git\Acceso_a_Datos\Acceso_a_datos1112\db\empleados.odb' is closed by 5452@B01-PC05

------------------------------------------------------------------------------------------------------------------------

[2022-12-12 09:14:33 #1 store] 
Database 'C:\Users\dam2alu13\git\Acceso_a_Datos\Acceso_a_datos1112\db\empleados.odb' is opened by 3068@B01-PC05

[2022-12-12 09:14:33 #2 store] 
Configuration path: ?

[2022-12-12 09:14:33 #3 type] 
Type ud5_sesion3.DepartamentoEntity is not enhanced.

[2022-12-12 09:14:33 #4 type] 
Type ud5_sesion3.EmpleadoEntity is not enhanced.

[2022-12-12 09:14:34 #5 store] 
Database 'C:\Users\dam2alu13\git\Acceso_a_Datos\Acceso_a_datos1112\db\empleados.odb' is closed by 3068@B01-PC05

------------------------------------------------------------------------------------------------------------------------

[2022-12-12 09:15:17 #1 store] 
Database 'C:\Users\dam2alu13\git\Acceso_a_Datos\Acceso_a_datos1112\db\empleados.odb' is opened by 1884@B01-PC05

[2022-12-12 09:15:17 #2 store] 
Configuration path: ?

[2022-12-12 09:15:17 #3 type] 
Type ud5_sesion3.DepartamentoEntity is not enhanced.

[2022-12-12 09:15:17 #4 type] 
Type ud5_sesion3.EmpleadoEntity is not enhanced.

------------------------------------------------------------------------------------------------------------------------

[2022-12-12 09:15:26 #1 store] 
Database 'C:\Users\dam2alu13\git\Acceso_a_Datos\Acceso_a_datos1112\db\empleados.odb' is opened by 5200@B01-PC05

[2022-12-12 09:15:26 #2 store] 
Configuration path: ?

[2022-12-12 09:15:26 #3 type] 
Type ud5_sesion3.DepartamentoEntity is not enhanced.

[2022-12-12 09:15:26 #4 type] 
Type ud5_sesion3.EmpleadoEntity is not enhanced.

------------------------------------------------------------------------------------------------------------------------

[2022-12-12 09:15:28 #1 store] 
Database 'C:\Users\dam2alu13\git\Acceso_a_Datos\Acceso_a_datos1112\db\empleados.odb' is opened by 11540@B01-PC05

[2022-12-12 09:15:28 #2 store] 
Configuration path: ?

[2022-12-12 09:15:29 #3 type] 
Type ud5_sesion3.DepartamentoEntity is not enhanced.

[2022-12-12 09:15:29 #4 type] 
Type ud5_sesion3.EmpleadoEntity is not enhanced.

------------------------------------------------------------------------------------------------------------------------

[2022-12-12 09:15:46 #1 store] 
Database 'C:\Users\dam2alu13\git\Acceso_a_Datos\Acceso_a_datos1112\db\empleados.odb' is opened by 8252@B01-PC05

[2022-12-12 09:15:46 #2 store] 
Configuration path: ?

[2022-12-12 09:15:46 #3 type] 
Type ud5_sesion3.DepartamentoEntity is not enhanced.

[2022-12-12 09:15:46 #4 type] 
Type ud5_sesion3.EmpleadoEntity is not enhanced.

[2022-12-12 09:15:46 #5 store] 
Database 'C:\Users\dam2alu13\git\Acceso_a_Datos\Acceso_a_datos1112\db\empleados.odb' is closed by 8252@B01-PC05

------------------------------------------------------------------------------------------------------------------------

[2022-12-12 09:17:05 #1 store] 
Database 'C:\Users\dam2alu13\git\Acceso_a_Datos\Acceso_a_datos1112\db\empleados.odb' is opened by 2508@B01-PC05

[2022-12-12 09:17:05 #2 store] 
Configuration path: ?

[2022-12-12 09:17:05 #3 type] 
Type ud5_sesion3.DepartamentoEntity is not enhanced.

[2022-12-12 09:17:05 #4 type] 
Type ud5_sesion3.EmpleadoEntity is not enhanced.

[2022-12-12 09:17:05 #5 store] 
Database 'C:\Users\dam2alu13\git\Acceso_a_Datos\Acceso_a_datos1112\db\empleados.odb' is closed by 2508@B01-PC05

------------------------------------------------------------------------------------------------------------------------

[2022-12-12 09:17:22 #1 store] 
Database 'C:\Users\dam2alu13\git\Acceso_a_Datos\Acceso_a_datos1112\db\empleados.odb' is opened by 7588@B01-PC05

[2022-12-12 09:17:22 #2 store] 
Configuration path: ?

[2022-12-12 09:17:22 #3 type] 
Type ud5_sesion3.DepartamentoEntity is not enhanced.

[2022-12-12 09:17:22 #4 type] 
Type ud5_sesion3.EmpleadoEntity is not enhanced.

[2022-12-12 09:17:22 #5 store] 
Database 'C:\Users\dam2alu13\git\Acceso_a_Datos\Acceso_a_datos1112\db\empleados.odb' is closed by 7588@B01-PC05

------------------------------------------------------------------------------------------------------------------------

[2022-12-12 09:19:17 #1 store] 
Database 'C:\Users\dam2alu13\git\Acceso_a_Datos\Acceso_a_datos1112\db\empleados.odb' is opened by 11116@B01-PC05

[2022-12-12 09:19:17 #2 store] 
Configuration path: ?

[2022-12-12 09:19:17 #3 type] 
Type ud5_sesion3.DepartamentoEntity is not enhanced.

[2022-12-12 09:19:17 #4 type] 
Type ud5_sesion3.EmpleadoEntity is not enhanced.

[2022-12-12 09:19:17 #5 store] 
Database 'C:\Users\dam2alu13\git\Acceso_a_Datos\Acceso_a_datos1112\db\empleados.odb' is closed by 11116@B01-PC05

------------------------------------------------------------------------------------------------------------------------

[2022-12-12 09:19:31 #1 store] 
Database 'C:\Users\dam2alu13\git\Acceso_a_Datos\Acceso_a_datos1112\db\empleados.odb' is opened by 3848@B01-PC05

[2022-12-12 09:19:31 #2 store] 
Configuration path: ?

[2022-12-12 09:19:31 #3 type] 
Type ud5_sesion3.DepartamentoEntity is not enhanced.

[2022-12-12 09:19:31 #4 type] 
Type ud5_sesion3.EmpleadoEntity is not enhanced.

[2022-12-12 09:19:31 #5 store] 
Database 'C:\Users\dam2alu13\git\Acceso_a_Datos\Acceso_a_datos1112\db\empleados.odb' is closed by 3848@B01-PC05

------------------------------------------------------------------------------------------------------------------------

[2022-12-12 09:20:14 #1 store] 
Database 'C:\Users\dam2alu13\git\Acceso_a_Datos\Acceso_a_datos1112\db\empleados.odb' is opened by 8548@B01-PC05

[2022-12-12 09:20:14 #2 store] 
Configuration path: ?

[2022-12-12 09:20:14 #3 type] 
Type ud5_sesion3.DepartamentoEntity is not enhanced.

[2022-12-12 09:20:14 #4 type] 
Type ud5_sesion3.EmpleadoEntity is not enhanced.

[2022-12-12 09:20:14 #5 store] 
Database 'C:\Users\dam2alu13\git\Acceso_a_Datos\Acceso_a_datos1112\db\empleados.odb' is closed by 8548@B01-PC05

------------------------------------------------------------------------------------------------------------------------

[2022-12-12 09:22:21 #1 store] 
Database 'C:\Users\dam2alu13\git\Acceso_a_Datos\Acceso_a_datos1112\db\empleados.odb' is opened by 10768@B01-PC05

[2022-12-12 09:22:21 #2 store] 
Configuration path: ?

[2022-12-12 09:22:21 #3 type] 
Type ud5_sesion3.DepartamentoEntity is not enhanced.

[2022-12-12 09:22:21 #4 type] 
Type ud5_sesion3.EmpleadoEntity is not enhanced.

------------------------------------------------------------------------------------------------------------------------

[2022-12-12 09:22:35 #1 store] 
Database 'C:\Users\dam2alu13\git\Acceso_a_Datos\Acceso_a_datos1112\db\empleados.odb' is opened by 2400@B01-PC05

[2022-12-12 09:22:35 #2 store] 
Configuration path: ?

[2022-12-12 09:22:35 #3 type] 
Type ud5_sesion3.DepartamentoEntity is not enhanced.

[2022-12-12 09:22:35 #4 type] 
Type ud5_sesion3.EmpleadoEntity is not enhanced.

------------------------------------------------------------------------------------------------------------------------

[2022-12-12 09:22:47 #1 store] 
Database 'C:\Users\dam2alu13\git\Acceso_a_Datos\Acceso_a_datos1112\db\empleados.odb' is opened by 2116@B01-PC05

[2022-12-12 09:22:47 #2 store] 
Configuration path: ?

[2022-12-12 09:22:47 #3 type] 
Type ud5_sesion3.DepartamentoEntity is not enhanced.

[2022-12-12 09:22:47 #4 type] 
Type ud5_sesion3.EmpleadoEntity is not enhanced.

------------------------------------------------------------------------------------------------------------------------

[2022-12-12 09:22:52 #1 store] 
Database 'C:\Users\dam2alu13\git\Acceso_a_Datos\Acceso_a_datos1112\db\empleados.odb' is opened by 8464@B01-PC05

[2022-12-12 09:22:52 #2 store] 
Configuration path: ?

[2022-12-12 09:22:52 #3 type] 
Type ud5_sesion3.DepartamentoEntity is not enhanced.

[2022-12-12 09:22:52 #4 type] 
Type ud5_sesion3.EmpleadoEntity is not enhanced.

------------------------------------------------------------------------------------------------------------------------

[2022-12-12 09:22:58 #1 store] 
Database 'C:\Users\dam2alu13\git\Acceso_a_Datos\Acceso_a_datos1112\db\empleados.odb' is opened by 12304@B01-PC05

[2022-12-12 09:22:58 #2 store] 
Configuration path: ?

[2022-12-12 09:22:58 #3 type] 
Type ud5_sesion3.DepartamentoEntity is not enhanced.

[2022-12-12 09:22:58 #4 type] 
Type ud5_sesion3.EmpleadoEntity is not enhanced.

[2022-12-12 09:22:59 #5 query] 
Error during query execution: select nombre, count(distinct (empleados)), sum(empleados.salario), max(empleados.salario) from DepartamentoEntity group by nombre having count(empleados) >= 5(null)

[2022-12-12 09:22:59 #6 *] 
[ObjectDB 2.8.6] Unexpected exception (Error 990)
  Generated by Java HotSpot(TM) Client VM 1.8.0_341 (on Windows 10 10.0).
Please report this error on http://www.objectdb.com/issue/new
com.objectdb.o.InternalException: null
com.objectdb.o.InternalException
	at com.objectdb.o.InternalException.f(InternalException.java:235)
	at com.objectdb.o.QNF.b(QNF.java:884)
	at com.objectdb.o.QNF.r(QNF.java:868)
	at com.objectdb.o.QNF.x(QNF.java:499)
	at com.objectdb.o.QNF.h(QNF.java:412)
	at com.objectdb.o.QNF.v(QNF.java:171)
	at com.objectdb.o.QNF.a(QNF.java:1227)
	at com.objectdb.o.QNF.v(QNF.java:267)
	at com.objectdb.o.QRC.f(QRC.java:643)
	at com.objectdb.o.QRC.g(QRC.java:615)
	at com.objectdb.o.QRC.m(QRC.java:560)
	at com.objectdb.o.QRC.t(QRC.java:241)
	at com.objectdb.o.QRC.j(QRC.java:190)
	at com.objectdb.o.QRM.Zq(QRM.java:273)
	at com.objectdb.o.MST.Zq(MST.java:1019)
	at com.objectdb.o.WRA.Zq(WRA.java:313)
	at com.objectdb.o.WSM.Zq(WSM.java:117)
	at com.objectdb.o.QRR.k(QRR.java:260)
	at com.objectdb.o.QRR.i(QRR.java:154)
	at com.objectdb.jpa.JpaQuery.getResultList(JpaQuery.java:726)
	at ud5_sesion3.AccesoBdatos.nombreNumEmplTotalSalarioMaxSalarioDepMin5(AccesoBdatos.java:162)
	at ud5_sesion3.Main2.main(Main2.java:38)

------------------------------------------------------------------------------------------------------------------------

[2022-12-12 09:23:24 #1 store] 
Database 'C:\Users\dam2alu13\git\Acceso_a_Datos\Acceso_a_datos1112\db\empleados.odb' is opened by 4272@B01-PC05

[2022-12-12 09:23:24 #2 store] 
Configuration path: ?

[2022-12-12 09:23:24 #3 type] 
Type ud5_sesion3.DepartamentoEntity is not enhanced.

[2022-12-12 09:23:24 #4 type] 
Type ud5_sesion3.EmpleadoEntity is not enhanced.

------------------------------------------------------------------------------------------------------------------------

[2022-12-12 09:23:43 #1 store] 
Database 'C:\Users\dam2alu13\git\Acceso_a_Datos\Acceso_a_datos1112\db\empleados.odb' is opened by 4224@B01-PC05

[2022-12-12 09:23:43 #2 store] 
Configuration path: ?

[2022-12-12 09:23:43 #3 type] 
Type ud5_sesion3.DepartamentoEntity is not enhanced.

[2022-12-12 09:23:43 #4 type] 
Type ud5_sesion3.EmpleadoEntity is not enhanced.

------------------------------------------------------------------------------------------------------------------------

[2022-12-12 09:24:24 #1 store] 
Database 'C:\Users\dam2alu13\git\Acceso_a_Datos\Acceso_a_datos1112\db\empleados.odb' is opened by 11032@B01-PC05

[2022-12-12 09:24:24 #2 store] 
Configuration path: ?

[2022-12-12 09:24:24 #3 type] 
Type ud5_sesion3.DepartamentoEntity is not enhanced.

[2022-12-12 09:24:24 #4 type] 
Type ud5_sesion3.EmpleadoEntity is not enhanced.

------------------------------------------------------------------------------------------------------------------------

[2022-12-12 09:24:31 #1 store] 
Database 'C:\Users\dam2alu13\git\Acceso_a_Datos\Acceso_a_datos1112\db\empleados.odb' is opened by 5496@B01-PC05

[2022-12-12 09:24:31 #2 store] 
Configuration path: ?

[2022-12-12 09:24:31 #3 type] 
Type ud5_sesion3.DepartamentoEntity is not enhanced.

[2022-12-12 09:24:31 #4 type] 
Type ud5_sesion3.EmpleadoEntity is not enhanced.

------------------------------------------------------------------------------------------------------------------------

[2022-12-12 09:24:40 #1 store] 
Database 'C:\Users\dam2alu13\git\Acceso_a_Datos\Acceso_a_datos1112\db\empleados.odb' is opened by 7984@B01-PC05

[2022-12-12 09:24:40 #2 store] 
Configuration path: ?

[2022-12-12 09:24:40 #3 type] 
Type ud5_sesion3.DepartamentoEntity is not enhanced.

[2022-12-12 09:24:40 #4 type] 
Type ud5_sesion3.EmpleadoEntity is not enhanced.

------------------------------------------------------------------------------------------------------------------------

[2022-12-12 09:25:04 #1 store] 
Database 'C:\Users\dam2alu13\git\Acceso_a_Datos\Acceso_a_datos1112\db\empleados.odb' is opened by 9572@B01-PC05

[2022-12-12 09:25:04 #2 store] 
Configuration path: ?

[2022-12-12 09:25:04 #3 type] 
Type ud5_sesion3.DepartamentoEntity is not enhanced.

[2022-12-12 09:25:04 #4 type] 
Type ud5_sesion3.EmpleadoEntity is not enhanced.

[2022-12-12 09:25:04 #5 store] 
Database 'C:\Users\dam2alu13\git\Acceso_a_Datos\Acceso_a_datos1112\db\empleados.odb' is closed by 9572@B01-PC05

------------------------------------------------------------------------------------------------------------------------

[2022-12-12 09:30:18 #1 store] 
Database 'C:\Users\dam2alu13\git\Acceso_a_Datos\Acceso_a_datos1112\db\empleados.odb' is opened by 9296@B01-PC05

[2022-12-12 09:30:18 #2 store] 
Configuration path: ?

[2022-12-12 09:30:18 #3 type] 
Type ud5_sesion3.DepartamentoEntity is not enhanced.

[2022-12-12 09:30:18 #4 type] 
Type ud5_sesion3.EmpleadoEntity is not enhanced.

------------------------------------------------------------------------------------------------------------------------

[2022-12-12 09:30:37 #1 store] 
Database 'C:\Users\dam2alu13\git\Acceso_a_Datos\Acceso_a_datos1112\db\empleados.odb' is opened by 10916@B01-PC05

[2022-12-12 09:30:37 #2 store] 
Configuration path: ?

[2022-12-12 09:30:37 #3 type] 
Type ud5_sesion3.DepartamentoEntity is not enhanced.

[2022-12-12 09:30:37 #4 type] 
Type ud5_sesion3.EmpleadoEntity is not enhanced.

------------------------------------------------------------------------------------------------------------------------

[2022-12-12 09:30:40 #1 store] 
Database 'C:\Users\dam2alu13\git\Acceso_a_Datos\Acceso_a_datos1112\db\empleados.odb' is opened by 2312@B01-PC05

[2022-12-12 09:30:40 #2 store] 
Configuration path: ?

[2022-12-12 09:30:40 #3 type] 
Type ud5_sesion3.DepartamentoEntity is not enhanced.

[2022-12-12 09:30:40 #4 type] 
Type ud5_sesion3.EmpleadoEntity is not enhanced.

------------------------------------------------------------------------------------------------------------------------

[2022-12-12 09:30:43 #1 store] 
Database 'C:\Users\dam2alu13\git\Acceso_a_Datos\Acceso_a_datos1112\db\empleados.odb' is opened by 5864@B01-PC05

[2022-12-12 09:30:43 #2 store] 
Configuration path: ?

[2022-12-12 09:30:43 #3 type] 
Type ud5_sesion3.DepartamentoEntity is not enhanced.

[2022-12-12 09:30:43 #4 type] 
Type ud5_sesion3.EmpleadoEntity is not enhanced.

------------------------------------------------------------------------------------------------------------------------

[2022-12-12 09:30:57 #1 store] 
Database 'C:\Users\dam2alu13\git\Acceso_a_Datos\Acceso_a_datos1112\db\empleados.odb' is opened by 10508@B01-PC05

[2022-12-12 09:30:57 #2 store] 
Configuration path: ?

[2022-12-12 09:30:57 #3 type] 
Type ud5_sesion3.DepartamentoEntity is not enhanced.

[2022-12-12 09:30:57 #4 type] 
Type ud5_sesion3.EmpleadoEntity is not enhanced.

------------------------------------------------------------------------------------------------------------------------

[2022-12-12 09:31:00 #1 store] 
Database 'C:\Users\dam2alu13\git\Acceso_a_Datos\Acceso_a_datos1112\db\empleados.odb' is opened by 2656@B01-PC05

[2022-12-12 09:31:00 #2 store] 
Configuration path: ?

[2022-12-12 09:31:00 #3 type] 
Type ud5_sesion3.DepartamentoEntity is not enhanced.

[2022-12-12 09:31:00 #4 type] 
Type ud5_sesion3.EmpleadoEntity is not enhanced.

------------------------------------------------------------------------------------------------------------------------

[2022-12-12 09:31:04 #1 store] 
Database 'C:\Users\dam2alu13\git\Acceso_a_Datos\Acceso_a_datos1112\db\empleados.odb' is opened by 9952@B01-PC05

[2022-12-12 09:31:04 #2 store] 
Configuration path: ?

[2022-12-12 09:31:04 #3 type] 
Type ud5_sesion3.DepartamentoEntity is not enhanced.

[2022-12-12 09:31:04 #4 type] 
Type ud5_sesion3.EmpleadoEntity is not enhanced.

------------------------------------------------------------------------------------------------------------------------

[2022-12-12 09:32:51 #1 store] 
Database 'C:\Users\dam2alu13\git\Acceso_a_Datos\Acceso_a_datos1112\db\empleados.odb' is opened by 4724@B01-PC05

[2022-12-12 09:32:51 #2 store] 
Configuration path: ?

[2022-12-12 09:32:51 #3 type] 
Type ud5_sesion3.DepartamentoEntity is not enhanced.

[2022-12-12 09:32:51 #4 type] 
Type ud5_sesion3.EmpleadoEntity is not enhanced.

------------------------------------------------------------------------------------------------------------------------

[2022-12-12 09:32:56 #1 store] 
Database 'C:\Users\dam2alu13\git\Acceso_a_Datos\Acceso_a_datos1112\db\empleados.odb' is opened by 6628@B01-PC05

[2022-12-12 09:32:56 #2 store] 
Configuration path: ?

[2022-12-12 09:32:56 #3 type] 
Type ud5_sesion3.DepartamentoEntity is not enhanced.

[2022-12-12 09:32:56 #4 type] 
Type ud5_sesion3.EmpleadoEntity is not enhanced.

------------------------------------------------------------------------------------------------------------------------

[2022-12-12 09:33:38 #1 store] 
Database 'C:\Users\dam2alu13\git\Acceso_a_Datos\Acceso_a_datos1112\db\empleados.odb' is opened by 10600@B01-PC05

[2022-12-12 09:33:38 #2 store] 
Configuration path: ?

[2022-12-12 09:33:38 #3 type] 
Type ud5_sesion3.DepartamentoEntity is not enhanced.

[2022-12-12 09:33:38 #4 type] 
Type ud5_sesion3.EmpleadoEntity is not enhanced.

------------------------------------------------------------------------------------------------------------------------

[2022-12-12 09:33:58 #1 store] 
Database 'C:\Users\dam2alu13\git\Acceso_a_Datos\Acceso_a_datos1112\db\empleados.odb' is opened by 6756@B01-PC05

[2022-12-12 09:33:58 #2 store] 
Configuration path: ?

[2022-12-12 09:33:58 #3 type] 
Type ud5_sesion3.DepartamentoEntity is not enhanced.

[2022-12-12 09:33:58 #4 type] 
Type ud5_sesion3.EmpleadoEntity is not enhanced.

------------------------------------------------------------------------------------------------------------------------

[2022-12-12 09:34:25 #1 store] 
Database 'C:\Users\dam2alu13\git\Acceso_a_Datos\Acceso_a_datos1112\db\empleados.odb' is opened by 1136@B01-PC05

[2022-12-12 09:34:25 #2 store] 
Configuration path: ?

[2022-12-12 09:34:25 #3 type] 
Type ud5_sesion3.DepartamentoEntity is not enhanced.

[2022-12-12 09:34:25 #4 type] 
Type ud5_sesion3.EmpleadoEntity is not enhanced.

[2022-12-12 09:34:25 #5 store] 
Database 'C:\Users\dam2alu13\git\Acceso_a_Datos\Acceso_a_datos1112\db\empleados.odb' is closed by 1136@B01-PC05

------------------------------------------------------------------------------------------------------------------------

[2022-12-12 09:34:35 #1 store] 
Database 'C:\Users\dam2alu13\git\Acceso_a_Datos\Acceso_a_datos1112\db\empleados.odb' is opened by 684@B01-PC05

[2022-12-12 09:34:35 #2 store] 
Configuration path: ?

[2022-12-12 09:34:35 #3 type] 
Type ud5_sesion3.DepartamentoEntity is not enhanced.

[2022-12-12 09:34:35 #4 type] 
Type ud5_sesion3.EmpleadoEntity is not enhanced.

------------------------------------------------------------------------------------------------------------------------

[2022-12-12 09:35:47 #1 store] 
Database 'C:\Users\dam2alu13\git\Acceso_a_Datos\Acceso_a_datos1112\db\empleados.odb' is opened by 6680@B01-PC05

[2022-12-12 09:35:47 #2 store] 
Configuration path: ?

[2022-12-12 09:35:47 #3 type] 
Type ud5_sesion3.DepartamentoEntity is not enhanced.

[2022-12-12 09:35:47 #4 type] 
Type ud5_sesion3.EmpleadoEntity is not enhanced.

[2022-12-12 09:35:47 #5 store] 
Database 'C:\Users\dam2alu13\git\Acceso_a_Datos\Acceso_a_datos1112\db\empleados.odb' is closed by 6680@B01-PC05

------------------------------------------------------------------------------------------------------------------------

[2022-12-12 09:36:13 #1 store] 
Database 'C:\Users\dam2alu13\git\Acceso_a_Datos\Acceso_a_datos1112\db\empleados.odb' is opened by 13192@B01-PC05

[2022-12-12 09:36:13 #2 store] 
Configuration path: ?

[2022-12-12 09:36:13 #3 type] 
Type ud5_sesion3.DepartamentoEntity is not enhanced.

[2022-12-12 09:36:13 #4 type] 
Type ud5_sesion3.EmpleadoEntity is not enhanced.

[2022-12-12 09:36:13 #5 store] 
Database 'C:\Users\dam2alu13\git\Acceso_a_Datos\Acceso_a_datos1112\db\empleados.odb' is closed by 13192@B01-PC05

------------------------------------------------------------------------------------------------------------------------

[2022-12-12 09:36:24 #1 store] 
Database 'C:\Users\dam2alu13\git\Acceso_a_Datos\Acceso_a_datos1112\db\empleados.odb' is opened by 1808@B01-PC05

[2022-12-12 09:36:24 #2 store] 
Configuration path: ?

[2022-12-12 09:36:24 #3 type] 
Type ud5_sesion3.DepartamentoEntity is not enhanced.

[2022-12-12 09:36:24 #4 type] 
Type ud5_sesion3.EmpleadoEntity is not enhanced.

------------------------------------------------------------------------------------------------------------------------

[2022-12-12 09:36:48 #1 store] 
Database 'C:\Users\dam2alu13\git\Acceso_a_Datos\Acceso_a_datos1112\db\empleados.odb' is opened by 6700@B01-PC05

[2022-12-12 09:36:48 #2 store] 
Configuration path: ?

[2022-12-12 09:36:48 #3 type] 
Type ud5_sesion3.DepartamentoEntity is not enhanced.

[2022-12-12 09:36:48 #4 type] 
Type ud5_sesion3.EmpleadoEntity is not enhanced.

------------------------------------------------------------------------------------------------------------------------

[2022-12-12 09:37:01 #1 store] 
Database 'C:\Users\dam2alu13\git\Acceso_a_Datos\Acceso_a_datos1112\db\empleados.odb' is opened by 4024@B01-PC05

[2022-12-12 09:37:01 #2 store] 
Configuration path: ?

[2022-12-12 09:37:01 #3 type] 
Type ud5_sesion3.DepartamentoEntity is not enhanced.

[2022-12-12 09:37:01 #4 type] 
Type ud5_sesion3.EmpleadoEntity is not enhanced.

------------------------------------------------------------------------------------------------------------------------

[2022-12-12 09:37:08 #1 store] 
Database 'C:\Users\dam2alu13\git\Acceso_a_Datos\Acceso_a_datos1112\db\empleados.odb' is opened by 2624@B01-PC05

[2022-12-12 09:37:08 #2 store] 
Configuration path: ?

[2022-12-12 09:37:08 #3 type] 
Type ud5_sesion3.DepartamentoEntity is not enhanced.

[2022-12-12 09:37:08 #4 type] 
Type ud5_sesion3.EmpleadoEntity is not enhanced.

------------------------------------------------------------------------------------------------------------------------

[2022-12-12 09:38:38 #1 store] 
Database 'C:\Users\dam2alu13\git\Acceso_a_Datos\Acceso_a_datos1112\db\empleados.odb' is opened by 8292@B01-PC05

[2022-12-12 09:38:38 #2 store] 
Configuration path: ?

[2022-12-12 09:38:38 #3 type] 
Type ud5_sesion3.DepartamentoEntity is not enhanced.

[2022-12-12 09:38:38 #4 type] 
Type ud5_sesion3.EmpleadoEntity is not enhanced.

------------------------------------------------------------------------------------------------------------------------

[2022-12-12 09:39:24 #1 store] 
Database 'C:\Users\dam2alu13\git\Acceso_a_Datos\Acceso_a_datos1112\db\empleados.odb' is opened by 2104@B01-PC05

[2022-12-12 09:39:24 #2 store] 
Configuration path: ?

[2022-12-12 09:39:24 #3 type] 
Type ud5_sesion3.DepartamentoEntity is not enhanced.

[2022-12-12 09:39:24 #4 type] 
Type ud5_sesion3.EmpleadoEntity is not enhanced.

------------------------------------------------------------------------------------------------------------------------

[2022-12-12 09:40:08 #1 store] 
Database 'C:\Users\dam2alu13\git\Acceso_a_Datos\Acceso_a_datos1112\db\empleados.odb' is opened by 10992@B01-PC05

[2022-12-12 09:40:08 #2 store] 
Configuration path: ?

[2022-12-12 09:40:08 #3 type] 
Type ud5_sesion3.DepartamentoEntity is not enhanced.

[2022-12-12 09:40:08 #4 type] 
Type ud5_sesion3.EmpleadoEntity is not enhanced.

------------------------------------------------------------------------------------------------------------------------

[2022-12-12 09:40:22 #1 store] 
Database 'C:\Users\dam2alu13\git\Acceso_a_Datos\Acceso_a_datos1112\db\empleados.odb' is opened by 9248@B01-PC05

[2022-12-12 09:40:22 #2 store] 
Configuration path: ?

[2022-12-12 09:40:22 #3 type] 
Type ud5_sesion3.DepartamentoEntity is not enhanced.

[2022-12-12 09:40:22 #4 type] 
Type ud5_sesion3.EmpleadoEntity is not enhanced.

