------------------------------------------------------------------------------------------------------------------------

[2022-12-16 13:31:17 #1 store] 
Database 'C:\Users\dam2alu13\git\Acceso_a_Datos\Acceso_a_datos1112\db\empleados.odb' is opened by 8508@B01-PC05

[2022-12-16 13:31:17 #2 store] 
Configuration path: ?

[2022-12-16 13:31:17 #3 type] 
Type ud5_sesion3.DepartamentoEntity is not enhanced.

[2022-12-16 13:31:17 #4 type] 
Type ud5_sesion3.EmpleadoEntity is not enhanced.

[2022-12-16 13:31:17 #5 store] 
Database 'C:\Users\dam2alu13\git\Acceso_a_Datos\Acceso_a_datos1112\db\empleados.odb' is closed by 8508@B01-PC05

[2022-12-16 13:31:17 #6 store] 
Database 'C:\Users\dam2alu13\git\Acceso_a_Datos\Acceso_a_datos1112\db\empleados.odb' is opened by 8508@B01-PC05

[2022-12-16 13:31:17 #7 store] 
Configuration path: ?

[2022-12-16 13:31:17 #8 store] 
Database 'C:\Users\dam2alu13\git\Acceso_a_Datos\Acceso_a_datos1112\db\empleados.odb' is closed by 8508@B01-PC05

[2022-12-16 13:31:17 #9 store] 
Database 'C:\Users\dam2alu13\git\Acceso_a_Datos\Acceso_a_datos1112\db\empleados.odb' is opened by 8508@B01-PC05

[2022-12-16 13:31:17 #10 store] 
Configuration path: ?

[2022-12-16 13:31:17 #11 store] 
Database 'C:\Users\dam2alu13\git\Acceso_a_Datos\Acceso_a_datos1112\db\empleados.odb' is closed by 8508@B01-PC05

[2022-12-16 13:31:18 #12 store] 
Database 'C:\Users\dam2alu13\git\Acceso_a_Datos\Acceso_a_datos1112\db\empleados.odb' is opened by 8508@B01-PC05

[2022-12-16 13:31:18 #13 store] 
Configuration path: ?

[2022-12-16 13:31:18 #14 store] 
Database 'C:\Users\dam2alu13\git\Acceso_a_Datos\Acceso_a_datos1112\db\empleados.odb' is closed by 8508@B01-PC05

[2022-12-16 13:31:18 #15 store] 
Database 'C:\Users\dam2alu13\git\Acceso_a_Datos\Acceso_a_datos1112\db\empleados.odb' is opened by 8508@B01-PC05

[2022-12-16 13:31:18 #16 store] 
Configuration path: ?

[2022-12-16 13:31:18 #17 store] 
Database 'C:\Users\dam2alu13\git\Acceso_a_Datos\Acceso_a_datos1112\db\empleados.odb' is closed by 8508@B01-PC05

[2022-12-16 13:31:18 #18 store] 
Database 'C:\Users\dam2alu13\git\Acceso_a_Datos\Acceso_a_datos1112\db\empleados.odb' is opened by 8508@B01-PC05

[2022-12-16 13:31:18 #19 store] 
Configuration path: ?

[2022-12-16 13:31:18 #20 store] 
Database 'C:\Users\dam2alu13\git\Acceso_a_Datos\Acceso_a_datos1112\db\empleados.odb' is closed by 8508@B01-PC05

------------------------------------------------------------------------------------------------------------------------

[2022-12-16 13:31:25 #1 store] 
Database 'C:\Users\dam2alu13\git\Acceso_a_Datos\Acceso_a_datos1112\db\empleados.odb' is opened by 6844@B01-PC05

[2022-12-16 13:31:25 #2 store] 
Configuration path: ?

[2022-12-16 13:31:26 #3 type] 
Type ud5_sesion3.DepartamentoEntity is not enhanced.

[2022-12-16 13:31:26 #4 type] 
Type ud5_sesion3.EmpleadoEntity is not enhanced.

[2022-12-16 13:31:26 #5 store] 
Database 'C:\Users\dam2alu13\git\Acceso_a_Datos\Acceso_a_datos1112\db\empleados.odb' is closed by 6844@B01-PC05

[2022-12-16 13:31:26 #6 store] 
Database 'C:\Users\dam2alu13\git\Acceso_a_Datos\Acceso_a_datos1112\db\empleados.odb' is opened by 6844@B01-PC05

[2022-12-16 13:31:26 #7 store] 
Configuration path: ?

[2022-12-16 13:31:26 #8 store] 
Database 'C:\Users\dam2alu13\git\Acceso_a_Datos\Acceso_a_datos1112\db\empleados.odb' is closed by 6844@B01-PC05

[2022-12-16 13:31:26 #9 store] 
Database 'C:\Users\dam2alu13\git\Acceso_a_Datos\Acceso_a_datos1112\db\empleados.odb' is opened by 6844@B01-PC05

[2022-12-16 13:31:26 #10 store] 
Configuration path: ?

[2022-12-16 13:31:26 #11 store] 
Database 'C:\Users\dam2alu13\git\Acceso_a_Datos\Acceso_a_datos1112\db\empleados.odb' is closed by 6844@B01-PC05

[2022-12-16 13:31:26 #12 store] 
Database 'C:\Users\dam2alu13\git\Acceso_a_Datos\Acceso_a_datos1112\db\empleados.odb' is opened by 6844@B01-PC05

[2022-12-16 13:31:26 #13 store] 
Configuration path: ?

[2022-12-16 13:31:26 #14 store] 
Database 'C:\Users\dam2alu13\git\Acceso_a_Datos\Acceso_a_datos1112\db\empleados.odb' is closed by 6844@B01-PC05

------------------------------------------------------------------------------------------------------------------------

[2022-12-16 13:35:23 #1 store] 
Database 'C:\Users\dam2alu13\git\Acceso_a_Datos\Acceso_a_datos1112\db\empleados.odb' is opened by 10320@B01-PC05

[2022-12-16 13:35:23 #2 store] 
Configuration path: ?

[2022-12-16 13:35:23 #3 type] 
Type ud5_sesion3.DepartamentoEntity is not enhanced.

[2022-12-16 13:35:23 #4 type] 
Type ud5_sesion3.EmpleadoEntity is not enhanced.

------------------------------------------------------------------------------------------------------------------------

[2022-12-16 13:43:20 #1 store] 
Database 'C:\Users\dam2alu13\git\Acceso_a_Datos\Acceso_a_datos1112\db\socios.odb' is opened by 11652@B01-PC05

[2022-12-16 13:43:20 #2 store] 
Configuration path: ?

[2022-12-16 13:43:20 #3 type] 
Type ud5_sesion4.Socio is not enhanced.

[2022-12-16 13:43:20 #4 store] 
Database 'C:\Users\dam2alu13\git\Acceso_a_Datos\Acceso_a_datos1112\db\socios.odb' is closed by 11652@B01-PC05

------------------------------------------------------------------------------------------------------------------------

[2022-12-16 13:44:07 #1 store] 
Database 'C:\Users\dam2alu13\git\Acceso_a_Datos\Acceso_a_datos1112\db\empleados.odb' is opened by 13408@B01-PC05

[2022-12-16 13:44:07 #2 store] 
Configuration path: ?

[2022-12-16 13:44:07 #3 type] 
Type ud5_sesion3.DepartamentoEntity is not enhanced.

[2022-12-16 13:44:07 #4 type] 
Type ud5_sesion3.EmpleadoEntity is not enhanced.

------------------------------------------------------------------------------------------------------------------------

[2022-12-16 13:45:02 #1 store] 
Database 'C:\Users\dam2alu13\git\Acceso_a_Datos\Acceso_a_datos1112\db\socios.odb' is opened by 4824@B01-PC05

[2022-12-16 13:45:02 #2 store] 
Configuration path: ?

[2022-12-16 13:45:02 #3 type] 
Type ud5_sesion4.Socio is not enhanced.

------------------------------------------------------------------------------------------------------------------------

[2022-12-16 13:45:25 #1 store] 
Database 'C:\Users\dam2alu13\git\Acceso_a_Datos\Acceso_a_datos1112\db\socios.odb' is opened by 9780@B01-PC05

[2022-12-16 13:45:25 #2 store] 
Configuration path: ?

[2022-12-16 13:45:25 #3 type] 
Type ud5_sesion4.Socio is not enhanced.

------------------------------------------------------------------------------------------------------------------------

[2022-12-16 13:48:16 #1 store] 
Database 'C:\Users\dam2alu13\git\Acceso_a_Datos\Acceso_a_datos1112\db\socios.odb' is opened by 12384@B01-PC05

[2022-12-16 13:48:16 #2 store] 
Configuration path: ?

[2022-12-16 13:48:16 #3 type] 
Type ud5_sesion4.Socio is not enhanced.

------------------------------------------------------------------------------------------------------------------------

[2022-12-16 13:48:57 #1 store] 
Database 'C:\Users\dam2alu13\git\Acceso_a_Datos\Acceso_a_datos1112\db\socios.odb' is opened by 11544@B01-PC05

[2022-12-16 13:48:57 #2 store] 
Configuration path: ?

[2022-12-16 13:48:57 #3 type] 
Type ud5_sesion4.Socio is not enhanced.

[2022-12-16 13:48:57 #4 store] 
Database 'C:\Users\dam2alu13\git\Acceso_a_Datos\Acceso_a_datos1112\db\socios.odb' is closed by 11544@B01-PC05

------------------------------------------------------------------------------------------------------------------------

[2022-12-16 13:49:50 #1 store] 
Database 'C:\Users\dam2alu13\git\Acceso_a_Datos\Acceso_a_datos1112\db\socios.odb' is opened by 6860@B01-PC05

[2022-12-16 13:49:50 #2 store] 
Configuration path: ?

[2022-12-16 13:49:50 #3 type] 
Type ud5_sesion4.Socio is not enhanced.

[2022-12-16 13:49:50 #4 store] 
Database 'C:\Users\dam2alu13\git\Acceso_a_Datos\Acceso_a_datos1112\db\socios.odb' is closed by 6860@B01-PC05

[2022-12-16 13:49:52 #5 store] 
Database 'C:\Users\dam2alu13\git\Acceso_a_Datos\Acceso_a_datos1112\db\socios.odb' is opened by 6860@B01-PC05

[2022-12-16 13:49:52 #6 store] 
Configuration path: ?

[2022-12-16 13:49:52 #7 store] 
Database 'C:\Users\dam2alu13\git\Acceso_a_Datos\Acceso_a_datos1112\db\socios.odb' is closed by 6860@B01-PC05

[2022-12-16 13:49:53 #8 store] 
Database 'C:\Users\dam2alu13\git\Acceso_a_Datos\Acceso_a_datos1112\db\socios.odb' is opened by 6860@B01-PC05

[2022-12-16 13:49:53 #9 store] 
Configuration path: ?

[2022-12-16 13:49:53 #10 store] 
Database 'C:\Users\dam2alu13\git\Acceso_a_Datos\Acceso_a_datos1112\db\socios.odb' is closed by 6860@B01-PC05

[2022-12-16 13:49:53 #11 store] 
Database 'C:\Users\dam2alu13\git\Acceso_a_Datos\Acceso_a_datos1112\db\socios.odb' is opened by 6860@B01-PC05

[2022-12-16 13:49:53 #12 store] 
Configuration path: ?

[2022-12-16 13:49:53 #13 store] 
Database 'C:\Users\dam2alu13\git\Acceso_a_Datos\Acceso_a_datos1112\db\socios.odb' is closed by 6860@B01-PC05

[2022-12-16 13:49:53 #14 store] 
Database 'C:\Users\dam2alu13\git\Acceso_a_Datos\Acceso_a_datos1112\db\socios.odb' is opened by 6860@B01-PC05

[2022-12-16 13:49:53 #15 store] 
Configuration path: ?

[2022-12-16 13:49:53 #16 store] 
Database 'C:\Users\dam2alu13\git\Acceso_a_Datos\Acceso_a_datos1112\db\socios.odb' is closed by 6860@B01-PC05

[2022-12-16 13:49:53 #17 store] 
Database 'C:\Users\dam2alu13\git\Acceso_a_Datos\Acceso_a_datos1112\db\socios.odb' is opened by 6860@B01-PC05

[2022-12-16 13:49:53 #18 store] 
Configuration path: ?

[2022-12-16 13:49:53 #19 store] 
Database 'C:\Users\dam2alu13\git\Acceso_a_Datos\Acceso_a_datos1112\db\socios.odb' is closed by 6860@B01-PC05

------------------------------------------------------------------------------------------------------------------------

[2022-12-16 13:50:01 #1 store] 
Database 'C:\Users\dam2alu13\git\Acceso_a_Datos\Acceso_a_datos1112\db\socios.odb' is opened by 12292@B01-PC05

[2022-12-16 13:50:01 #2 store] 
Configuration path: ?

[2022-12-16 13:50:01 #3 type] 
Type ud5_sesion4.Socio is not enhanced.

[2022-12-16 13:50:01 #4 store] 
Database 'C:\Users\dam2alu13\git\Acceso_a_Datos\Acceso_a_datos1112\db\socios.odb' is closed by 12292@B01-PC05

------------------------------------------------------------------------------------------------------------------------

[2022-12-16 13:51:10 #1 store] 
Database 'C:\Users\dam2alu13\git\Acceso_a_Datos\Acceso_a_datos1112\db\socios.odb' is opened by 12580@B01-PC05

[2022-12-16 13:51:10 #2 store] 
Configuration path: ?

[2022-12-16 13:51:10 #3 type] 
Type ud5_sesion4.Socio is not enhanced.

------------------------------------------------------------------------------------------------------------------------

[2022-12-16 13:51:20 #1 store] 
Database 'C:\Users\dam2alu13\git\Acceso_a_Datos\Acceso_a_datos1112\db\socios.odb' is opened by 14224@B01-PC05

[2022-12-16 13:51:20 #2 store] 
Configuration path: ?

[2022-12-16 13:51:20 #3 type] 
Type ud5_sesion4.Socio is not enhanced.

[2022-12-16 13:51:20 #4 store] 
Database 'C:\Users\dam2alu13\git\Acceso_a_Datos\Acceso_a_datos1112\db\socios.odb' is closed by 14224@B01-PC05

------------------------------------------------------------------------------------------------------------------------

[2022-12-16 13:51:49 #1 store] 
Database 'C:\Users\dam2alu13\git\Acceso_a_Datos\Acceso_a_datos1112\db\socios.odb' is opened by 13404@B01-PC05

[2022-12-16 13:51:49 #2 store] 
Configuration path: ?

[2022-12-16 13:51:49 #3 type] 
Type ud5_sesion4.Socio is not enhanced.

------------------------------------------------------------------------------------------------------------------------

[2022-12-16 13:52:46 #1 store] 
Database 'C:\Users\dam2alu13\git\Acceso_a_Datos\Acceso_a_datos1112\db\socios.odb' is opened by 14296@B01-PC05

[2022-12-16 13:52:46 #2 store] 
Configuration path: ?

[2022-12-16 13:52:46 #3 type] 
Type ud5_sesion4.Socio is not enhanced.

------------------------------------------------------------------------------------------------------------------------

[2022-12-16 13:54:59 #1 store] 
Database 'C:\Users\dam2alu13\git\Acceso_a_Datos\Acceso_a_datos1112\db\socios.odb' is opened by 10256@B01-PC05

[2022-12-16 13:54:59 #2 store] 
Configuration path: ?

[2022-12-16 13:54:59 #3 type] 
Type ud5_sesion4.Socio is not enhanced.

[2022-12-16 13:54:59 #4 store] 
Database 'C:\Users\dam2alu13\git\Acceso_a_Datos\Acceso_a_datos1112\db\socios.odb' is closed by 10256@B01-PC05

[2022-12-16 13:55:00 #5 store] 
Database 'C:\Users\dam2alu13\git\Acceso_a_Datos\Acceso_a_datos1112\db\socios.odb' is opened by 10256@B01-PC05

[2022-12-16 13:55:00 #6 store] 
Configuration path: ?

[2022-12-16 13:55:00 #7 store] 
Database 'C:\Users\dam2alu13\git\Acceso_a_Datos\Acceso_a_datos1112\db\socios.odb' is closed by 10256@B01-PC05

[2022-12-16 13:55:01 #8 store] 
Database 'C:\Users\dam2alu13\git\Acceso_a_Datos\Acceso_a_datos1112\db\socios.odb' is opened by 10256@B01-PC05

[2022-12-16 13:55:01 #9 store] 
Configuration path: ?

[2022-12-16 13:55:01 #10 store] 
Database 'C:\Users\dam2alu13\git\Acceso_a_Datos\Acceso_a_datos1112\db\socios.odb' is closed by 10256@B01-PC05

[2022-12-16 13:55:01 #11 store] 
Database 'C:\Users\dam2alu13\git\Acceso_a_Datos\Acceso_a_datos1112\db\socios.odb' is opened by 10256@B01-PC05

[2022-12-16 13:55:01 #12 store] 
Configuration path: ?

[2022-12-16 13:55:01 #13 store] 
Database 'C:\Users\dam2alu13\git\Acceso_a_Datos\Acceso_a_datos1112\db\socios.odb' is closed by 10256@B01-PC05

[2022-12-16 13:55:01 #14 store] 
Database 'C:\Users\dam2alu13\git\Acceso_a_Datos\Acceso_a_datos1112\db\socios.odb' is opened by 10256@B01-PC05

[2022-12-16 13:55:01 #15 store] 
Configuration path: ?

[2022-12-16 13:55:01 #16 store] 
Database 'C:\Users\dam2alu13\git\Acceso_a_Datos\Acceso_a_datos1112\db\socios.odb' is closed by 10256@B01-PC05

[2022-12-16 13:55:01 #17 store] 
Database 'C:\Users\dam2alu13\git\Acceso_a_Datos\Acceso_a_datos1112\db\socios.odb' is opened by 10256@B01-PC05

[2022-12-16 13:55:01 #18 store] 
Configuration path: ?

[2022-12-16 13:55:01 #19 store] 
Database 'C:\Users\dam2alu13\git\Acceso_a_Datos\Acceso_a_datos1112\db\socios.odb' is closed by 10256@B01-PC05

[2022-12-16 13:55:01 #20 store] 
Database 'C:\Users\dam2alu13\git\Acceso_a_Datos\Acceso_a_datos1112\db\socios.odb' is opened by 10256@B01-PC05

[2022-12-16 13:55:01 #21 store] 
Configuration path: ?

[2022-12-16 13:55:01 #22 store] 
Database 'C:\Users\dam2alu13\git\Acceso_a_Datos\Acceso_a_datos1112\db\socios.odb' is closed by 10256@B01-PC05

[2022-12-16 13:55:01 #23 store] 
Database 'C:\Users\dam2alu13\git\Acceso_a_Datos\Acceso_a_datos1112\db\socios.odb' is opened by 10256@B01-PC05

[2022-12-16 13:55:01 #24 store] 
Configuration path: ?

[2022-12-16 13:55:01 #25 store] 
Database 'C:\Users\dam2alu13\git\Acceso_a_Datos\Acceso_a_datos1112\db\socios.odb' is closed by 10256@B01-PC05

------------------------------------------------------------------------------------------------------------------------

[2022-12-16 13:55:09 #1 store] 
Database 'C:\Users\dam2alu13\git\Acceso_a_Datos\Acceso_a_datos1112\db\socios.odb' is opened by 8096@B01-PC05

[2022-12-16 13:55:09 #2 store] 
Configuration path: ?

[2022-12-16 13:55:09 #3 type] 
Type ud5_sesion4.Socio is not enhanced.

[2022-12-16 13:55:09 #4 store] 
Database 'C:\Users\dam2alu13\git\Acceso_a_Datos\Acceso_a_datos1112\db\socios.odb' is closed by 8096@B01-PC05

[2022-12-16 13:55:09 #5 store] 
Database 'C:\Users\dam2alu13\git\Acceso_a_Datos\Acceso_a_datos1112\db\socios.odb' is opened by 8096@B01-PC05

[2022-12-16 13:55:09 #6 store] 
Configuration path: ?

[2022-12-16 13:55:09 #7 store] 
Database 'C:\Users\dam2alu13\git\Acceso_a_Datos\Acceso_a_datos1112\db\socios.odb' is closed by 8096@B01-PC05

[2022-12-16 13:55:09 #8 store] 
Database 'C:\Users\dam2alu13\git\Acceso_a_Datos\Acceso_a_datos1112\db\socios.odb' is opened by 8096@B01-PC05

[2022-12-16 13:55:09 #9 store] 
Configuration path: ?

[2022-12-16 13:55:09 #10 store] 
Database 'C:\Users\dam2alu13\git\Acceso_a_Datos\Acceso_a_datos1112\db\socios.odb' is closed by 8096@B01-PC05

------------------------------------------------------------------------------------------------------------------------

[2022-12-16 13:55:33 #1 store] 
Database 'C:\Users\dam2alu13\git\Acceso_a_Datos\Acceso_a_datos1112\db\socios.odb' is opened by 14100@B01-PC05

[2022-12-16 13:55:33 #2 store] 
Configuration path: ?

[2022-12-16 13:55:33 #3 type] 
Type ud5_sesion4.Socio is not enhanced.

[2022-12-16 13:55:33 #4 store] 
Database 'C:\Users\dam2alu13\git\Acceso_a_Datos\Acceso_a_datos1112\db\socios.odb' is closed by 14100@B01-PC05

------------------------------------------------------------------------------------------------------------------------

[2022-12-16 13:57:23 #1 store] 
Database 'C:\Users\dam2alu13\git\Acceso_a_Datos\Acceso_a_datos1112\db\socios.odb' is opened by 7460@B01-PC05

[2022-12-16 13:57:23 #2 store] 
Configuration path: ?

[2022-12-16 13:57:23 #3 type] 
Type ud5_sesion4.Socio is not enhanced.

------------------------------------------------------------------------------------------------------------------------

[2022-12-16 13:57:59 #1 store] 
Database 'C:\Users\dam2alu13\git\Acceso_a_Datos\Acceso_a_datos1112\db\socios.odb' is opened by 13548@B01-PC05

[2022-12-16 13:57:59 #2 store] 
Configuration path: ?

[2022-12-16 13:57:59 #3 type] 
Type ud5_sesion4.Socio is not enhanced.

[2022-12-16 13:57:59 #4 store] 
Database 'C:\Users\dam2alu13\git\Acceso_a_Datos\Acceso_a_datos1112\db\socios.odb' is closed by 13548@B01-PC05

------------------------------------------------------------------------------------------------------------------------

[2022-12-16 13:58:05 #1 store] 
Database 'C:\Users\dam2alu13\git\Acceso_a_Datos\Acceso_a_datos1112\db\socios.odb' is opened by 10380@B01-PC05

[2022-12-16 13:58:05 #2 store] 
Configuration path: ?

[2022-12-16 13:58:05 #3 type] 
Type ud5_sesion4.Socio is not enhanced.

[2022-12-16 13:58:05 #4 store] 
Database 'C:\Users\dam2alu13\git\Acceso_a_Datos\Acceso_a_datos1112\db\socios.odb' is closed by 10380@B01-PC05

------------------------------------------------------------------------------------------------------------------------

[2022-12-16 13:58:33 #1 store] 
Database 'C:\Users\dam2alu13\git\Acceso_a_Datos\Acceso_a_datos1112\db\socios.odb' is opened by 1236@B01-PC05

[2022-12-16 13:58:33 #2 store] 
Configuration path: ?

[2022-12-16 13:58:33 #3 type] 
Type ud5_sesion4.Socio is not enhanced.

[2022-12-16 13:58:33 #4 store] 
Database 'C:\Users\dam2alu13\git\Acceso_a_Datos\Acceso_a_datos1112\db\socios.odb' is closed by 1236@B01-PC05

------------------------------------------------------------------------------------------------------------------------

[2022-12-16 13:58:39 #1 store] 
Database 'C:\Users\dam2alu13\git\Acceso_a_Datos\Acceso_a_datos1112\db\socios.odb' is opened by 10544@B01-PC05

[2022-12-16 13:58:39 #2 store] 
Configuration path: ?

[2022-12-16 13:58:39 #3 type] 
Type ud5_sesion4.Socio is not enhanced.

[2022-12-16 13:58:39 #4 store] 
Database 'C:\Users\dam2alu13\git\Acceso_a_Datos\Acceso_a_datos1112\db\socios.odb' is closed by 10544@B01-PC05

------------------------------------------------------------------------------------------------------------------------

[2022-12-16 13:59:00 #1 store] 
Database 'C:\Users\dam2alu13\git\Acceso_a_Datos\Acceso_a_datos1112\db\socios.odb' is opened by 9640@B01-PC05

[2022-12-16 13:59:00 #2 store] 
Configuration path: ?

[2022-12-16 13:59:00 #3 type] 
Type ud5_sesion4.Socio is not enhanced.

[2022-12-16 13:59:00 #4 store] 
Database 'C:\Users\dam2alu13\git\Acceso_a_Datos\Acceso_a_datos1112\db\socios.odb' is closed by 9640@B01-PC05

------------------------------------------------------------------------------------------------------------------------

[2022-12-16 13:59:11 #1 store] 
Database 'C:\Users\dam2alu13\git\Acceso_a_Datos\Acceso_a_datos1112\db\socios.odb' is opened by 9900@B01-PC05

[2022-12-16 13:59:11 #2 store] 
Configuration path: ?

[2022-12-16 13:59:11 #3 type] 
Type ud5_sesion4.Socio is not enhanced.

[2022-12-16 13:59:11 #4 store] 
Database 'C:\Users\dam2alu13\git\Acceso_a_Datos\Acceso_a_datos1112\db\socios.odb' is closed by 9900@B01-PC05

------------------------------------------------------------------------------------------------------------------------

[2022-12-16 13:59:27 #1 store] 
Database 'C:\Users\dam2alu13\git\Acceso_a_Datos\Acceso_a_datos1112\db\socios.odb' is opened by 3760@B01-PC05

[2022-12-16 13:59:27 #2 store] 
Configuration path: ?

[2022-12-16 13:59:27 #3 type] 
Type ud5_sesion4.Socio is not enhanced.

[2022-12-16 13:59:27 #4 store] 
Database 'C:\Users\dam2alu13\git\Acceso_a_Datos\Acceso_a_datos1112\db\socios.odb' is closed by 3760@B01-PC05

------------------------------------------------------------------------------------------------------------------------

[2022-12-16 14:00:06 #1 store] 
Database 'C:\Users\dam2alu13\git\Acceso_a_Datos\Acceso_a_datos1112\db\socios.odb' is opened by 9888@B01-PC05

[2022-12-16 14:00:06 #2 store] 
Configuration path: ?

[2022-12-16 14:00:06 #3 type] 
Type ud5_sesion4.Socio is not enhanced.

[2022-12-16 14:00:06 #4 store] 
Database 'C:\Users\dam2alu13\git\Acceso_a_Datos\Acceso_a_datos1112\db\socios.odb' is closed by 9888@B01-PC05

[2022-12-16 14:00:08 #5 store] 
Database 'C:\Users\dam2alu13\git\Acceso_a_Datos\Acceso_a_datos1112\db\socios.odb' is opened by 9888@B01-PC05

[2022-12-16 14:00:08 #6 store] 
Configuration path: ?

[2022-12-16 14:00:08 #7 store] 
Database 'C:\Users\dam2alu13\git\Acceso_a_Datos\Acceso_a_datos1112\db\socios.odb' is closed by 9888@B01-PC05

[2022-12-16 14:00:08 #8 store] 
Database 'C:\Users\dam2alu13\git\Acceso_a_Datos\Acceso_a_datos1112\db\socios.odb' is opened by 9888@B01-PC05

[2022-12-16 14:00:08 #9 store] 
Configuration path: ?

[2022-12-16 14:00:08 #10 store] 
Database 'C:\Users\dam2alu13\git\Acceso_a_Datos\Acceso_a_datos1112\db\socios.odb' is closed by 9888@B01-PC05

[2022-12-16 14:00:08 #11 store] 
Database 'C:\Users\dam2alu13\git\Acceso_a_Datos\Acceso_a_datos1112\db\socios.odb' is opened by 9888@B01-PC05

[2022-12-16 14:00:08 #12 store] 
Configuration path: ?

[2022-12-16 14:00:08 #13 store] 
Database 'C:\Users\dam2alu13\git\Acceso_a_Datos\Acceso_a_datos1112\db\socios.odb' is closed by 9888@B01-PC05

[2022-12-16 14:00:08 #14 store] 
Database 'C:\Users\dam2alu13\git\Acceso_a_Datos\Acceso_a_datos1112\db\socios.odb' is opened by 9888@B01-PC05

[2022-12-16 14:00:08 #15 store] 
Configuration path: ?

[2022-12-16 14:00:08 #16 store] 
Database 'C:\Users\dam2alu13\git\Acceso_a_Datos\Acceso_a_datos1112\db\socios.odb' is closed by 9888@B01-PC05

------------------------------------------------------------------------------------------------------------------------

[2022-12-16 14:00:13 #1 store] 
Database 'C:\Users\dam2alu13\git\Acceso_a_Datos\Acceso_a_datos1112\db\socios.odb' is opened by 8768@B01-PC05

[2022-12-16 14:00:13 #2 store] 
Configuration path: ?

[2022-12-16 14:00:13 #3 type] 
Type ud5_sesion4.Socio is not enhanced.

[2022-12-16 14:00:13 #4 store] 
Database 'C:\Users\dam2alu13\git\Acceso_a_Datos\Acceso_a_datos1112\db\socios.odb' is closed by 8768@B01-PC05

[2022-12-16 14:00:13 #5 store] 
Database 'C:\Users\dam2alu13\git\Acceso_a_Datos\Acceso_a_datos1112\db\socios.odb' is opened by 8768@B01-PC05

[2022-12-16 14:00:13 #6 store] 
Configuration path: ?

[2022-12-16 14:00:13 #7 store] 
Database 'C:\Users\dam2alu13\git\Acceso_a_Datos\Acceso_a_datos1112\db\socios.odb' is closed by 8768@B01-PC05

[2022-12-16 14:00:15 #8 store] 
Database 'C:\Users\dam2alu13\git\Acceso_a_Datos\Acceso_a_datos1112\db\socios.odb' is opened by 8768@B01-PC05

[2022-12-16 14:00:15 #9 store] 
Configuration path: ?

[2022-12-16 14:00:15 #10 store] 
Database 'C:\Users\dam2alu13\git\Acceso_a_Datos\Acceso_a_datos1112\db\socios.odb' is closed by 8768@B01-PC05

[2022-12-16 14:00:15 #11 store] 
Database 'C:\Users\dam2alu13\git\Acceso_a_Datos\Acceso_a_datos1112\db\socios.odb' is opened by 8768@B01-PC05

[2022-12-16 14:00:15 #12 store] 
Configuration path: ?

[2022-12-16 14:00:15 #13 store] 
Database 'C:\Users\dam2alu13\git\Acceso_a_Datos\Acceso_a_datos1112\db\socios.odb' is closed by 8768@B01-PC05

------------------------------------------------------------------------------------------------------------------------

[2022-12-16 14:00:19 #1 store] 
Database 'C:\Users\dam2alu13\git\Acceso_a_Datos\Acceso_a_datos1112\db\socios.odb' is opened by 13892@B01-PC05

[2022-12-16 14:00:19 #2 store] 
Configuration path: ?

[2022-12-16 14:00:19 #3 type] 
Type ud5_sesion4.Socio is not enhanced.

[2022-12-16 14:00:19 #4 store] 
Database 'C:\Users\dam2alu13\git\Acceso_a_Datos\Acceso_a_datos1112\db\socios.odb' is closed by 13892@B01-PC05

[2022-12-16 14:00:19 #5 store] 
Database 'C:\Users\dam2alu13\git\Acceso_a_Datos\Acceso_a_datos1112\db\socios.odb' is opened by 13892@B01-PC05

[2022-12-16 14:00:19 #6 store] 
Configuration path: ?

[2022-12-16 14:00:19 #7 store] 
Database 'C:\Users\dam2alu13\git\Acceso_a_Datos\Acceso_a_datos1112\db\socios.odb' is closed by 13892@B01-PC05

[2022-12-16 14:00:19 #8 store] 
Database 'C:\Users\dam2alu13\git\Acceso_a_Datos\Acceso_a_datos1112\db\socios.odb' is opened by 13892@B01-PC05

[2022-12-16 14:00:19 #9 store] 
Configuration path: ?

[2022-12-16 14:00:19 #10 store] 
Database 'C:\Users\dam2alu13\git\Acceso_a_Datos\Acceso_a_datos1112\db\socios.odb' is closed by 13892@B01-PC05

[2022-12-16 14:00:19 #11 store] 
Database 'C:\Users\dam2alu13\git\Acceso_a_Datos\Acceso_a_datos1112\db\socios.odb' is opened by 13892@B01-PC05

[2022-12-16 14:00:19 #12 store] 
Configuration path: ?

[2022-12-16 14:00:19 #13 store] 
Database 'C:\Users\dam2alu13\git\Acceso_a_Datos\Acceso_a_datos1112\db\socios.odb' is closed by 13892@B01-PC05

[2022-12-16 14:00:22 #14 store] 
Database 'C:\Users\dam2alu13\git\Acceso_a_Datos\Acceso_a_datos1112\db\socios.odb' is opened by 13892@B01-PC05

[2022-12-16 14:00:22 #15 store] 
Configuration path: ?

[2022-12-16 14:00:22 #16 store] 
Database 'C:\Users\dam2alu13\git\Acceso_a_Datos\Acceso_a_datos1112\db\socios.odb' is closed by 13892@B01-PC05

[2022-12-16 14:00:22 #17 store] 
Database 'C:\Users\dam2alu13\git\Acceso_a_Datos\Acceso_a_datos1112\db\socios.odb' is opened by 13892@B01-PC05

[2022-12-16 14:00:22 #18 store] 
Configuration path: ?

[2022-12-16 14:00:22 #19 store] 
Database 'C:\Users\dam2alu13\git\Acceso_a_Datos\Acceso_a_datos1112\db\socios.odb' is closed by 13892@B01-PC05

[2022-12-16 14:00:22 #20 store] 
Database 'C:\Users\dam2alu13\git\Acceso_a_Datos\Acceso_a_datos1112\db\socios.odb' is opened by 13892@B01-PC05

[2022-12-16 14:00:22 #21 store] 
Configuration path: ?

[2022-12-16 14:00:22 #22 store] 
Database 'C:\Users\dam2alu13\git\Acceso_a_Datos\Acceso_a_datos1112\db\socios.odb' is closed by 13892@B01-PC05

------------------------------------------------------------------------------------------------------------------------

[2022-12-16 14:00:30 #1 store] 
Database 'C:\Users\dam2alu13\git\Acceso_a_Datos\Acceso_a_datos1112\db\socios.odb' is opened by 2396@B01-PC05

[2022-12-16 14:00:30 #2 store] 
Configuration path: ?

[2022-12-16 14:00:30 #3 type] 
Type ud5_sesion4.Socio is not enhanced.

[2022-12-16 14:00:30 #4 store] 
Database 'C:\Users\dam2alu13\git\Acceso_a_Datos\Acceso_a_datos1112\db\socios.odb' is closed by 2396@B01-PC05

------------------------------------------------------------------------------------------------------------------------

[2022-12-16 14:00:35 #1 store] 
Database 'C:\Users\dam2alu13\git\Acceso_a_Datos\Acceso_a_datos1112\db\socios.odb' is opened by 9132@B01-PC05

[2022-12-16 14:00:35 #2 store] 
Configuration path: ?

[2022-12-16 14:00:35 #3 type] 
Type ud5_sesion4.Socio is not enhanced.

[2022-12-16 14:00:35 #4 store] 
Database 'C:\Users\dam2alu13\git\Acceso_a_Datos\Acceso_a_datos1112\db\socios.odb' is closed by 9132@B01-PC05

[2022-12-16 14:00:35 #5 store] 
Database 'C:\Users\dam2alu13\git\Acceso_a_Datos\Acceso_a_datos1112\db\socios.odb' is opened by 9132@B01-PC05

[2022-12-16 14:00:35 #6 store] 
Configuration path: ?

[2022-12-16 14:00:35 #7 store] 
Database 'C:\Users\dam2alu13\git\Acceso_a_Datos\Acceso_a_datos1112\db\socios.odb' is closed by 9132@B01-PC05

[2022-12-16 14:00:36 #8 store] 
Database 'C:\Users\dam2alu13\git\Acceso_a_Datos\Acceso_a_datos1112\db\socios.odb' is opened by 9132@B01-PC05

[2022-12-16 14:00:36 #9 store] 
Configuration path: ?

[2022-12-16 14:00:36 #10 store] 
Database 'C:\Users\dam2alu13\git\Acceso_a_Datos\Acceso_a_datos1112\db\socios.odb' is closed by 9132@B01-PC05

------------------------------------------------------------------------------------------------------------------------

[2022-12-16 14:00:40 #1 store] 
Database 'C:\Users\dam2alu13\git\Acceso_a_Datos\Acceso_a_datos1112\db\socios.odb' is opened by 13168@B01-PC05

[2022-12-16 14:00:40 #2 store] 
Configuration path: ?

[2022-12-16 14:00:40 #3 type] 
Type ud5_sesion4.Socio is not enhanced.

[2022-12-16 14:00:40 #4 store] 
Database 'C:\Users\dam2alu13\git\Acceso_a_Datos\Acceso_a_datos1112\db\socios.odb' is closed by 13168@B01-PC05

[2022-12-16 14:00:40 #5 store] 
Database 'C:\Users\dam2alu13\git\Acceso_a_Datos\Acceso_a_datos1112\db\socios.odb' is opened by 13168@B01-PC05

[2022-12-16 14:00:40 #6 store] 
Configuration path: ?

[2022-12-16 14:00:40 #7 store] 
Database 'C:\Users\dam2alu13\git\Acceso_a_Datos\Acceso_a_datos1112\db\socios.odb' is closed by 13168@B01-PC05

[2022-12-16 14:00:40 #8 store] 
Database 'C:\Users\dam2alu13\git\Acceso_a_Datos\Acceso_a_datos1112\db\socios.odb' is opened by 13168@B01-PC05

[2022-12-16 14:00:40 #9 store] 
Configuration path: ?

[2022-12-16 14:00:40 #10 store] 
Database 'C:\Users\dam2alu13\git\Acceso_a_Datos\Acceso_a_datos1112\db\socios.odb' is closed by 13168@B01-PC05

[2022-12-16 14:00:45 #11 store] 
Database 'C:\Users\dam2alu13\git\Acceso_a_Datos\Acceso_a_datos1112\db\socios.odb' is opened by 13168@B01-PC05

[2022-12-16 14:00:45 #12 store] 
Configuration path: ?

[2022-12-16 14:00:45 #13 store] 
Database 'C:\Users\dam2alu13\git\Acceso_a_Datos\Acceso_a_datos1112\db\socios.odb' is closed by 13168@B01-PC05

------------------------------------------------------------------------------------------------------------------------

[2022-12-16 14:05:36 #1 store] 
Database 'C:\Users\dam2alu13\git\Acceso_a_Datos\Acceso_a_datos1112\db\socios.odb' is opened by 10956@B01-PC05

[2022-12-16 14:05:36 #2 store] 
Configuration path: ?

[2022-12-16 14:05:36 #3 type] 
Type ud5_sesion4.Socio is not enhanced.

[2022-12-16 14:05:37 #4 store] 
Database 'C:\Users\dam2alu13\git\Acceso_a_Datos\Acceso_a_datos1112\db\socios.odb' is closed by 10956@B01-PC05

[2022-12-16 14:05:43 #5 store] 
Database 'C:\Users\dam2alu13\git\Acceso_a_Datos\Acceso_a_datos1112\db\socios.odb' is opened by 10956@B01-PC05

[2022-12-16 14:05:43 #6 store] 
Configuration path: ?

[2022-12-16 14:05:43 #7 store] 
Database 'C:\Users\dam2alu13\git\Acceso_a_Datos\Acceso_a_datos1112\db\socios.odb' is closed by 10956@B01-PC05

------------------------------------------------------------------------------------------------------------------------

[2022-12-16 14:06:38 #1 store] 
Database 'C:\Users\dam2alu13\git\Acceso_a_Datos\Acceso_a_datos1112\db\socios.odb' is opened by 13020@B01-PC05

[2022-12-16 14:06:38 #2 store] 
Configuration path: ?

[2022-12-16 14:06:38 #3 type] 
Type ud5_sesion4.Socio is not enhanced.

[2022-12-16 14:06:40 #4 store] 
Database 'C:\Users\dam2alu13\git\Acceso_a_Datos\Acceso_a_datos1112\db\socios.odb' is closed by 13020@B01-PC05

[2022-12-16 14:06:43 #5 store] 
Database 'C:\Users\dam2alu13\git\Acceso_a_Datos\Acceso_a_datos1112\db\socios.odb' is opened by 13020@B01-PC05

[2022-12-16 14:06:43 #6 store] 
Configuration path: ?

[2022-12-16 14:06:43 #7 store] 
Database 'C:\Users\dam2alu13\git\Acceso_a_Datos\Acceso_a_datos1112\db\socios.odb' is closed by 13020@B01-PC05

------------------------------------------------------------------------------------------------------------------------

[2022-12-16 14:07:56 #1 store] 
Database 'C:\Users\dam2alu13\git\Acceso_a_Datos\Acceso_a_datos1112\db\socios.odb' is opened by 9888@B01-PC05

[2022-12-16 14:07:56 #2 store] 
Configuration path: ?

[2022-12-16 14:07:56 #3 type] 
Type ud5_sesion4.Socio is not enhanced.

[2022-12-16 14:07:56 #4 store] 
Database 'C:\Users\dam2alu13\git\Acceso_a_Datos\Acceso_a_datos1112\db\socios.odb' is closed by 9888@B01-PC05

[2022-12-16 14:07:59 #5 store] 
Database 'C:\Users\dam2alu13\git\Acceso_a_Datos\Acceso_a_datos1112\db\socios.odb' is opened by 9888@B01-PC05

[2022-12-16 14:07:59 #6 store] 
Configuration path: ?

[2022-12-16 14:08:00 #7 store] 
Database 'C:\Users\dam2alu13\git\Acceso_a_Datos\Acceso_a_datos1112\db\socios.odb' is closed by 9888@B01-PC05

[2022-12-16 14:08:02 #8 store] 
Database 'C:\Users\dam2alu13\git\Acceso_a_Datos\Acceso_a_datos1112\db\socios.odb' is opened by 9888@B01-PC05

[2022-12-16 14:08:02 #9 store] 
Configuration path: ?

[2022-12-16 14:08:02 #10 store] 
Database 'C:\Users\dam2alu13\git\Acceso_a_Datos\Acceso_a_datos1112\db\socios.odb' is closed by 9888@B01-PC05

------------------------------------------------------------------------------------------------------------------------

[2022-12-16 14:08:54 #1 store] 
Database 'C:\Users\dam2alu13\git\Acceso_a_Datos\Acceso_a_datos1112\db\socios.odb' is opened by 5496@B01-PC05

[2022-12-16 14:08:54 #2 store] 
Configuration path: ?

[2022-12-16 14:08:54 #3 type] 
Type ud5_sesion4.Socio is not enhanced.

[2022-12-16 14:08:55 #4 store] 
Database 'C:\Users\dam2alu13\git\Acceso_a_Datos\Acceso_a_datos1112\db\socios.odb' is closed by 5496@B01-PC05

[2022-12-16 14:08:58 #5 store] 
Database 'C:\Users\dam2alu13\git\Acceso_a_Datos\Acceso_a_datos1112\db\socios.odb' is opened by 5496@B01-PC05

[2022-12-16 14:08:58 #6 store] 
Configuration path: ?

[2022-12-16 14:08:58 #7 store] 
Database 'C:\Users\dam2alu13\git\Acceso_a_Datos\Acceso_a_datos1112\db\socios.odb' is closed by 5496@B01-PC05

[2022-12-16 14:08:59 #8 store] 
Database 'C:\Users\dam2alu13\git\Acceso_a_Datos\Acceso_a_datos1112\db\socios.odb' is opened by 5496@B01-PC05

[2022-12-16 14:08:59 #9 store] 
Configuration path: ?

[2022-12-16 14:08:59 #10 store] 
Database 'C:\Users\dam2alu13\git\Acceso_a_Datos\Acceso_a_datos1112\db\socios.odb' is closed by 5496@B01-PC05

[2022-12-16 14:08:59 #11 store] 
Database 'C:\Users\dam2alu13\git\Acceso_a_Datos\Acceso_a_datos1112\db\socios.odb' is opened by 5496@B01-PC05

[2022-12-16 14:08:59 #12 store] 
Configuration path: ?

[2022-12-16 14:08:59 #13 store] 
Database 'C:\Users\dam2alu13\git\Acceso_a_Datos\Acceso_a_datos1112\db\socios.odb' is closed by 5496@B01-PC05

[2022-12-16 14:08:59 #14 store] 
Database 'C:\Users\dam2alu13\git\Acceso_a_Datos\Acceso_a_datos1112\db\socios.odb' is opened by 5496@B01-PC05

[2022-12-16 14:08:59 #15 store] 
Configuration path: ?

[2022-12-16 14:08:59 #16 store] 
Database 'C:\Users\dam2alu13\git\Acceso_a_Datos\Acceso_a_datos1112\db\socios.odb' is closed by 5496@B01-PC05

[2022-12-16 14:08:59 #17 store] 
Database 'C:\Users\dam2alu13\git\Acceso_a_Datos\Acceso_a_datos1112\db\socios.odb' is opened by 5496@B01-PC05

[2022-12-16 14:08:59 #18 store] 
Configuration path: ?

[2022-12-16 14:08:59 #19 store] 
Database 'C:\Users\dam2alu13\git\Acceso_a_Datos\Acceso_a_datos1112\db\socios.odb' is closed by 5496@B01-PC05

[2022-12-16 14:08:59 #20 store] 
Database 'C:\Users\dam2alu13\git\Acceso_a_Datos\Acceso_a_datos1112\db\socios.odb' is opened by 5496@B01-PC05

[2022-12-16 14:08:59 #21 store] 
Configuration path: ?

[2022-12-16 14:08:59 #22 store] 
Database 'C:\Users\dam2alu13\git\Acceso_a_Datos\Acceso_a_datos1112\db\socios.odb' is closed by 5496@B01-PC05

[2022-12-16 14:09:00 #23 store] 
Database 'C:\Users\dam2alu13\git\Acceso_a_Datos\Acceso_a_datos1112\db\socios.odb' is opened by 5496@B01-PC05

[2022-12-16 14:09:00 #24 store] 
Configuration path: ?

[2022-12-16 14:09:00 #25 store] 
Database 'C:\Users\dam2alu13\git\Acceso_a_Datos\Acceso_a_datos1112\db\socios.odb' is closed by 5496@B01-PC05

[2022-12-16 14:09:00 #26 store] 
Database 'C:\Users\dam2alu13\git\Acceso_a_Datos\Acceso_a_datos1112\db\socios.odb' is opened by 5496@B01-PC05

[2022-12-16 14:09:00 #27 store] 
Configuration path: ?

[2022-12-16 14:09:00 #28 store] 
Database 'C:\Users\dam2alu13\git\Acceso_a_Datos\Acceso_a_datos1112\db\socios.odb' is closed by 5496@B01-PC05

[2022-12-16 14:09:00 #29 store] 
Database 'C:\Users\dam2alu13\git\Acceso_a_Datos\Acceso_a_datos1112\db\socios.odb' is opened by 5496@B01-PC05

[2022-12-16 14:09:00 #30 store] 
Configuration path: ?

[2022-12-16 14:09:00 #31 store] 
Database 'C:\Users\dam2alu13\git\Acceso_a_Datos\Acceso_a_datos1112\db\socios.odb' is closed by 5496@B01-PC05

[2022-12-16 14:09:00 #32 store] 
Database 'C:\Users\dam2alu13\git\Acceso_a_Datos\Acceso_a_datos1112\db\socios.odb' is opened by 5496@B01-PC05

[2022-12-16 14:09:00 #33 store] 
Configuration path: ?

[2022-12-16 14:09:00 #34 store] 
Database 'C:\Users\dam2alu13\git\Acceso_a_Datos\Acceso_a_datos1112\db\socios.odb' is closed by 5496@B01-PC05

[2022-12-16 14:09:00 #35 store] 
Database 'C:\Users\dam2alu13\git\Acceso_a_Datos\Acceso_a_datos1112\db\socios.odb' is opened by 5496@B01-PC05

[2022-12-16 14:09:00 #36 store] 
Configuration path: ?

[2022-12-16 14:09:00 #37 store] 
Database 'C:\Users\dam2alu13\git\Acceso_a_Datos\Acceso_a_datos1112\db\socios.odb' is closed by 5496@B01-PC05

[2022-12-16 14:09:00 #38 store] 
Database 'C:\Users\dam2alu13\git\Acceso_a_Datos\Acceso_a_datos1112\db\socios.odb' is opened by 5496@B01-PC05

[2022-12-16 14:09:00 #39 store] 
Configuration path: ?

[2022-12-16 14:09:00 #40 store] 
Database 'C:\Users\dam2alu13\git\Acceso_a_Datos\Acceso_a_datos1112\db\socios.odb' is closed by 5496@B01-PC05

[2022-12-16 14:09:01 #41 store] 
Database 'C:\Users\dam2alu13\git\Acceso_a_Datos\Acceso_a_datos1112\db\socios.odb' is opened by 5496@B01-PC05

[2022-12-16 14:09:01 #42 store] 
Configuration path: ?

[2022-12-16 14:09:01 #43 store] 
Database 'C:\Users\dam2alu13\git\Acceso_a_Datos\Acceso_a_datos1112\db\socios.odb' is closed by 5496@B01-PC05

[2022-12-16 14:09:01 #44 store] 
Database 'C:\Users\dam2alu13\git\Acceso_a_Datos\Acceso_a_datos1112\db\socios.odb' is opened by 5496@B01-PC05

[2022-12-16 14:09:01 #45 store] 
Configuration path: ?

[2022-12-16 14:09:01 #46 store] 
Database 'C:\Users\dam2alu13\git\Acceso_a_Datos\Acceso_a_datos1112\db\socios.odb' is closed by 5496@B01-PC05

[2022-12-16 14:09:01 #47 store] 
Database 'C:\Users\dam2alu13\git\Acceso_a_Datos\Acceso_a_datos1112\db\socios.odb' is opened by 5496@B01-PC05

[2022-12-16 14:09:01 #48 store] 
Configuration path: ?

[2022-12-16 14:09:01 #49 store] 
Database 'C:\Users\dam2alu13\git\Acceso_a_Datos\Acceso_a_datos1112\db\socios.odb' is closed by 5496@B01-PC05

[2022-12-16 14:09:01 #50 store] 
Database 'C:\Users\dam2alu13\git\Acceso_a_Datos\Acceso_a_datos1112\db\socios.odb' is opened by 5496@B01-PC05

[2022-12-16 14:09:01 #51 store] 
Configuration path: ?

[2022-12-16 14:09:01 #52 store] 
Database 'C:\Users\dam2alu13\git\Acceso_a_Datos\Acceso_a_datos1112\db\socios.odb' is closed by 5496@B01-PC05

[2022-12-16 14:09:01 #53 store] 
Database 'C:\Users\dam2alu13\git\Acceso_a_Datos\Acceso_a_datos1112\db\socios.odb' is opened by 5496@B01-PC05

[2022-12-16 14:09:01 #54 store] 
Configuration path: ?

[2022-12-16 14:09:01 #55 store] 
Database 'C:\Users\dam2alu13\git\Acceso_a_Datos\Acceso_a_datos1112\db\socios.odb' is closed by 5496@B01-PC05

[2022-12-16 14:09:02 #56 store] 
Database 'C:\Users\dam2alu13\git\Acceso_a_Datos\Acceso_a_datos1112\db\socios.odb' is opened by 5496@B01-PC05

[2022-12-16 14:09:02 #57 store] 
Configuration path: ?

[2022-12-16 14:09:02 #58 store] 
Database 'C:\Users\dam2alu13\git\Acceso_a_Datos\Acceso_a_datos1112\db\socios.odb' is closed by 5496@B01-PC05

------------------------------------------------------------------------------------------------------------------------

[2022-12-16 14:09:40 #1 store] 
Database 'C:\Users\dam2alu13\git\Acceso_a_Datos\Acceso_a_datos1112\db\socios.odb' is opened by 11720@B01-PC05

[2022-12-16 14:09:40 #2 store] 
Configuration path: ?

[2022-12-16 14:09:40 #3 type] 
Type ud5_sesion4.Socio is not enhanced.

[2022-12-16 14:09:40 #4 store] 
Database 'C:\Users\dam2alu13\git\Acceso_a_Datos\Acceso_a_datos1112\db\socios.odb' is closed by 11720@B01-PC05

[2022-12-16 14:09:43 #5 store] 
Database 'C:\Users\dam2alu13\git\Acceso_a_Datos\Acceso_a_datos1112\db\socios.odb' is opened by 11720@B01-PC05

[2022-12-16 14:09:43 #6 store] 
Configuration path: ?

[2022-12-16 14:09:43 #7 store] 
Database 'C:\Users\dam2alu13\git\Acceso_a_Datos\Acceso_a_datos1112\db\socios.odb' is closed by 11720@B01-PC05

[2022-12-16 14:09:43 #8 store] 
Database 'C:\Users\dam2alu13\git\Acceso_a_Datos\Acceso_a_datos1112\db\socios.odb' is opened by 11720@B01-PC05

[2022-12-16 14:09:43 #9 store] 
Configuration path: ?

[2022-12-16 14:09:43 #10 store] 
Database 'C:\Users\dam2alu13\git\Acceso_a_Datos\Acceso_a_datos1112\db\socios.odb' is closed by 11720@B01-PC05

[2022-12-16 14:09:43 #11 store] 
Database 'C:\Users\dam2alu13\git\Acceso_a_Datos\Acceso_a_datos1112\db\socios.odb' is opened by 11720@B01-PC05

[2022-12-16 14:09:43 #12 store] 
Configuration path: ?

[2022-12-16 14:09:43 #13 store] 
Database 'C:\Users\dam2alu13\git\Acceso_a_Datos\Acceso_a_datos1112\db\socios.odb' is closed by 11720@B01-PC05

[2022-12-16 14:09:43 #14 store] 
Database 'C:\Users\dam2alu13\git\Acceso_a_Datos\Acceso_a_datos1112\db\socios.odb' is opened by 11720@B01-PC05

[2022-12-16 14:09:43 #15 store] 
Configuration path: ?

[2022-12-16 14:09:43 #16 store] 
Database 'C:\Users\dam2alu13\git\Acceso_a_Datos\Acceso_a_datos1112\db\socios.odb' is closed by 11720@B01-PC05

[2022-12-16 14:09:43 #17 store] 
Database 'C:\Users\dam2alu13\git\Acceso_a_Datos\Acceso_a_datos1112\db\socios.odb' is opened by 11720@B01-PC05

[2022-12-16 14:09:43 #18 store] 
Configuration path: ?

[2022-12-16 14:09:43 #19 store] 
Database 'C:\Users\dam2alu13\git\Acceso_a_Datos\Acceso_a_datos1112\db\socios.odb' is closed by 11720@B01-PC05

------------------------------------------------------------------------------------------------------------------------

[2022-12-16 14:11:44 #1 store] 
Database 'C:\Users\dam2alu13\git\Acceso_a_Datos\Acceso_a_datos1112\db\socios.odb' is opened by 1928@B01-PC05

[2022-12-16 14:11:44 #2 store] 
Configuration path: ?

[2022-12-16 14:11:44 #3 type] 
Type ud5_sesion4.Socio is not enhanced.

[2022-12-16 14:11:44 #4 store] 
Database 'C:\Users\dam2alu13\git\Acceso_a_Datos\Acceso_a_datos1112\db\socios.odb' is closed by 1928@B01-PC05

[2022-12-16 14:11:45 #5 store] 
Database 'C:\Users\dam2alu13\git\Acceso_a_Datos\Acceso_a_datos1112\db\socios.odb' is opened by 1928@B01-PC05

[2022-12-16 14:11:45 #6 store] 
Configuration path: ?

[2022-12-16 14:11:46 #7 store] 
Database 'C:\Users\dam2alu13\git\Acceso_a_Datos\Acceso_a_datos1112\db\socios.odb' is closed by 1928@B01-PC05

[2022-12-16 14:11:50 #8 store] 
Database 'C:\Users\dam2alu13\git\Acceso_a_Datos\Acceso_a_datos1112\db\socios.odb' is opened by 1928@B01-PC05

[2022-12-16 14:11:50 #9 store] 
Configuration path: ?

[2022-12-16 14:11:50 #10 store] 
Database 'C:\Users\dam2alu13\git\Acceso_a_Datos\Acceso_a_datos1112\db\socios.odb' is closed by 1928@B01-PC05

------------------------------------------------------------------------------------------------------------------------

[2022-12-16 14:12:57 #1 store] 
Database 'C:\Users\dam2alu13\git\Acceso_a_Datos\Acceso_a_datos1112\db\socios.odb' is opened by 12584@B01-PC05

[2022-12-16 14:12:57 #2 store] 
Configuration path: ?

[2022-12-16 14:12:57 #3 type] 
Type ud5_sesion4.Socio is not enhanced.

[2022-12-16 14:12:57 #4 store] 
Database 'C:\Users\dam2alu13\git\Acceso_a_Datos\Acceso_a_datos1112\db\socios.odb' is closed by 12584@B01-PC05

[2022-12-16 14:13:00 #5 store] 
Database 'C:\Users\dam2alu13\git\Acceso_a_Datos\Acceso_a_datos1112\db\socios.odb' is opened by 12584@B01-PC05

[2022-12-16 14:13:00 #6 store] 
Configuration path: ?

[2022-12-16 14:13:00 #7 store] 
Database 'C:\Users\dam2alu13\git\Acceso_a_Datos\Acceso_a_datos1112\db\socios.odb' is closed by 12584@B01-PC05

------------------------------------------------------------------------------------------------------------------------

[2022-12-16 14:14:14 #1 store] 
Database 'C:\Users\dam2alu13\git\Acceso_a_Datos\Acceso_a_datos1112\db\socios.odb' is opened by 2112@B01-PC05

[2022-12-16 14:14:14 #2 store] 
Configuration path: ?

[2022-12-16 14:14:14 #3 type] 
Type ud5_sesion4.Socio is not enhanced.

[2022-12-16 14:14:15 #4 store] 
Database 'C:\Users\dam2alu13\git\Acceso_a_Datos\Acceso_a_datos1112\db\socios.odb' is closed by 2112@B01-PC05

[2022-12-16 14:14:18 #5 store] 
Database 'C:\Users\dam2alu13\git\Acceso_a_Datos\Acceso_a_datos1112\db\socios.odb' is opened by 2112@B01-PC05

[2022-12-16 14:14:18 #6 store] 
Configuration path: ?

[2022-12-16 14:14:19 #7 store] 
Database 'C:\Users\dam2alu13\git\Acceso_a_Datos\Acceso_a_datos1112\db\socios.odb' is closed by 2112@B01-PC05

[2022-12-16 14:14:19 #8 store] 
Database 'C:\Users\dam2alu13\git\Acceso_a_Datos\Acceso_a_datos1112\db\socios.odb' is opened by 2112@B01-PC05

[2022-12-16 14:14:19 #9 store] 
Configuration path: ?

[2022-12-16 14:14:19 #10 store] 
Database 'C:\Users\dam2alu13\git\Acceso_a_Datos\Acceso_a_datos1112\db\socios.odb' is closed by 2112@B01-PC05

[2022-12-16 14:14:20 #11 store] 
Database 'C:\Users\dam2alu13\git\Acceso_a_Datos\Acceso_a_datos1112\db\socios.odb' is opened by 2112@B01-PC05

[2022-12-16 14:14:20 #12 store] 
Configuration path: ?

[2022-12-16 14:14:20 #13 store] 
Database 'C:\Users\dam2alu13\git\Acceso_a_Datos\Acceso_a_datos1112\db\socios.odb' is closed by 2112@B01-PC05

[2022-12-16 14:14:20 #14 store] 
Database 'C:\Users\dam2alu13\git\Acceso_a_Datos\Acceso_a_datos1112\db\socios.odb' is opened by 2112@B01-PC05

[2022-12-16 14:14:20 #15 store] 
Configuration path: ?

[2022-12-16 14:14:20 #16 store] 
Database 'C:\Users\dam2alu13\git\Acceso_a_Datos\Acceso_a_datos1112\db\socios.odb' is closed by 2112@B01-PC05

[2022-12-16 14:14:21 #17 store] 
Database 'C:\Users\dam2alu13\git\Acceso_a_Datos\Acceso_a_datos1112\db\socios.odb' is opened by 2112@B01-PC05

[2022-12-16 14:14:21 #18 store] 
Configuration path: ?

[2022-12-16 14:14:21 #19 store] 
Database 'C:\Users\dam2alu13\git\Acceso_a_Datos\Acceso_a_datos1112\db\socios.odb' is closed by 2112@B01-PC05

