------------------------------------------------------------------------------------------------------------------------

[2022-12-09 14:00:28 #1 store] 
Database 'C:\Users\dam2alu13\git\Acceso_a_Datos\Acceso_a_datos1112\db\empleados.odb' is opened by 11500@B01-PC05

[2022-12-09 14:00:28 #2 store] 
Configuration path: ?

[2022-12-09 14:00:28 #3 type] 
Type ud5_sesion3.DepartamentoEntity is not enhanced.

[2022-12-09 14:00:28 #4 type] 
Type ud5_sesion3.EmpleadoEntity is not enhanced.

[2022-12-09 14:00:28 #5 store] 
Database 'C:\Users\dam2alu13\git\Acceso_a_Datos\Acceso_a_datos1112\db\empleados.odb' is closed by 11500@B01-PC05

------------------------------------------------------------------------------------------------------------------------

[2022-12-09 14:03:30 #1 store] 
Database 'C:\Users\dam2alu13\git\Acceso_a_Datos\Acceso_a_datos1112\db\empleados.odb' is opened by 3904@B01-PC05

[2022-12-09 14:03:30 #2 store] 
Configuration path: ?

[2022-12-09 14:03:30 #3 type] 
Type ud5_sesion3.DepartamentoEntity is not enhanced.

[2022-12-09 14:03:30 #4 type] 
Type ud5_sesion3.EmpleadoEntity is not enhanced.

------------------------------------------------------------------------------------------------------------------------

[2022-12-09 14:04:01 #1 store] 
Database 'C:\Users\dam2alu13\git\Acceso_a_Datos\Acceso_a_datos1112\db\empleados.odb' is opened by 2448@B01-PC05

[2022-12-09 14:04:01 #2 store] 
Configuration path: ?

[2022-12-09 14:04:01 #3 type] 
Type ud5_sesion3.DepartamentoEntity is not enhanced.

[2022-12-09 14:04:01 #4 type] 
Type ud5_sesion3.EmpleadoEntity is not enhanced.

[2022-12-09 14:04:01 #5 store] 
Database 'C:\Users\dam2alu13\git\Acceso_a_Datos\Acceso_a_datos1112\db\empleados.odb' is closed by 2448@B01-PC05

------------------------------------------------------------------------------------------------------------------------

[2022-12-09 14:11:53 #1 store] 
Database 'C:\Users\dam2alu13\git\Acceso_a_Datos\Acceso_a_datos1112\db\empleados.odb' is opened by 9920@B01-PC05

[2022-12-09 14:11:53 #2 store] 
Configuration path: ?

[2022-12-09 14:11:53 #3 type] 
Type ud5_sesion3.DepartamentoEntity is not enhanced.

[2022-12-09 14:11:53 #4 type] 
Type ud5_sesion3.EmpleadoEntity is not enhanced.

------------------------------------------------------------------------------------------------------------------------

[2022-12-09 14:12:11 #1 store] 
Database 'C:\Users\dam2alu13\git\Acceso_a_Datos\Acceso_a_datos1112\db\empleados.odb' is opened by 2312@B01-PC05

[2022-12-09 14:12:11 #2 store] 
Configuration path: ?

[2022-12-09 14:12:11 #3 type] 
Type ud5_sesion3.DepartamentoEntity is not enhanced.

[2022-12-09 14:12:11 #4 type] 
Type ud5_sesion3.EmpleadoEntity is not enhanced.

[2022-12-09 14:12:11 #5 store] 
Database 'C:\Users\dam2alu13\git\Acceso_a_Datos\Acceso_a_datos1112\db\empleados.odb' is closed by 2312@B01-PC05

------------------------------------------------------------------------------------------------------------------------

[2022-12-09 14:13:11 #1 store] 
Database 'C:\Users\dam2alu13\git\Acceso_a_Datos\Acceso_a_datos1112\db\empleados.odb' is opened by 4236@B01-PC05

[2022-12-09 14:13:11 #2 store] 
Configuration path: ?

[2022-12-09 14:13:11 #3 type] 
Type ud5_sesion3.DepartamentoEntity is not enhanced.

[2022-12-09 14:13:11 #4 type] 
Type ud5_sesion3.EmpleadoEntity is not enhanced.

------------------------------------------------------------------------------------------------------------------------

[2022-12-09 14:13:22 #1 store] 
Database 'C:\Users\dam2alu13\git\Acceso_a_Datos\Acceso_a_datos1112\db\empleados.odb' is opened by 11188@B01-PC05

[2022-12-09 14:13:22 #2 store] 
Configuration path: ?

[2022-12-09 14:13:22 #3 type] 
Type ud5_sesion3.DepartamentoEntity is not enhanced.

[2022-12-09 14:13:22 #4 type] 
Type ud5_sesion3.EmpleadoEntity is not enhanced.

[2022-12-09 14:13:22 #5 store] 
Database 'C:\Users\dam2alu13\git\Acceso_a_Datos\Acceso_a_datos1112\db\empleados.odb' is closed by 11188@B01-PC05

------------------------------------------------------------------------------------------------------------------------

[2022-12-09 14:13:25 #1 store] 
Database 'C:\Users\dam2alu13\git\Acceso_a_Datos\Acceso_a_datos1112\db\empleados.odb' is opened by 13220@B01-PC05

[2022-12-09 14:13:25 #2 store] 
Configuration path: ?

[2022-12-09 14:13:25 #3 type] 
Type ud5_sesion3.DepartamentoEntity is not enhanced.

[2022-12-09 14:13:25 #4 type] 
Type ud5_sesion3.EmpleadoEntity is not enhanced.

[2022-12-09 14:13:25 #5 store] 
Database 'C:\Users\dam2alu13\git\Acceso_a_Datos\Acceso_a_datos1112\db\empleados.odb' is closed by 13220@B01-PC05

------------------------------------------------------------------------------------------------------------------------

[2022-12-09 14:13:30 #1 store] 
Database 'C:\Users\dam2alu13\git\Acceso_a_Datos\Acceso_a_datos1112\db\empleados.odb' is opened by 3976@B01-PC05

[2022-12-09 14:13:30 #2 store] 
Configuration path: ?

[2022-12-09 14:13:30 #3 type] 
Type ud5_sesion3.DepartamentoEntity is not enhanced.

[2022-12-09 14:13:30 #4 type] 
Type ud5_sesion3.EmpleadoEntity is not enhanced.

------------------------------------------------------------------------------------------------------------------------

[2022-12-09 14:13:35 #1 store] 
Database 'C:\Users\dam2alu13\git\Acceso_a_Datos\Acceso_a_datos1112\db\empleados.odb' is opened by 12640@B01-PC05

[2022-12-09 14:13:35 #2 store] 
Configuration path: ?

[2022-12-09 14:13:35 #3 type] 
Type ud5_sesion3.DepartamentoEntity is not enhanced.

[2022-12-09 14:13:35 #4 type] 
Type ud5_sesion3.EmpleadoEntity is not enhanced.

[2022-12-09 14:13:35 #5 store] 
Database 'C:\Users\dam2alu13\git\Acceso_a_Datos\Acceso_a_datos1112\db\empleados.odb' is closed by 12640@B01-PC05

------------------------------------------------------------------------------------------------------------------------

[2022-12-09 14:13:39 #1 store] 
Database 'C:\Users\dam2alu13\git\Acceso_a_Datos\Acceso_a_datos1112\db\empleados.odb' is opened by 11296@B01-PC05

[2022-12-09 14:13:39 #2 store] 
Configuration path: ?

[2022-12-09 14:13:39 #3 type] 
Type ud5_sesion3.DepartamentoEntity is not enhanced.

[2022-12-09 14:13:39 #4 type] 
Type ud5_sesion3.EmpleadoEntity is not enhanced.

[2022-12-09 14:13:39 #5 store] 
Database 'C:\Users\dam2alu13\git\Acceso_a_Datos\Acceso_a_datos1112\db\empleados.odb' is closed by 11296@B01-PC05

------------------------------------------------------------------------------------------------------------------------

[2022-12-09 14:14:08 #1 store] 
Database 'C:\Users\dam2alu13\git\Acceso_a_Datos\Acceso_a_datos1112\db\empleados.odb' is opened by 10448@B01-PC05

[2022-12-09 14:14:08 #2 store] 
Configuration path: ?

[2022-12-09 14:14:08 #3 type] 
Type ud5_sesion3.DepartamentoEntity is not enhanced.

[2022-12-09 14:14:08 #4 type] 
Type ud5_sesion3.EmpleadoEntity is not enhanced.

------------------------------------------------------------------------------------------------------------------------

[2022-12-09 14:14:36 #1 store] 
Database 'C:\Users\dam2alu13\git\Acceso_a_Datos\Acceso_a_datos1112\db\empleados.odb' is opened by 6200@B01-PC05

[2022-12-09 14:14:36 #2 store] 
Configuration path: ?

[2022-12-09 14:14:36 #3 type] 
Type ud5_sesion3.DepartamentoEntity is not enhanced.

[2022-12-09 14:14:36 #4 type] 
Type ud5_sesion3.EmpleadoEntity is not enhanced.

[2022-12-09 14:14:36 #5 store] 
Database 'C:\Users\dam2alu13\git\Acceso_a_Datos\Acceso_a_datos1112\db\empleados.odb' is closed by 6200@B01-PC05

