------------------------------------------------------------------------------------------------------------------------

[2022-12-21 11:51:30 #1 store] 
Database 'C:\Users\dam2alu13\git\Acceso_a_Datos\Acceso_a_datos1112\db\socios.odb' is opened by 12612@B01-PC05

[2022-12-21 11:51:30 #2 store] 
Configuration path: ?

[2022-12-21 11:51:30 #3 type] 
Type ud5_sesion4.Socio is not enhanced.

[2022-12-21 11:51:31 #4 store] 
Database 'C:\Users\dam2alu13\git\Acceso_a_Datos\Acceso_a_datos1112\db\socios.odb' is closed by 12612@B01-PC05

[2022-12-21 11:51:33 #5 store] 
Database 'C:\Users\dam2alu13\git\Acceso_a_Datos\Acceso_a_datos1112\db\socios.odb' is opened by 12612@B01-PC05

[2022-12-21 11:51:33 #6 store] 
Configuration path: ?

[2022-12-21 11:51:33 #7 store] 
Database 'C:\Users\dam2alu13\git\Acceso_a_Datos\Acceso_a_datos1112\db\socios.odb' is closed by 12612@B01-PC05

[2022-12-21 11:51:34 #8 store] 
Database 'C:\Users\dam2alu13\git\Acceso_a_Datos\Acceso_a_datos1112\db\socios.odb' is opened by 12612@B01-PC05

[2022-12-21 11:51:34 #9 store] 
Configuration path: ?

[2022-12-21 11:51:34 #10 store] 
Database 'C:\Users\dam2alu13\git\Acceso_a_Datos\Acceso_a_datos1112\db\socios.odb' is closed by 12612@B01-PC05

[2022-12-21 11:51:35 #11 store] 
Database 'C:\Users\dam2alu13\git\Acceso_a_Datos\Acceso_a_datos1112\db\socios.odb' is opened by 12612@B01-PC05

[2022-12-21 11:51:35 #12 store] 
Configuration path: ?

[2022-12-21 11:51:35 #13 store] 
Database 'C:\Users\dam2alu13\git\Acceso_a_Datos\Acceso_a_datos1112\db\socios.odb' is closed by 12612@B01-PC05

[2022-12-21 11:51:36 #14 store] 
Database 'C:\Users\dam2alu13\git\Acceso_a_Datos\Acceso_a_datos1112\db\socios.odb' is opened by 12612@B01-PC05

[2022-12-21 11:51:36 #15 store] 
Configuration path: ?

[2022-12-21 11:51:36 #16 store] 
Database 'C:\Users\dam2alu13\git\Acceso_a_Datos\Acceso_a_datos1112\db\socios.odb' is closed by 12612@B01-PC05

[2022-12-21 11:51:36 #17 store] 
Database 'C:\Users\dam2alu13\git\Acceso_a_Datos\Acceso_a_datos1112\db\socios.odb' is opened by 12612@B01-PC05

[2022-12-21 11:51:36 #18 store] 
Configuration path: ?

[2022-12-21 11:51:36 #19 store] 
Database 'C:\Users\dam2alu13\git\Acceso_a_Datos\Acceso_a_datos1112\db\socios.odb' is closed by 12612@B01-PC05

[2022-12-21 11:51:37 #20 store] 
Database 'C:\Users\dam2alu13\git\Acceso_a_Datos\Acceso_a_datos1112\db\socios.odb' is opened by 12612@B01-PC05

[2022-12-21 11:51:37 #21 store] 
Configuration path: ?

[2022-12-21 11:51:37 #22 store] 
Database 'C:\Users\dam2alu13\git\Acceso_a_Datos\Acceso_a_datos1112\db\socios.odb' is closed by 12612@B01-PC05

[2022-12-21 11:51:38 #23 store] 
Database 'C:\Users\dam2alu13\git\Acceso_a_Datos\Acceso_a_datos1112\db\socios.odb' is opened by 12612@B01-PC05

[2022-12-21 11:51:38 #24 store] 
Configuration path: ?

[2022-12-21 11:51:38 #25 store] 
Database 'C:\Users\dam2alu13\git\Acceso_a_Datos\Acceso_a_datos1112\db\socios.odb' is closed by 12612@B01-PC05

[2022-12-21 11:51:38 #26 store] 
Database 'C:\Users\dam2alu13\git\Acceso_a_Datos\Acceso_a_datos1112\db\socios.odb' is opened by 12612@B01-PC05

[2022-12-21 11:51:38 #27 store] 
Configuration path: ?

[2022-12-21 11:51:38 #28 store] 
Database 'C:\Users\dam2alu13\git\Acceso_a_Datos\Acceso_a_datos1112\db\socios.odb' is closed by 12612@B01-PC05

[2022-12-21 11:51:38 #29 store] 
Database 'C:\Users\dam2alu13\git\Acceso_a_Datos\Acceso_a_datos1112\db\socios.odb' is opened by 12612@B01-PC05

[2022-12-21 11:51:38 #30 store] 
Configuration path: ?

[2022-12-21 11:51:38 #31 store] 
Database 'C:\Users\dam2alu13\git\Acceso_a_Datos\Acceso_a_datos1112\db\socios.odb' is closed by 12612@B01-PC05

[2022-12-21 11:51:44 #32 store] 
Database 'C:\Users\dam2alu13\git\Acceso_a_Datos\Acceso_a_datos1112\db\socios.odb' is opened by 12612@B01-PC05

[2022-12-21 11:51:44 #33 store] 
Configuration path: ?

[2022-12-21 11:51:44 #34 store] 
Database 'C:\Users\dam2alu13\git\Acceso_a_Datos\Acceso_a_datos1112\db\socios.odb' is closed by 12612@B01-PC05

------------------------------------------------------------------------------------------------------------------------

[2022-12-21 12:16:38 #1 store] 
Database 'C:\Users\dam2alu13\git\Acceso_a_Datos\Acceso_a_datos1112\db\socios.odb' is opened by 1224@B01-PC05

[2022-12-21 12:16:38 #2 store] 
Configuration path: ?

[2022-12-21 12:16:38 #3 type] 
Type ud5_sesion4.Socio is not enhanced.

[2022-12-21 12:16:39 #4 store] 
Database 'C:\Users\dam2alu13\git\Acceso_a_Datos\Acceso_a_datos1112\db\socios.odb' is closed by 1224@B01-PC05

[2022-12-21 12:16:42 #5 store] 
Database 'C:\Users\dam2alu13\git\Acceso_a_Datos\Acceso_a_datos1112\db\socios.odb' is opened by 1224@B01-PC05

[2022-12-21 12:16:42 #6 store] 
Configuration path: ?

[2022-12-21 12:16:42 #7 store] 
Database 'C:\Users\dam2alu13\git\Acceso_a_Datos\Acceso_a_datos1112\db\socios.odb' is closed by 1224@B01-PC05

[2022-12-21 12:16:43 #8 store] 
Database 'C:\Users\dam2alu13\git\Acceso_a_Datos\Acceso_a_datos1112\db\socios.odb' is opened by 1224@B01-PC05

[2022-12-21 12:16:43 #9 store] 
Configuration path: ?

[2022-12-21 12:16:43 #10 store] 
Database 'C:\Users\dam2alu13\git\Acceso_a_Datos\Acceso_a_datos1112\db\socios.odb' is closed by 1224@B01-PC05

[2022-12-21 12:16:43 #11 store] 
Database 'C:\Users\dam2alu13\git\Acceso_a_Datos\Acceso_a_datos1112\db\socios.odb' is opened by 1224@B01-PC05

[2022-12-21 12:16:43 #12 store] 
Configuration path: ?

[2022-12-21 12:16:43 #13 store] 
Database 'C:\Users\dam2alu13\git\Acceso_a_Datos\Acceso_a_datos1112\db\socios.odb' is closed by 1224@B01-PC05

[2022-12-21 12:16:44 #14 store] 
Database 'C:\Users\dam2alu13\git\Acceso_a_Datos\Acceso_a_datos1112\db\socios.odb' is opened by 1224@B01-PC05

[2022-12-21 12:16:44 #15 store] 
Configuration path: ?

[2022-12-21 12:16:44 #16 store] 
Database 'C:\Users\dam2alu13\git\Acceso_a_Datos\Acceso_a_datos1112\db\socios.odb' is closed by 1224@B01-PC05

[2022-12-21 12:16:44 #17 store] 
Database 'C:\Users\dam2alu13\git\Acceso_a_Datos\Acceso_a_datos1112\db\socios.odb' is opened by 1224@B01-PC05

[2022-12-21 12:16:44 #18 store] 
Configuration path: ?

[2022-12-21 12:16:44 #19 store] 
Database 'C:\Users\dam2alu13\git\Acceso_a_Datos\Acceso_a_datos1112\db\socios.odb' is closed by 1224@B01-PC05

[2022-12-21 12:16:44 #20 store] 
Database 'C:\Users\dam2alu13\git\Acceso_a_Datos\Acceso_a_datos1112\db\socios.odb' is opened by 1224@B01-PC05

[2022-12-21 12:16:44 #21 store] 
Configuration path: ?

[2022-12-21 12:16:44 #22 store] 
Database 'C:\Users\dam2alu13\git\Acceso_a_Datos\Acceso_a_datos1112\db\socios.odb' is closed by 1224@B01-PC05

[2022-12-21 12:16:44 #23 store] 
Database 'C:\Users\dam2alu13\git\Acceso_a_Datos\Acceso_a_datos1112\db\socios.odb' is opened by 1224@B01-PC05

[2022-12-21 12:16:44 #24 store] 
Configuration path: ?

[2022-12-21 12:16:44 #25 store] 
Database 'C:\Users\dam2alu13\git\Acceso_a_Datos\Acceso_a_datos1112\db\socios.odb' is closed by 1224@B01-PC05

[2022-12-21 12:16:44 #26 store] 
Database 'C:\Users\dam2alu13\git\Acceso_a_Datos\Acceso_a_datos1112\db\socios.odb' is opened by 1224@B01-PC05

[2022-12-21 12:16:44 #27 store] 
Configuration path: ?

[2022-12-21 12:16:44 #28 store] 
Database 'C:\Users\dam2alu13\git\Acceso_a_Datos\Acceso_a_datos1112\db\socios.odb' is closed by 1224@B01-PC05

[2022-12-21 12:16:45 #29 store] 
Database 'C:\Users\dam2alu13\git\Acceso_a_Datos\Acceso_a_datos1112\db\socios.odb' is opened by 1224@B01-PC05

[2022-12-21 12:16:45 #30 store] 
Configuration path: ?

[2022-12-21 12:16:45 #31 store] 
Database 'C:\Users\dam2alu13\git\Acceso_a_Datos\Acceso_a_datos1112\db\socios.odb' is closed by 1224@B01-PC05

[2022-12-21 12:16:45 #32 store] 
Database 'C:\Users\dam2alu13\git\Acceso_a_Datos\Acceso_a_datos1112\db\socios.odb' is opened by 1224@B01-PC05

[2022-12-21 12:16:45 #33 store] 
Configuration path: ?

[2022-12-21 12:16:45 #34 store] 
Database 'C:\Users\dam2alu13\git\Acceso_a_Datos\Acceso_a_datos1112\db\socios.odb' is closed by 1224@B01-PC05

------------------------------------------------------------------------------------------------------------------------

[2022-12-21 12:16:56 #1 store] 
Database 'C:\Users\dam2alu13\git\Acceso_a_Datos\Acceso_a_datos1112\db\socios.odb' is opened by 11152@B01-PC05

[2022-12-21 12:16:56 #2 store] 
Configuration path: ?

[2022-12-21 12:16:56 #3 type] 
Type ud5_sesion4.Socio is not enhanced.

[2022-12-21 12:16:56 #4 store] 
Database 'C:\Users\dam2alu13\git\Acceso_a_Datos\Acceso_a_datos1112\db\socios.odb' is closed by 11152@B01-PC05

[2022-12-21 12:16:57 #5 store] 
Database 'C:\Users\dam2alu13\git\Acceso_a_Datos\Acceso_a_datos1112\db\socios.odb' is opened by 11152@B01-PC05

[2022-12-21 12:16:57 #6 store] 
Configuration path: ?

[2022-12-21 12:16:57 #7 store] 
Database 'C:\Users\dam2alu13\git\Acceso_a_Datos\Acceso_a_datos1112\db\socios.odb' is closed by 11152@B01-PC05

[2022-12-21 12:16:58 #8 store] 
Database 'C:\Users\dam2alu13\git\Acceso_a_Datos\Acceso_a_datos1112\db\socios.odb' is opened by 11152@B01-PC05

[2022-12-21 12:16:58 #9 store] 
Configuration path: ?

[2022-12-21 12:16:58 #10 store] 
Database 'C:\Users\dam2alu13\git\Acceso_a_Datos\Acceso_a_datos1112\db\socios.odb' is closed by 11152@B01-PC05

[2022-12-21 12:16:58 #11 store] 
Database 'C:\Users\dam2alu13\git\Acceso_a_Datos\Acceso_a_datos1112\db\socios.odb' is opened by 11152@B01-PC05

[2022-12-21 12:16:58 #12 store] 
Configuration path: ?

[2022-12-21 12:16:58 #13 store] 
Database 'C:\Users\dam2alu13\git\Acceso_a_Datos\Acceso_a_datos1112\db\socios.odb' is closed by 11152@B01-PC05

[2022-12-21 12:16:58 #14 store] 
Database 'C:\Users\dam2alu13\git\Acceso_a_Datos\Acceso_a_datos1112\db\socios.odb' is opened by 11152@B01-PC05

[2022-12-21 12:16:58 #15 store] 
Configuration path: ?

[2022-12-21 12:16:58 #16 store] 
Database 'C:\Users\dam2alu13\git\Acceso_a_Datos\Acceso_a_datos1112\db\socios.odb' is closed by 11152@B01-PC05

[2022-12-21 12:16:58 #17 store] 
Database 'C:\Users\dam2alu13\git\Acceso_a_Datos\Acceso_a_datos1112\db\socios.odb' is opened by 11152@B01-PC05

[2022-12-21 12:16:58 #18 store] 
Configuration path: ?

[2022-12-21 12:16:58 #19 store] 
Database 'C:\Users\dam2alu13\git\Acceso_a_Datos\Acceso_a_datos1112\db\socios.odb' is closed by 11152@B01-PC05

[2022-12-21 12:16:58 #20 store] 
Database 'C:\Users\dam2alu13\git\Acceso_a_Datos\Acceso_a_datos1112\db\socios.odb' is opened by 11152@B01-PC05

[2022-12-21 12:16:58 #21 store] 
Configuration path: ?

[2022-12-21 12:16:58 #22 store] 
Database 'C:\Users\dam2alu13\git\Acceso_a_Datos\Acceso_a_datos1112\db\socios.odb' is closed by 11152@B01-PC05

[2022-12-21 12:16:59 #23 store] 
Database 'C:\Users\dam2alu13\git\Acceso_a_Datos\Acceso_a_datos1112\db\socios.odb' is opened by 11152@B01-PC05

[2022-12-21 12:16:59 #24 store] 
Configuration path: ?

[2022-12-21 12:16:59 #25 store] 
Database 'C:\Users\dam2alu13\git\Acceso_a_Datos\Acceso_a_datos1112\db\socios.odb' is closed by 11152@B01-PC05

[2022-12-21 12:16:59 #26 store] 
Database 'C:\Users\dam2alu13\git\Acceso_a_Datos\Acceso_a_datos1112\db\socios.odb' is opened by 11152@B01-PC05

[2022-12-21 12:16:59 #27 store] 
Configuration path: ?

[2022-12-21 12:16:59 #28 store] 
Database 'C:\Users\dam2alu13\git\Acceso_a_Datos\Acceso_a_datos1112\db\socios.odb' is closed by 11152@B01-PC05

------------------------------------------------------------------------------------------------------------------------

[2022-12-21 12:17:19 #1 store] 
Database 'C:\Users\dam2alu13\git\Acceso_a_Datos\Acceso_a_datos1112\db\socios.odb' is opened by 8308@B01-PC05

[2022-12-21 12:17:19 #2 store] 
Configuration path: ?

[2022-12-21 12:17:19 #3 type] 
Type ud5_sesion4.Socio is not enhanced.

[2022-12-21 12:17:21 #4 store] 
Database 'C:\Users\dam2alu13\git\Acceso_a_Datos\Acceso_a_datos1112\db\socios.odb' is closed by 8308@B01-PC05

[2022-12-21 12:17:23 #5 store] 
Database 'C:\Users\dam2alu13\git\Acceso_a_Datos\Acceso_a_datos1112\db\socios.odb' is opened by 8308@B01-PC05

[2022-12-21 12:17:23 #6 store] 
Configuration path: ?

[2022-12-21 12:17:23 #7 store] 
Database 'C:\Users\dam2alu13\git\Acceso_a_Datos\Acceso_a_datos1112\db\socios.odb' is closed by 8308@B01-PC05

[2022-12-21 12:17:24 #8 store] 
Database 'C:\Users\dam2alu13\git\Acceso_a_Datos\Acceso_a_datos1112\db\socios.odb' is opened by 8308@B01-PC05

[2022-12-21 12:17:24 #9 store] 
Configuration path: ?

[2022-12-21 12:17:24 #10 store] 
Database 'C:\Users\dam2alu13\git\Acceso_a_Datos\Acceso_a_datos1112\db\socios.odb' is closed by 8308@B01-PC05

[2022-12-21 12:17:26 #11 store] 
Database 'C:\Users\dam2alu13\git\Acceso_a_Datos\Acceso_a_datos1112\db\socios.odb' is opened by 8308@B01-PC05

[2022-12-21 12:17:26 #12 store] 
Configuration path: ?

[2022-12-21 12:17:26 #13 store] 
Database 'C:\Users\dam2alu13\git\Acceso_a_Datos\Acceso_a_datos1112\db\socios.odb' is closed by 8308@B01-PC05

[2022-12-21 12:17:27 #14 store] 
Database 'C:\Users\dam2alu13\git\Acceso_a_Datos\Acceso_a_datos1112\db\socios.odb' is opened by 8308@B01-PC05

[2022-12-21 12:17:27 #15 store] 
Configuration path: ?

[2022-12-21 12:17:27 #16 store] 
Database 'C:\Users\dam2alu13\git\Acceso_a_Datos\Acceso_a_datos1112\db\socios.odb' is closed by 8308@B01-PC05

[2022-12-21 12:17:28 #17 store] 
Database 'C:\Users\dam2alu13\git\Acceso_a_Datos\Acceso_a_datos1112\db\socios.odb' is opened by 8308@B01-PC05

[2022-12-21 12:17:28 #18 store] 
Configuration path: ?

------------------------------------------------------------------------------------------------------------------------

[2022-12-21 12:18:42 #1 store] 
Database 'C:\Users\dam2alu13\git\Acceso_a_Datos\Acceso_a_datos1112\db\socios.odb' is opened by 11772@B01-PC05

[2022-12-21 12:18:42 #2 store] 
Configuration path: ?

[2022-12-21 12:18:42 #3 type] 
Type ud5_sesion4.Socio is not enhanced.

[2022-12-21 12:18:42 #4 store] 
Database 'C:\Users\dam2alu13\git\Acceso_a_Datos\Acceso_a_datos1112\db\socios.odb' is closed by 11772@B01-PC05

[2022-12-21 12:18:43 #5 store] 
Database 'C:\Users\dam2alu13\git\Acceso_a_Datos\Acceso_a_datos1112\db\socios.odb' is opened by 11772@B01-PC05

[2022-12-21 12:18:43 #6 store] 
Configuration path: ?

[2022-12-21 12:18:43 #7 store] 
Database 'C:\Users\dam2alu13\git\Acceso_a_Datos\Acceso_a_datos1112\db\socios.odb' is closed by 11772@B01-PC05

[2022-12-21 12:18:43 #8 store] 
Database 'C:\Users\dam2alu13\git\Acceso_a_Datos\Acceso_a_datos1112\db\socios.odb' is opened by 11772@B01-PC05

[2022-12-21 12:18:43 #9 store] 
Configuration path: ?

[2022-12-21 12:18:43 #10 store] 
Database 'C:\Users\dam2alu13\git\Acceso_a_Datos\Acceso_a_datos1112\db\socios.odb' is closed by 11772@B01-PC05

[2022-12-21 12:18:45 #11 store] 
Database 'C:\Users\dam2alu13\git\Acceso_a_Datos\Acceso_a_datos1112\db\socios.odb' is opened by 11772@B01-PC05

[2022-12-21 12:18:45 #12 store] 
Configuration path: ?

[2022-12-21 12:18:45 #13 store] 
Database 'C:\Users\dam2alu13\git\Acceso_a_Datos\Acceso_a_datos1112\db\socios.odb' is closed by 11772@B01-PC05

------------------------------------------------------------------------------------------------------------------------

[2022-12-21 12:24:32 #1 store] 
Database 'C:\Users\dam2alu13\git\Acceso_a_Datos\Acceso_a_datos1112\db\socios.odb' is opened by 5640@B01-PC05

[2022-12-21 12:24:32 #2 store] 
Configuration path: ?

[2022-12-21 12:24:32 #3 type] 
Type ud5_sesion4.Socio is not enhanced.

[2022-12-21 12:24:32 #4 store] 
Database 'C:\Users\dam2alu13\git\Acceso_a_Datos\Acceso_a_datos1112\db\socios.odb' is closed by 5640@B01-PC05

[2022-12-21 12:24:33 #5 store] 
Database 'C:\Users\dam2alu13\git\Acceso_a_Datos\Acceso_a_datos1112\db\socios.odb' is opened by 5640@B01-PC05

[2022-12-21 12:24:33 #6 store] 
Configuration path: ?

------------------------------------------------------------------------------------------------------------------------

[2022-12-21 12:25:11 #1 store] 
Database 'C:\Users\dam2alu13\git\Acceso_a_Datos\Acceso_a_datos1112\db\socios.odb' is opened by 8820@B01-PC05

[2022-12-21 12:25:11 #2 store] 
Configuration path: ?

[2022-12-21 12:25:11 #3 type] 
Type ud5_sesion4.Socio is not enhanced.

[2022-12-21 12:25:11 #4 store] 
Database 'C:\Users\dam2alu13\git\Acceso_a_Datos\Acceso_a_datos1112\db\socios.odb' is closed by 8820@B01-PC05

[2022-12-21 12:25:12 #5 store] 
Database 'C:\Users\dam2alu13\git\Acceso_a_Datos\Acceso_a_datos1112\db\socios.odb' is opened by 8820@B01-PC05

[2022-12-21 12:25:12 #6 store] 
Configuration path: ?

[2022-12-21 12:25:12 #7 store] 
Database 'C:\Users\dam2alu13\git\Acceso_a_Datos\Acceso_a_datos1112\db\socios.odb' is closed by 8820@B01-PC05

[2022-12-21 12:25:13 #8 store] 
Database 'C:\Users\dam2alu13\git\Acceso_a_Datos\Acceso_a_datos1112\db\socios.odb' is opened by 8820@B01-PC05

[2022-12-21 12:25:13 #9 store] 
Configuration path: ?

[2022-12-21 12:25:13 #10 store] 
Database 'C:\Users\dam2alu13\git\Acceso_a_Datos\Acceso_a_datos1112\db\socios.odb' is closed by 8820@B01-PC05

[2022-12-21 12:25:14 #11 store] 
Database 'C:\Users\dam2alu13\git\Acceso_a_Datos\Acceso_a_datos1112\db\socios.odb' is opened by 8820@B01-PC05

[2022-12-21 12:25:14 #12 store] 
Configuration path: ?

[2022-12-21 12:25:14 #13 store] 
Database 'C:\Users\dam2alu13\git\Acceso_a_Datos\Acceso_a_datos1112\db\socios.odb' is closed by 8820@B01-PC05

[2022-12-21 12:25:14 #14 store] 
Database 'C:\Users\dam2alu13\git\Acceso_a_Datos\Acceso_a_datos1112\db\socios.odb' is opened by 8820@B01-PC05

[2022-12-21 12:25:14 #15 store] 
Configuration path: ?

[2022-12-21 12:25:14 #16 store] 
Database 'C:\Users\dam2alu13\git\Acceso_a_Datos\Acceso_a_datos1112\db\socios.odb' is closed by 8820@B01-PC05

[2022-12-21 12:25:15 #17 store] 
Database 'C:\Users\dam2alu13\git\Acceso_a_Datos\Acceso_a_datos1112\db\socios.odb' is opened by 8820@B01-PC05

[2022-12-21 12:25:15 #18 store] 
Configuration path: ?

[2022-12-21 12:25:15 #19 store] 
Database 'C:\Users\dam2alu13\git\Acceso_a_Datos\Acceso_a_datos1112\db\socios.odb' is closed by 8820@B01-PC05

[2022-12-21 12:25:32 #20 store] 
Database 'C:\Users\dam2alu13\git\Acceso_a_Datos\Acceso_a_datos1112\db\socios.odb' is opened by 8820@B01-PC05

[2022-12-21 12:25:32 #21 store] 
Configuration path: ?

[2022-12-21 12:25:32 #22 store] 
Database 'C:\Users\dam2alu13\git\Acceso_a_Datos\Acceso_a_datos1112\db\socios.odb' is closed by 8820@B01-PC05

[2022-12-21 12:25:32 #23 store] 
Database 'C:\Users\dam2alu13\git\Acceso_a_Datos\Acceso_a_datos1112\db\socios.odb' is opened by 8820@B01-PC05

[2022-12-21 12:25:32 #24 store] 
Configuration path: ?

[2022-12-21 12:25:33 #25 store] 
Database 'C:\Users\dam2alu13\git\Acceso_a_Datos\Acceso_a_datos1112\db\socios.odb' is closed by 8820@B01-PC05

[2022-12-21 12:25:36 #26 store] 
Database 'C:\Users\dam2alu13\git\Acceso_a_Datos\Acceso_a_datos1112\db\socios.odb' is opened by 8820@B01-PC05

[2022-12-21 12:25:36 #27 store] 
Configuration path: ?

[2022-12-21 12:25:36 #28 store] 
Database 'C:\Users\dam2alu13\git\Acceso_a_Datos\Acceso_a_datos1112\db\socios.odb' is closed by 8820@B01-PC05

[2022-12-21 12:25:36 #29 store] 
Database 'C:\Users\dam2alu13\git\Acceso_a_Datos\Acceso_a_datos1112\db\socios.odb' is opened by 8820@B01-PC05

[2022-12-21 12:25:36 #30 store] 
Configuration path: ?

[2022-12-21 12:25:36 #31 store] 
Database 'C:\Users\dam2alu13\git\Acceso_a_Datos\Acceso_a_datos1112\db\socios.odb' is closed by 8820@B01-PC05

[2022-12-21 12:25:36 #32 store] 
Database 'C:\Users\dam2alu13\git\Acceso_a_Datos\Acceso_a_datos1112\db\socios.odb' is opened by 8820@B01-PC05

[2022-12-21 12:25:36 #33 store] 
Configuration path: ?

[2022-12-21 12:25:36 #34 store] 
Database 'C:\Users\dam2alu13\git\Acceso_a_Datos\Acceso_a_datos1112\db\socios.odb' is closed by 8820@B01-PC05

[2022-12-21 12:25:37 #35 store] 
Database 'C:\Users\dam2alu13\git\Acceso_a_Datos\Acceso_a_datos1112\db\socios.odb' is opened by 8820@B01-PC05

[2022-12-21 12:25:37 #36 store] 
Configuration path: ?

[2022-12-21 12:25:37 #37 store] 
Database 'C:\Users\dam2alu13\git\Acceso_a_Datos\Acceso_a_datos1112\db\socios.odb' is closed by 8820@B01-PC05

------------------------------------------------------------------------------------------------------------------------

[2022-12-21 12:26:13 #1 store] 
Database 'C:\Users\dam2alu13\git\Acceso_a_Datos\Acceso_a_datos1112\db\socios.odb' is opened by 12008@B01-PC05

[2022-12-21 12:26:13 #2 store] 
Configuration path: ?

[2022-12-21 12:26:13 #3 type] 
Type ud5_sesion4.Socio is not enhanced.

[2022-12-21 12:26:14 #4 store] 
Database 'C:\Users\dam2alu13\git\Acceso_a_Datos\Acceso_a_datos1112\db\socios.odb' is closed by 12008@B01-PC05

[2022-12-21 12:26:17 #5 store] 
Database 'C:\Users\dam2alu13\git\Acceso_a_Datos\Acceso_a_datos1112\db\socios.odb' is opened by 12008@B01-PC05

[2022-12-21 12:26:17 #6 store] 
Configuration path: ?

[2022-12-21 12:26:17 #7 store] 
Database 'C:\Users\dam2alu13\git\Acceso_a_Datos\Acceso_a_datos1112\db\socios.odb' is closed by 12008@B01-PC05

[2022-12-21 12:26:18 #8 store] 
Database 'C:\Users\dam2alu13\git\Acceso_a_Datos\Acceso_a_datos1112\db\socios.odb' is opened by 12008@B01-PC05

[2022-12-21 12:26:18 #9 store] 
Configuration path: ?

[2022-12-21 12:26:18 #10 store] 
Database 'C:\Users\dam2alu13\git\Acceso_a_Datos\Acceso_a_datos1112\db\socios.odb' is closed by 12008@B01-PC05

[2022-12-21 12:26:18 #11 store] 
Database 'C:\Users\dam2alu13\git\Acceso_a_Datos\Acceso_a_datos1112\db\socios.odb' is opened by 12008@B01-PC05

[2022-12-21 12:26:18 #12 store] 
Configuration path: ?

[2022-12-21 12:26:18 #13 store] 
Database 'C:\Users\dam2alu13\git\Acceso_a_Datos\Acceso_a_datos1112\db\socios.odb' is closed by 12008@B01-PC05

[2022-12-21 12:26:19 #14 store] 
Database 'C:\Users\dam2alu13\git\Acceso_a_Datos\Acceso_a_datos1112\db\socios.odb' is opened by 12008@B01-PC05

[2022-12-21 12:26:19 #15 store] 
Configuration path: ?

[2022-12-21 12:26:19 #16 store] 
Database 'C:\Users\dam2alu13\git\Acceso_a_Datos\Acceso_a_datos1112\db\socios.odb' is closed by 12008@B01-PC05

[2022-12-21 12:26:19 #17 store] 
Database 'C:\Users\dam2alu13\git\Acceso_a_Datos\Acceso_a_datos1112\db\socios.odb' is opened by 12008@B01-PC05

[2022-12-21 12:26:19 #18 store] 
Configuration path: ?

[2022-12-21 12:26:19 #19 store] 
Database 'C:\Users\dam2alu13\git\Acceso_a_Datos\Acceso_a_datos1112\db\socios.odb' is closed by 12008@B01-PC05

[2022-12-21 12:26:19 #20 store] 
Database 'C:\Users\dam2alu13\git\Acceso_a_Datos\Acceso_a_datos1112\db\socios.odb' is opened by 12008@B01-PC05

[2022-12-21 12:26:19 #21 store] 
Configuration path: ?

[2022-12-21 12:26:19 #22 store] 
Database 'C:\Users\dam2alu13\git\Acceso_a_Datos\Acceso_a_datos1112\db\socios.odb' is closed by 12008@B01-PC05

[2022-12-21 12:26:19 #23 store] 
Database 'C:\Users\dam2alu13\git\Acceso_a_Datos\Acceso_a_datos1112\db\socios.odb' is opened by 12008@B01-PC05

[2022-12-21 12:26:19 #24 store] 
Configuration path: ?

[2022-12-21 12:26:20 #25 store] 
Database 'C:\Users\dam2alu13\git\Acceso_a_Datos\Acceso_a_datos1112\db\socios.odb' is closed by 12008@B01-PC05

[2022-12-21 12:26:20 #26 store] 
Database 'C:\Users\dam2alu13\git\Acceso_a_Datos\Acceso_a_datos1112\db\socios.odb' is opened by 12008@B01-PC05

[2022-12-21 12:26:20 #27 store] 
Configuration path: ?

[2022-12-21 12:26:20 #28 store] 
Database 'C:\Users\dam2alu13\git\Acceso_a_Datos\Acceso_a_datos1112\db\socios.odb' is closed by 12008@B01-PC05

[2022-12-21 12:26:20 #29 store] 
Database 'C:\Users\dam2alu13\git\Acceso_a_Datos\Acceso_a_datos1112\db\socios.odb' is opened by 12008@B01-PC05

[2022-12-21 12:26:20 #30 store] 
Configuration path: ?

[2022-12-21 12:26:20 #31 store] 
Database 'C:\Users\dam2alu13\git\Acceso_a_Datos\Acceso_a_datos1112\db\socios.odb' is closed by 12008@B01-PC05

------------------------------------------------------------------------------------------------------------------------

[2022-12-21 12:26:49 #1 store] 
Database 'C:\Users\dam2alu13\git\Acceso_a_Datos\Acceso_a_datos1112\db\socios.odb' is opened by 10788@B01-PC05

[2022-12-21 12:26:49 #2 store] 
Configuration path: ?

[2022-12-21 12:26:49 #3 type] 
Type ud5_sesion4.Socio is not enhanced.

[2022-12-21 12:26:49 #4 store] 
Database 'C:\Users\dam2alu13\git\Acceso_a_Datos\Acceso_a_datos1112\db\socios.odb' is closed by 10788@B01-PC05

[2022-12-21 12:26:50 #5 store] 
Database 'C:\Users\dam2alu13\git\Acceso_a_Datos\Acceso_a_datos1112\db\socios.odb' is opened by 10788@B01-PC05

[2022-12-21 12:26:50 #6 store] 
Configuration path: ?

[2022-12-21 12:26:50 #7 store] 
Database 'C:\Users\dam2alu13\git\Acceso_a_Datos\Acceso_a_datos1112\db\socios.odb' is closed by 10788@B01-PC05

[2022-12-21 12:26:53 #8 store] 
Database 'C:\Users\dam2alu13\git\Acceso_a_Datos\Acceso_a_datos1112\db\socios.odb' is opened by 10788@B01-PC05

[2022-12-21 12:26:53 #9 store] 
Configuration path: ?

[2022-12-21 12:26:54 #10 store] 
Database 'C:\Users\dam2alu13\git\Acceso_a_Datos\Acceso_a_datos1112\db\socios.odb' is closed by 10788@B01-PC05

[2022-12-21 12:26:55 #11 store] 
Database 'C:\Users\dam2alu13\git\Acceso_a_Datos\Acceso_a_datos1112\db\socios.odb' is opened by 10788@B01-PC05

[2022-12-21 12:26:55 #12 store] 
Configuration path: ?

[2022-12-21 12:26:55 #13 store] 
Database 'C:\Users\dam2alu13\git\Acceso_a_Datos\Acceso_a_datos1112\db\socios.odb' is closed by 10788@B01-PC05

[2022-12-21 12:26:55 #14 store] 
Database 'C:\Users\dam2alu13\git\Acceso_a_Datos\Acceso_a_datos1112\db\socios.odb' is opened by 10788@B01-PC05

[2022-12-21 12:26:55 #15 store] 
Configuration path: ?

[2022-12-21 12:26:55 #16 store] 
Database 'C:\Users\dam2alu13\git\Acceso_a_Datos\Acceso_a_datos1112\db\socios.odb' is closed by 10788@B01-PC05

[2022-12-21 12:26:55 #17 store] 
Database 'C:\Users\dam2alu13\git\Acceso_a_Datos\Acceso_a_datos1112\db\socios.odb' is opened by 10788@B01-PC05

[2022-12-21 12:26:55 #18 store] 
Configuration path: ?

[2022-12-21 12:26:55 #19 store] 
Database 'C:\Users\dam2alu13\git\Acceso_a_Datos\Acceso_a_datos1112\db\socios.odb' is closed by 10788@B01-PC05

[2022-12-21 12:26:56 #20 store] 
Database 'C:\Users\dam2alu13\git\Acceso_a_Datos\Acceso_a_datos1112\db\socios.odb' is opened by 10788@B01-PC05

[2022-12-21 12:26:56 #21 store] 
Configuration path: ?

[2022-12-21 12:26:56 #22 store] 
Database 'C:\Users\dam2alu13\git\Acceso_a_Datos\Acceso_a_datos1112\db\socios.odb' is closed by 10788@B01-PC05

[2022-12-21 12:26:56 #23 store] 
Database 'C:\Users\dam2alu13\git\Acceso_a_Datos\Acceso_a_datos1112\db\socios.odb' is opened by 10788@B01-PC05

[2022-12-21 12:26:56 #24 store] 
Configuration path: ?

[2022-12-21 12:26:56 #25 store] 
Database 'C:\Users\dam2alu13\git\Acceso_a_Datos\Acceso_a_datos1112\db\socios.odb' is closed by 10788@B01-PC05

[2022-12-21 12:26:56 #26 store] 
Database 'C:\Users\dam2alu13\git\Acceso_a_Datos\Acceso_a_datos1112\db\socios.odb' is opened by 10788@B01-PC05

[2022-12-21 12:26:56 #27 store] 
Configuration path: ?

[2022-12-21 12:26:56 #28 store] 
Database 'C:\Users\dam2alu13\git\Acceso_a_Datos\Acceso_a_datos1112\db\socios.odb' is closed by 10788@B01-PC05

[2022-12-21 12:26:56 #29 store] 
Database 'C:\Users\dam2alu13\git\Acceso_a_Datos\Acceso_a_datos1112\db\socios.odb' is opened by 10788@B01-PC05

[2022-12-21 12:26:56 #30 store] 
Configuration path: ?

[2022-12-21 12:26:56 #31 store] 
Database 'C:\Users\dam2alu13\git\Acceso_a_Datos\Acceso_a_datos1112\db\socios.odb' is closed by 10788@B01-PC05

[2022-12-21 12:26:57 #32 store] 
Database 'C:\Users\dam2alu13\git\Acceso_a_Datos\Acceso_a_datos1112\db\socios.odb' is opened by 10788@B01-PC05

[2022-12-21 12:26:57 #33 store] 
Configuration path: ?

[2022-12-21 12:26:57 #34 store] 
Database 'C:\Users\dam2alu13\git\Acceso_a_Datos\Acceso_a_datos1112\db\socios.odb' is closed by 10788@B01-PC05

[2022-12-21 12:26:57 #35 store] 
Database 'C:\Users\dam2alu13\git\Acceso_a_Datos\Acceso_a_datos1112\db\socios.odb' is opened by 10788@B01-PC05

[2022-12-21 12:26:57 #36 store] 
Configuration path: ?

[2022-12-21 12:26:57 #37 store] 
Database 'C:\Users\dam2alu13\git\Acceso_a_Datos\Acceso_a_datos1112\db\socios.odb' is closed by 10788@B01-PC05

------------------------------------------------------------------------------------------------------------------------

[2022-12-21 12:27:07 #1 store] 
Database 'C:\Users\dam2alu13\git\Acceso_a_Datos\Acceso_a_datos1112\db\socios.odb' is opened by 1772@B01-PC05

[2022-12-21 12:27:07 #2 store] 
Configuration path: ?

[2022-12-21 12:27:07 #3 type] 
Type ud5_sesion4.Socio is not enhanced.

[2022-12-21 12:27:07 #4 store] 
Database 'C:\Users\dam2alu13\git\Acceso_a_Datos\Acceso_a_datos1112\db\socios.odb' is closed by 1772@B01-PC05

[2022-12-21 12:27:08 #5 store] 
Database 'C:\Users\dam2alu13\git\Acceso_a_Datos\Acceso_a_datos1112\db\socios.odb' is opened by 1772@B01-PC05

[2022-12-21 12:27:08 #6 store] 
Configuration path: ?

[2022-12-21 12:27:08 #7 store] 
Database 'C:\Users\dam2alu13\git\Acceso_a_Datos\Acceso_a_datos1112\db\socios.odb' is closed by 1772@B01-PC05

[2022-12-21 12:27:09 #8 store] 
Database 'C:\Users\dam2alu13\git\Acceso_a_Datos\Acceso_a_datos1112\db\socios.odb' is opened by 1772@B01-PC05

[2022-12-21 12:27:09 #9 store] 
Configuration path: ?

[2022-12-21 12:27:09 #10 store] 
Database 'C:\Users\dam2alu13\git\Acceso_a_Datos\Acceso_a_datos1112\db\socios.odb' is closed by 1772@B01-PC05

[2022-12-21 12:27:10 #11 store] 
Database 'C:\Users\dam2alu13\git\Acceso_a_Datos\Acceso_a_datos1112\db\socios.odb' is opened by 1772@B01-PC05

[2022-12-21 12:27:10 #12 store] 
Configuration path: ?

[2022-12-21 12:27:10 #13 store] 
Database 'C:\Users\dam2alu13\git\Acceso_a_Datos\Acceso_a_datos1112\db\socios.odb' is closed by 1772@B01-PC05

[2022-12-21 12:27:11 #14 store] 
Database 'C:\Users\dam2alu13\git\Acceso_a_Datos\Acceso_a_datos1112\db\socios.odb' is opened by 1772@B01-PC05

[2022-12-21 12:27:11 #15 store] 
Configuration path: ?

------------------------------------------------------------------------------------------------------------------------

[2022-12-21 12:28:21 #1 store] 
Database 'C:\Users\dam2alu13\git\Acceso_a_Datos\Acceso_a_datos1112\db\socios.odb' is opened by 3676@B01-PC05

[2022-12-21 12:28:21 #2 store] 
Configuration path: ?

[2022-12-21 12:28:21 #3 type] 
Type ud5_sesion4.Socio is not enhanced.

[2022-12-21 12:28:22 #4 store] 
Database 'C:\Users\dam2alu13\git\Acceso_a_Datos\Acceso_a_datos1112\db\socios.odb' is closed by 3676@B01-PC05

[2022-12-21 12:28:22 #5 store] 
Database 'C:\Users\dam2alu13\git\Acceso_a_Datos\Acceso_a_datos1112\db\socios.odb' is opened by 3676@B01-PC05

[2022-12-21 12:28:22 #6 store] 
Configuration path: ?

[2022-12-21 12:28:22 #7 store] 
Database 'C:\Users\dam2alu13\git\Acceso_a_Datos\Acceso_a_datos1112\db\socios.odb' is closed by 3676@B01-PC05

[2022-12-21 12:28:22 #8 store] 
Database 'C:\Users\dam2alu13\git\Acceso_a_Datos\Acceso_a_datos1112\db\socios.odb' is opened by 3676@B01-PC05

[2022-12-21 12:28:22 #9 store] 
Configuration path: ?

[2022-12-21 12:28:22 #10 store] 
Database 'C:\Users\dam2alu13\git\Acceso_a_Datos\Acceso_a_datos1112\db\socios.odb' is closed by 3676@B01-PC05

[2022-12-21 12:28:23 #11 store] 
Database 'C:\Users\dam2alu13\git\Acceso_a_Datos\Acceso_a_datos1112\db\socios.odb' is opened by 3676@B01-PC05

[2022-12-21 12:28:23 #12 store] 
Configuration path: ?

[2022-12-21 12:28:23 #13 store] 
Database 'C:\Users\dam2alu13\git\Acceso_a_Datos\Acceso_a_datos1112\db\socios.odb' is closed by 3676@B01-PC05

[2022-12-21 12:28:23 #14 store] 
Database 'C:\Users\dam2alu13\git\Acceso_a_Datos\Acceso_a_datos1112\db\socios.odb' is opened by 3676@B01-PC05

[2022-12-21 12:28:23 #15 store] 
Configuration path: ?

------------------------------------------------------------------------------------------------------------------------

[2022-12-21 12:28:43 #1 store] 
Database 'C:\Users\dam2alu13\git\Acceso_a_Datos\Acceso_a_datos1112\db\socios.odb' is opened by 5968@B01-PC05

[2022-12-21 12:28:43 #2 store] 
Configuration path: ?

[2022-12-21 12:28:43 #3 type] 
Type ud5_sesion4.Socio is not enhanced.

[2022-12-21 12:28:43 #4 store] 
Database 'C:\Users\dam2alu13\git\Acceso_a_Datos\Acceso_a_datos1112\db\socios.odb' is closed by 5968@B01-PC05

[2022-12-21 12:28:43 #5 store] 
Database 'C:\Users\dam2alu13\git\Acceso_a_Datos\Acceso_a_datos1112\db\socios.odb' is opened by 5968@B01-PC05

[2022-12-21 12:28:43 #6 store] 
Configuration path: ?

[2022-12-21 12:28:43 #7 store] 
Database 'C:\Users\dam2alu13\git\Acceso_a_Datos\Acceso_a_datos1112\db\socios.odb' is closed by 5968@B01-PC05

[2022-12-21 12:28:44 #8 store] 
Database 'C:\Users\dam2alu13\git\Acceso_a_Datos\Acceso_a_datos1112\db\socios.odb' is opened by 5968@B01-PC05

[2022-12-21 12:28:44 #9 store] 
Configuration path: ?

[2022-12-21 12:28:44 #10 store] 
Database 'C:\Users\dam2alu13\git\Acceso_a_Datos\Acceso_a_datos1112\db\socios.odb' is closed by 5968@B01-PC05

[2022-12-21 12:28:44 #11 store] 
Database 'C:\Users\dam2alu13\git\Acceso_a_Datos\Acceso_a_datos1112\db\socios.odb' is opened by 5968@B01-PC05

[2022-12-21 12:28:44 #12 store] 
Configuration path: ?

[2022-12-21 12:28:44 #13 store] 
Database 'C:\Users\dam2alu13\git\Acceso_a_Datos\Acceso_a_datos1112\db\socios.odb' is closed by 5968@B01-PC05

[2022-12-21 12:28:48 #14 store] 
Database 'C:\Users\dam2alu13\git\Acceso_a_Datos\Acceso_a_datos1112\db\socios.odb' is opened by 5968@B01-PC05

[2022-12-21 12:28:48 #15 store] 
Configuration path: ?

